<?xml version="1.0" encoding="UTF-8"?>
<testsuite xmlns:xsi="http://www.w3.org/2001/XMLSchema-instance" xsi:noNamespaceSchemaLocation="https://maven.apache.org/surefire/maven-surefire-plugin/xsd/surefire-test-report-3.0.xsd" version="3.0" name="com.pelotoniq.cycling.repository.RiderRepositoryTest" time="0.175" tests="30" errors="0" skipped="0" failures="0">
  <properties>
[...]
</properties>
  <testcase name="shouldFindRidersByNameSearchCaseInsensitive" classname="com.pelotoniq.cycling.repository.RiderRepositoryTest" time="0.02">
    <system-out><![CDATA[&amp#27;[2m2025-08-15T11:37:15.308-07:00&amp#27;[0;39m &amp#27;[32m INFO&amp#27;[0;39m &amp#27;[35m28291&amp#27;[0;39m &amp#27;[2m---&amp#27;[0;39m &amp#27;[2m[           main]&amp#27;[0;39m &amp#27;[36mt.c.s.AnnotationConfigContextLoaderUtils&amp#27;[0;39m &amp#27;[2m:&amp#27;[0;39m Could not detect default configuration classes for test class [com.pelotoniq.cycling.repository.RiderRepositoryTest]: RiderRepositoryTest does not declare any static, non-private, non-final, nested classes annotated with @Configuration.
&amp#27;[2m2025-08-15T11:37:15.310-07:00&amp#27;[0;39m &amp#27;[32m INFO&amp#27;[0;39m &amp#27;[35m28291&amp#27;[0;39m &amp#27;[2m---&amp#27;[0;39m &amp#27;[2m[           main]&amp#27;[0;39m &amp#27;[36m.b.t.c.SpringBootTestContextBootstrapper&amp#27;[0;39m &amp#27;[2m:&amp#27;[0;39m Found @SpringBootConfiguration com.pelotoniq.cycling.CyclingApiApplication for test class com.pelotoniq.cycling.repository.RiderRepositoryTest
&amp#27;[2m2025-08-15T11:37:15.322-07:00&amp#27;[0;39m &amp#27;[32mDEBUG&amp#27;[0;39m &amp#27;[35m28291&amp#27;[0;39m &amp#27;[2m---&amp#27;[0;39m &amp#27;[2m[           main]&amp#27;[0;39m &amp#27;[36morg.hibernate.SQL                       &amp#27;[0;39m &amp#27;[2m:&amp#27;[0;39m 
    insert 
    into
        riders
        (active,created_at,date_of_birth,email,first_name,ftp_watts,height_cm,last_name,nationality,specialization,team,updated_at,version,weight_kg,id) 
    values
        (?,?,?,?,?,?,?,?,?,?,?,?,?,?,default)
Hibernate: 
    insert 
    into
        riders
        (active,created_at,date_of_birth,email,first_name,ftp_watts,height_cm,last_name,nationality,specialization,team,updated_at,version,weight_kg,id) 
    values
        (?,?,?,?,?,?,?,?,?,?,?,?,?,?,default)
&amp#27;[2m2025-08-15T11:37:15.326-07:00&amp#27;[0;39m &amp#27;[32mDEBUG&amp#27;[0;39m &amp#27;[35m28291&amp#27;[0;39m &amp#27;[2m---&amp#27;[0;39m &amp#27;[2m[           main]&amp#27;[0;39m &amp#27;[36morg.hibernate.SQL                       &amp#27;[0;39m &amp#27;[2m:&amp#27;[0;39m 
    insert 
    into
        riders
        (active,created_at,date_of_birth,email,first_name,ftp_watts,height_cm,last_name,nationality,specialization,team,updated_at,version,weight_kg,id) 
    values
        (?,?,?,?,?,?,?,?,?,?,?,?,?,?,default)
Hibernate: 
    insert 
    into
        riders
        (active,created_at,date_of_birth,email,first_name,ftp_watts,height_cm,last_name,nationality,specialization,team,updated_at,version,weight_kg,id) 
    values
        (?,?,?,?,?,?,?,?,?,?,?,?,?,?,default)
&amp#27;[2m2025-08-15T11:37:15.327-07:00&amp#27;[0;39m &amp#27;[32mDEBUG&amp#27;[0;39m &amp#27;[35m28291&amp#27;[0;39m &amp#27;[2m---&amp#27;[0;39m &amp#27;[2m[           main]&amp#27;[0;39m &amp#27;[36morg.hibernate.SQL                       &amp#27;[0;39m &amp#27;[2m:&amp#27;[0;39m 
    insert 
    into
        riders
        (active,created_at,date_of_birth,email,first_name,ftp_watts,height_cm,last_name,nationality,specialization,team,updated_at,version,weight_kg,id) 
    values
        (?,?,?,?,?,?,?,?,?,?,?,?,?,?,default)
Hibernate: 
    insert 
    into
        riders
        (active,created_at,date_of_birth,email,first_name,ftp_watts,height_cm,last_name,nationality,specialization,team,updated_at,version,weight_kg,id) 
    values
        (?,?,?,?,?,?,?,?,?,?,?,?,?,?,default)
&amp#27;[2m2025-08-15T11:37:15.328-07:00&amp#27;[0;39m &amp#27;[32mDEBUG&amp#27;[0;39m &amp#27;[35m28291&amp#27;[0;39m &amp#27;[2m---&amp#27;[0;39m &amp#27;[2m[           main]&amp#27;[0;39m &amp#27;[36morg.hibernate.SQL                       &amp#27;[0;39m &amp#27;[2m:&amp#27;[0;39m 
    insert 
    into
        riders
        (active,created_at,date_of_birth,email,first_name,ftp_watts,height_cm,last_name,nationality,specialization,team,updated_at,version,weight_kg,id) 
    values
        (?,?,?,?,?,?,?,?,?,?,?,?,?,?,default)
Hibernate: 
    insert 
    into
        riders
        (active,created_at,date_of_birth,email,first_name,ftp_watts,height_cm,last_name,nationality,specialization,team,updated_at,version,weight_kg,id) 
    values
        (?,?,?,?,?,?,?,?,?,?,?,?,?,?,default)
&amp#27;[2m2025-08-15T11:37:15.330-07:00&amp#27;[0;39m &amp#27;[32mDEBUG&amp#27;[0;39m &amp#27;[35m28291&amp#27;[0;39m &amp#27;[2m---&amp#27;[0;39m &amp#27;[2m[           main]&amp#27;[0;39m &amp#27;[36morg.hibernate.SQL                       &amp#27;[0;39m &amp#27;[2m:&amp#27;[0;39m 
    select
        r1_0.id,
        r1_0.active,
        r1_0.created_at,
        r1_0.date_of_birth,
        r1_0.email,
        r1_0.first_name,
        r1_0.ftp_watts,
        r1_0.height_cm,
        r1_0.last_name,
        r1_0.nationality,
        r1_0.specialization,
        r1_0.team,
        r1_0.updated_at,
        r1_0.version,
        r1_0.weight_kg 
    from
        riders r1_0 
    where
        lower(r1_0.first_name) like lower(('%'||?||'%')) escape '' 
        or lower(r1_0.last_name) like lower(('%'||?||'%')) escape ''
Hibernate: 
    select
        r1_0.id,
        r1_0.active,
        r1_0.created_at,
        r1_0.date_of_birth,
        r1_0.email,
        r1_0.first_name,
        r1_0.ftp_watts,
        r1_0.height_cm,
        r1_0.last_name,
        r1_0.nationality,
        r1_0.specialization,
        r1_0.team,
        r1_0.updated_at,
        r1_0.version,
        r1_0.weight_kg 
    from
        riders r1_0 
    where
        lower(r1_0.first_name) like lower(('%'||?||'%')) escape '' 
        or lower(r1_0.last_name) like lower(('%'||?||'%')) escape ''
]]></system-out>
  </testcase>
  <testcase name="shouldFindRidersWithMinimumRaceCount" classname="com.pelotoniq.cycling.repository.RiderRepositoryTest" time="0.006">
    <system-out><![CDATA[&amp#27;[2m2025-08-15T11:37:15.334-07:00&amp#27;[0;39m &amp#27;[32mDEBUG&amp#27;[0;39m &amp#27;[35m28291&amp#27;[0;39m &amp#27;[2m---&amp#27;[0;39m &amp#27;[2m[           main]&amp#27;[0;39m &amp#27;[36morg.hibernate.SQL                       &amp#27;[0;39m &amp#27;[2m:&amp#27;[0;39m 
    insert 
    into
        riders
        (active,created_at,date_of_birth,email,first_name,ftp_watts,height_cm,last_name,nationality,specialization,team,updated_at,version,weight_kg,id) 
    values
        (?,?,?,?,?,?,?,?,?,?,?,?,?,?,default)
Hibernate: 
    insert 
    into
        riders
        (active,created_at,date_of_birth,email,first_name,ftp_watts,height_cm,last_name,nationality,specialization,team,updated_at,version,weight_kg,id) 
    values
        (?,?,?,?,?,?,?,?,?,?,?,?,?,?,default)
&amp#27;[2m2025-08-15T11:37:15.335-07:00&amp#27;[0;39m &amp#27;[32mDEBUG&amp#27;[0;39m &amp#27;[35m28291&amp#27;[0;39m &amp#27;[2m---&amp#27;[0;39m &amp#27;[2m[           main]&amp#27;[0;39m &amp#27;[36morg.hibernate.SQL                       &amp#27;[0;39m &amp#27;[2m:&amp#27;[0;39m 
    insert 
    into
        riders
        (active,created_at,date_of_birth,email,first_name,ftp_watts,height_cm,last_name,nationality,specialization,team,updated_at,version,weight_kg,id) 
    values
        (?,?,?,?,?,?,?,?,?,?,?,?,?,?,default)
Hibernate: 
    insert 
    into
        riders
        (active,created_at,date_of_birth,email,first_name,ftp_watts,height_cm,last_name,nationality,specialization,team,updated_at,version,weight_kg,id) 
    values
        (?,?,?,?,?,?,?,?,?,?,?,?,?,?,default)
&amp#27;[2m2025-08-15T11:37:15.335-07:00&amp#27;[0;39m &amp#27;[32mDEBUG&amp#27;[0;39m &amp#27;[35m28291&amp#27;[0;39m &amp#27;[2m---&amp#27;[0;39m &amp#27;[2m[           main]&amp#27;[0;39m &amp#27;[36morg.hibernate.SQL                       &amp#27;[0;39m &amp#27;[2m:&amp#27;[0;39m 
    insert 
    into
        riders
        (active,created_at,date_of_birth,email,first_name,ftp_watts,height_cm,last_name,nationality,specialization,team,updated_at,version,weight_kg,id) 
    values
        (?,?,?,?,?,?,?,?,?,?,?,?,?,?,default)
Hibernate: 
    insert 
    into
        riders
        (active,created_at,date_of_birth,email,first_name,ftp_watts,height_cm,last_name,nationality,specialization,team,updated_at,version,weight_kg,id) 
    values
        (?,?,?,?,?,?,?,?,?,?,?,?,?,?,default)
&amp#27;[2m2025-08-15T11:37:15.336-07:00&amp#27;[0;39m &amp#27;[32mDEBUG&amp#27;[0;39m &amp#27;[35m28291&amp#27;[0;39m &amp#27;[2m---&amp#27;[0;39m &amp#27;[2m[           main]&amp#27;[0;39m &amp#27;[36morg.hibernate.SQL                       &amp#27;[0;39m &amp#27;[2m:&amp#27;[0;39m 
    insert 
    into
        riders
        (active,created_at,date_of_birth,email,first_name,ftp_watts,height_cm,last_name,nationality,specialization,team,updated_at,version,weight_kg,id) 
    values
        (?,?,?,?,?,?,?,?,?,?,?,?,?,?,default)
Hibernate: 
    insert 
    into
        riders
        (active,created_at,date_of_birth,email,first_name,ftp_watts,height_cm,last_name,nationality,specialization,team,updated_at,version,weight_kg,id) 
    values
        (?,?,?,?,?,?,?,?,?,?,?,?,?,?,default)
&amp#27;[2m2025-08-15T11:37:15.337-07:00&amp#27;[0;39m &amp#27;[32mDEBUG&amp#27;[0;39m &amp#27;[35m28291&amp#27;[0;39m &amp#27;[2m---&amp#27;[0;39m &amp#27;[2m[           main]&amp#27;[0;39m &amp#27;[36morg.hibernate.SQL                       &amp#27;[0;39m &amp#27;[2m:&amp#27;[0;39m 
    select
        r1_0.id,
        r1_0.active,
        r1_0.created_at,
        r1_0.date_of_birth,
        r1_0.email,
        r1_0.first_name,
        r1_0.ftp_watts,
        r1_0.height_cm,
        r1_0.last_name,
        r1_0.nationality,
        r1_0.specialization,
        r1_0.team,
        r1_0.updated_at,
        r1_0.version,
        r1_0.weight_kg 
    from
        riders r1_0 
    where
        (
            select
                count(1) 
            from
                race_participants r2_0 
            where
                r1_0.id=r2_0.rider_id
        )>=?
Hibernate: 
    select
        r1_0.id,
        r1_0.active,
        r1_0.created_at,
        r1_0.date_of_birth,
        r1_0.email,
        r1_0.first_name,
        r1_0.ftp_watts,
        r1_0.height_cm,
        r1_0.last_name,
        r1_0.nationality,
        r1_0.specialization,
        r1_0.team,
        r1_0.updated_at,
        r1_0.version,
        r1_0.weight_kg 
    from
        riders r1_0 
    where
        (
            select
                count(1) 
            from
                race_participants r2_0 
            where
                r1_0.id=r2_0.rider_id
        )>=?
]]></system-out>
  </testcase>
  <testcase name="shouldReturnEmptyListForHighMinimumRaceCount" classname="com.pelotoniq.cycling.repository.RiderRepositoryTest" time="0.005">
    <system-out><![CDATA[&amp#27;[2m2025-08-15T11:37:15.340-07:00&amp#27;[0;39m &amp#27;[32mDEBUG&amp#27;[0;39m &amp#27;[35m28291&amp#27;[0;39m &amp#27;[2m---&amp#27;[0;39m &amp#27;[2m[           main]&amp#27;[0;39m &amp#27;[36morg.hibernate.SQL                       &amp#27;[0;39m &amp#27;[2m:&amp#27;[0;39m 
    insert 
    into
        riders
        (active,created_at,date_of_birth,email,first_name,ftp_watts,height_cm,last_name,nationality,specialization,team,updated_at,version,weight_kg,id) 
    values
        (?,?,?,?,?,?,?,?,?,?,?,?,?,?,default)
Hibernate: 
    insert 
    into
        riders
        (active,created_at,date_of_birth,email,first_name,ftp_watts,height_cm,last_name,nationality,specialization,team,updated_at,version,weight_kg,id) 
    values
        (?,?,?,?,?,?,?,?,?,?,?,?,?,?,default)
&amp#27;[2m2025-08-15T11:37:15.341-07:00&amp#27;[0;39m &amp#27;[32mDEBUG&amp#27;[0;39m &amp#27;[35m28291&amp#27;[0;39m &amp#27;[2m---&amp#27;[0;39m &amp#27;[2m[           main]&amp#27;[0;39m &amp#27;[36morg.hibernate.SQL                       &amp#27;[0;39m &amp#27;[2m:&amp#27;[0;39m 
    insert 
    into
        riders
        (active,created_at,date_of_birth,email,first_name,ftp_watts,height_cm,last_name,nationality,specialization,team,updated_at,version,weight_kg,id) 
    values
        (?,?,?,?,?,?,?,?,?,?,?,?,?,?,default)
Hibernate: 
    insert 
    into
        riders
        (active,created_at,date_of_birth,email,first_name,ftp_watts,height_cm,last_name,nationality,specialization,team,updated_at,version,weight_kg,id) 
    values
        (?,?,?,?,?,?,?,?,?,?,?,?,?,?,default)
&amp#27;[2m2025-08-15T11:37:15.342-07:00&amp#27;[0;39m &amp#27;[32mDEBUG&amp#27;[0;39m &amp#27;[35m28291&amp#27;[0;39m &amp#27;[2m---&amp#27;[0;39m &amp#27;[2m[           main]&amp#27;[0;39m &amp#27;[36morg.hibernate.SQL                       &amp#27;[0;39m &amp#27;[2m:&amp#27;[0;39m 
    insert 
    into
        riders
        (active,created_at,date_of_birth,email,first_name,ftp_watts,height_cm,last_name,nationality,specialization,team,updated_at,version,weight_kg,id) 
    values
        (?,?,?,?,?,?,?,?,?,?,?,?,?,?,default)
Hibernate: 
    insert 
    into
        riders
        (active,created_at,date_of_birth,email,first_name,ftp_watts,height_cm,last_name,nationality,specialization,team,updated_at,version,weight_kg,id) 
    values
        (?,?,?,?,?,?,?,?,?,?,?,?,?,?,default)
&amp#27;[2m2025-08-15T11:37:15.342-07:00&amp#27;[0;39m &amp#27;[32mDEBUG&amp#27;[0;39m &amp#27;[35m28291&amp#27;[0;39m &amp#27;[2m---&amp#27;[0;39m &amp#27;[2m[           main]&amp#27;[0;39m &amp#27;[36morg.hibernate.SQL                       &amp#27;[0;39m &amp#27;[2m:&amp#27;[0;39m 
    insert 
    into
        riders
        (active,created_at,date_of_birth,email,first_name,ftp_watts,height_cm,last_name,nationality,specialization,team,updated_at,version,weight_kg,id) 
    values
        (?,?,?,?,?,?,?,?,?,?,?,?,?,?,default)
Hibernate: 
    insert 
    into
        riders
        (active,created_at,date_of_birth,email,first_name,ftp_watts,height_cm,last_name,nationality,specialization,team,updated_at,version,weight_kg,id) 
    values
        (?,?,?,?,?,?,?,?,?,?,?,?,?,?,default)
&amp#27;[2m2025-08-15T11:37:15.343-07:00&amp#27;[0;39m &amp#27;[32mDEBUG&amp#27;[0;39m &amp#27;[35m28291&amp#27;[0;39m &amp#27;[2m---&amp#27;[0;39m &amp#27;[2m[           main]&amp#27;[0;39m &amp#27;[36morg.hibernate.SQL                       &amp#27;[0;39m &amp#27;[2m:&amp#27;[0;39m 
    select
        r1_0.id,
        r1_0.active,
        r1_0.created_at,
        r1_0.date_of_birth,
        r1_0.email,
        r1_0.first_name,
        r1_0.ftp_watts,
        r1_0.height_cm,
        r1_0.last_name,
        r1_0.nationality,
        r1_0.specialization,
        r1_0.team,
        r1_0.updated_at,
        r1_0.version,
        r1_0.weight_kg 
    from
        riders r1_0 
    where
        (
            select
                count(1) 
            from
                race_participants r2_0 
            where
                r1_0.id=r2_0.rider_id
        )>=?
Hibernate: 
    select
        r1_0.id,
        r1_0.active,
        r1_0.created_at,
        r1_0.date_of_birth,
        r1_0.email,
        r1_0.first_name,
        r1_0.ftp_watts,
        r1_0.height_cm,
        r1_0.last_name,
        r1_0.nationality,
        r1_0.specialization,
        r1_0.team,
        r1_0.updated_at,
        r1_0.version,
        r1_0.weight_kg 
    from
        riders r1_0 
    where
        (
            select
                count(1) 
            from
                race_participants r2_0 
            where
                r1_0.id=r2_0.rider_id
        )>=?
]]></system-out>
  </testcase>
  <testcase name="shouldFindOnlyActiveRiders" classname="com.pelotoniq.cycling.repository.RiderRepositoryTest" time="0.006">
    <system-out><![CDATA[&amp#27;[2m2025-08-15T11:37:15.346-07:00&amp#27;[0;39m &amp#27;[32mDEBUG&amp#27;[0;39m &amp#27;[35m28291&amp#27;[0;39m &amp#27;[2m---&amp#27;[0;39m &amp#27;[2m[           main]&amp#27;[0;39m &amp#27;[36morg.hibernate.SQL                       &amp#27;[0;39m &amp#27;[2m:&amp#27;[0;39m 
    insert 
    into
        riders
        (active,created_at,date_of_birth,email,first_name,ftp_watts,height_cm,last_name,nationality,specialization,team,updated_at,version,weight_kg,id) 
    values
        (?,?,?,?,?,?,?,?,?,?,?,?,?,?,default)
Hibernate: 
    insert 
    into
        riders
        (active,created_at,date_of_birth,email,first_name,ftp_watts,height_cm,last_name,nationality,specialization,team,updated_at,version,weight_kg,id) 
    values
        (?,?,?,?,?,?,?,?,?,?,?,?,?,?,default)
&amp#27;[2m2025-08-15T11:37:15.347-07:00&amp#27;[0;39m &amp#27;[32mDEBUG&amp#27;[0;39m &amp#27;[35m28291&amp#27;[0;39m &amp#27;[2m---&amp#27;[0;39m &amp#27;[2m[           main]&amp#27;[0;39m &amp#27;[36morg.hibernate.SQL                       &amp#27;[0;39m &amp#27;[2m:&amp#27;[0;39m 
    insert 
    into
        riders
        (active,created_at,date_of_birth,email,first_name,ftp_watts,height_cm,last_name,nationality,specialization,team,updated_at,version,weight_kg,id) 
    values
        (?,?,?,?,?,?,?,?,?,?,?,?,?,?,default)
Hibernate: 
    insert 
    into
        riders
        (active,created_at,date_of_birth,email,first_name,ftp_watts,height_cm,last_name,nationality,specialization,team,updated_at,version,weight_kg,id) 
    values
        (?,?,?,?,?,?,?,?,?,?,?,?,?,?,default)
&amp#27;[2m2025-08-15T11:37:15.348-07:00&amp#27;[0;39m &amp#27;[32mDEBUG&amp#27;[0;39m &amp#27;[35m28291&amp#27;[0;39m &amp#27;[2m---&amp#27;[0;39m &amp#27;[2m[           main]&amp#27;[0;39m &amp#27;[36morg.hibernate.SQL                       &amp#27;[0;39m &amp#27;[2m:&amp#27;[0;39m 
    insert 
    into
        riders
        (active,created_at,date_of_birth,email,first_name,ftp_watts,height_cm,last_name,nationality,specialization,team,updated_at,version,weight_kg,id) 
    values
        (?,?,?,?,?,?,?,?,?,?,?,?,?,?,default)
Hibernate: 
    insert 
    into
        riders
        (active,created_at,date_of_birth,email,first_name,ftp_watts,height_cm,last_name,nationality,specialization,team,updated_at,version,weight_kg,id) 
    values
        (?,?,?,?,?,?,?,?,?,?,?,?,?,?,default)
&amp#27;[2m2025-08-15T11:37:15.348-07:00&amp#27;[0;39m &amp#27;[32mDEBUG&amp#27;[0;39m &amp#27;[35m28291&amp#27;[0;39m &amp#27;[2m---&amp#27;[0;39m &amp#27;[2m[           main]&amp#27;[0;39m &amp#27;[36morg.hibernate.SQL                       &amp#27;[0;39m &amp#27;[2m:&amp#27;[0;39m 
    insert 
    into
        riders
        (active,created_at,date_of_birth,email,first_name,ftp_watts,height_cm,last_name,nationality,specialization,team,updated_at,version,weight_kg,id) 
    values
        (?,?,?,?,?,?,?,?,?,?,?,?,?,?,default)
Hibernate: 
    insert 
    into
        riders
        (active,created_at,date_of_birth,email,first_name,ftp_watts,height_cm,last_name,nationality,specialization,team,updated_at,version,weight_kg,id) 
    values
        (?,?,?,?,?,?,?,?,?,?,?,?,?,?,default)
&amp#27;[2m2025-08-15T11:37:15.350-07:00&amp#27;[0;39m &amp#27;[32mDEBUG&amp#27;[0;39m &amp#27;[35m28291&amp#27;[0;39m &amp#27;[2m---&amp#27;[0;39m &amp#27;[2m[           main]&amp#27;[0;39m &amp#27;[36morg.hibernate.SQL                       &amp#27;[0;39m &amp#27;[2m:&amp#27;[0;39m 
    select
        r1_0.id,
        r1_0.active,
        r1_0.created_at,
        r1_0.date_of_birth,
        r1_0.email,
        r1_0.first_name,
        r1_0.ftp_watts,
        r1_0.height_cm,
        r1_0.last_name,
        r1_0.nationality,
        r1_0.specialization,
        r1_0.team,
        r1_0.updated_at,
        r1_0.version,
        r1_0.weight_kg 
    from
        riders r1_0 
    where
        r1_0.active
Hibernate: 
    select
        r1_0.id,
        r1_0.active,
        r1_0.created_at,
        r1_0.date_of_birth,
        r1_0.email,
        r1_0.first_name,
        r1_0.ftp_watts,
        r1_0.height_cm,
        r1_0.last_name,
        r1_0.nationality,
        r1_0.specialization,
        r1_0.team,
        r1_0.updated_at,
        r1_0.version,
        r1_0.weight_kg 
    from
        riders r1_0 
    where
        r1_0.active
]]></system-out>
  </testcase>
  <testcase name="shouldFindRidersByNationality" classname="com.pelotoniq.cycling.repository.RiderRepositoryTest" time="0.005">
    <system-out><![CDATA[&amp#27;[2m2025-08-15T11:37:15.353-07:00&amp#27;[0;39m &amp#27;[32mDEBUG&amp#27;[0;39m &amp#27;[35m28291&amp#27;[0;39m &amp#27;[2m---&amp#27;[0;39m &amp#27;[2m[           main]&amp#27;[0;39m &amp#27;[36morg.hibernate.SQL                       &amp#27;[0;39m &amp#27;[2m:&amp#27;[0;39m 
    insert 
    into
        riders
        (active,created_at,date_of_birth,email,first_name,ftp_watts,height_cm,last_name,nationality,specialization,team,updated_at,version,weight_kg,id) 
    values
        (?,?,?,?,?,?,?,?,?,?,?,?,?,?,default)
Hibernate: 
    insert 
    into
        riders
        (active,created_at,date_of_birth,email,first_name,ftp_watts,height_cm,last_name,nationality,specialization,team,updated_at,version,weight_kg,id) 
    values
        (?,?,?,?,?,?,?,?,?,?,?,?,?,?,default)
&amp#27;[2m2025-08-15T11:37:15.353-07:00&amp#27;[0;39m &amp#27;[32mDEBUG&amp#27;[0;39m &amp#27;[35m28291&amp#27;[0;39m &amp#27;[2m---&amp#27;[0;39m &amp#27;[2m[           main]&amp#27;[0;39m &amp#27;[36morg.hibernate.SQL                       &amp#27;[0;39m &amp#27;[2m:&amp#27;[0;39m 
    insert 
    into
        riders
        (active,created_at,date_of_birth,email,first_name,ftp_watts,height_cm,last_name,nationality,specialization,team,updated_at,version,weight_kg,id) 
    values
        (?,?,?,?,?,?,?,?,?,?,?,?,?,?,default)
Hibernate: 
    insert 
    into
        riders
        (active,created_at,date_of_birth,email,first_name,ftp_watts,height_cm,last_name,nationality,specialization,team,updated_at,version,weight_kg,id) 
    values
        (?,?,?,?,?,?,?,?,?,?,?,?,?,?,default)
&amp#27;[2m2025-08-15T11:37:15.354-07:00&amp#27;[0;39m &amp#27;[32mDEBUG&amp#27;[0;39m &amp#27;[35m28291&amp#27;[0;39m &amp#27;[2m---&amp#27;[0;39m &amp#27;[2m[           main]&amp#27;[0;39m &amp#27;[36morg.hibernate.SQL                       &amp#27;[0;39m &amp#27;[2m:&amp#27;[0;39m 
    insert 
    into
        riders
        (active,created_at,date_of_birth,email,first_name,ftp_watts,height_cm,last_name,nationality,specialization,team,updated_at,version,weight_kg,id) 
    values
        (?,?,?,?,?,?,?,?,?,?,?,?,?,?,default)
Hibernate: 
    insert 
    into
        riders
        (active,created_at,date_of_birth,email,first_name,ftp_watts,height_cm,last_name,nationality,specialization,team,updated_at,version,weight_kg,id) 
    values
        (?,?,?,?,?,?,?,?,?,?,?,?,?,?,default)
&amp#27;[2m2025-08-15T11:37:15.354-07:00&amp#27;[0;39m &amp#27;[32mDEBUG&amp#27;[0;39m &amp#27;[35m28291&amp#27;[0;39m &amp#27;[2m---&amp#27;[0;39m &amp#27;[2m[           main]&amp#27;[0;39m &amp#27;[36morg.hibernate.SQL                       &amp#27;[0;39m &amp#27;[2m:&amp#27;[0;39m 
    insert 
    into
        riders
        (active,created_at,date_of_birth,email,first_name,ftp_watts,height_cm,last_name,nationality,specialization,team,updated_at,version,weight_kg,id) 
    values
        (?,?,?,?,?,?,?,?,?,?,?,?,?,?,default)
Hibernate: 
    insert 
    into
        riders
        (active,created_at,date_of_birth,email,first_name,ftp_watts,height_cm,last_name,nationality,specialization,team,updated_at,version,weight_kg,id) 
    values
        (?,?,?,?,?,?,?,?,?,?,?,?,?,?,default)
&amp#27;[2m2025-08-15T11:37:15.356-07:00&amp#27;[0;39m &amp#27;[32mDEBUG&amp#27;[0;39m &amp#27;[35m28291&amp#27;[0;39m &amp#27;[2m---&amp#27;[0;39m &amp#27;[2m[           main]&amp#27;[0;39m &amp#27;[36morg.hibernate.SQL                       &amp#27;[0;39m &amp#27;[2m:&amp#27;[0;39m 
    select
        r1_0.id,
        r1_0.active,
        r1_0.created_at,
        r1_0.date_of_birth,
        r1_0.email,
        r1_0.first_name,
        r1_0.ftp_watts,
        r1_0.height_cm,
        r1_0.last_name,
        r1_0.nationality,
        r1_0.specialization,
        r1_0.team,
        r1_0.updated_at,
        r1_0.version,
        r1_0.weight_kg 
    from
        riders r1_0 
    where
        r1_0.nationality=?
Hibernate: 
    select
        r1_0.id,
        r1_0.active,
        r1_0.created_at,
        r1_0.date_of_birth,
        r1_0.email,
        r1_0.first_name,
        r1_0.ftp_watts,
        r1_0.height_cm,
        r1_0.last_name,
        r1_0.nationality,
        r1_0.specialization,
        r1_0.team,
        r1_0.updated_at,
        r1_0.version,
        r1_0.weight_kg 
    from
        riders r1_0 
    where
        r1_0.nationality=?
]]></system-out>
  </testcase>
  <testcase name="shouldHandleNullParametersInCustomQueries" classname="com.pelotoniq.cycling.repository.RiderRepositoryTest" time="0.005">
    <system-out><![CDATA[&amp#27;[2m2025-08-15T11:37:15.358-07:00&amp#27;[0;39m &amp#27;[32mDEBUG&amp#27;[0;39m &amp#27;[35m28291&amp#27;[0;39m &amp#27;[2m---&amp#27;[0;39m &amp#27;[2m[           main]&amp#27;[0;39m &amp#27;[36morg.hibernate.SQL                       &amp#27;[0;39m &amp#27;[2m:&amp#27;[0;39m 
    insert 
    into
        riders
        (active,created_at,date_of_birth,email,first_name,ftp_watts,height_cm,last_name,nationality,specialization,team,updated_at,version,weight_kg,id) 
    values
        (?,?,?,?,?,?,?,?,?,?,?,?,?,?,default)
Hibernate: 
    insert 
    into
        riders
        (active,created_at,date_of_birth,email,first_name,ftp_watts,height_cm,last_name,nationality,specialization,team,updated_at,version,weight_kg,id) 
    values
        (?,?,?,?,?,?,?,?,?,?,?,?,?,?,default)
&amp#27;[2m2025-08-15T11:37:15.359-07:00&amp#27;[0;39m &amp#27;[32mDEBUG&amp#27;[0;39m &amp#27;[35m28291&amp#27;[0;39m &amp#27;[2m---&amp#27;[0;39m &amp#27;[2m[           main]&amp#27;[0;39m &amp#27;[36morg.hibernate.SQL                       &amp#27;[0;39m &amp#27;[2m:&amp#27;[0;39m 
    insert 
    into
        riders
        (active,created_at,date_of_birth,email,first_name,ftp_watts,height_cm,last_name,nationality,specialization,team,updated_at,version,weight_kg,id) 
    values
        (?,?,?,?,?,?,?,?,?,?,?,?,?,?,default)
Hibernate: 
    insert 
    into
        riders
        (active,created_at,date_of_birth,email,first_name,ftp_watts,height_cm,last_name,nationality,specialization,team,updated_at,version,weight_kg,id) 
    values
        (?,?,?,?,?,?,?,?,?,?,?,?,?,?,default)
&amp#27;[2m2025-08-15T11:37:15.359-07:00&amp#27;[0;39m &amp#27;[32mDEBUG&amp#27;[0;39m &amp#27;[35m28291&amp#27;[0;39m &amp#27;[2m---&amp#27;[0;39m &amp#27;[2m[           main]&amp#27;[0;39m &amp#27;[36morg.hibernate.SQL                       &amp#27;[0;39m &amp#27;[2m:&amp#27;[0;39m 
    insert 
    into
        riders
        (active,created_at,date_of_birth,email,first_name,ftp_watts,height_cm,last_name,nationality,specialization,team,updated_at,version,weight_kg,id) 
    values
        (?,?,?,?,?,?,?,?,?,?,?,?,?,?,default)
Hibernate: 
    insert 
    into
        riders
        (active,created_at,date_of_birth,email,first_name,ftp_watts,height_cm,last_name,nationality,specialization,team,updated_at,version,weight_kg,id) 
    values
        (?,?,?,?,?,?,?,?,?,?,?,?,?,?,default)
&amp#27;[2m2025-08-15T11:37:15.360-07:00&amp#27;[0;39m &amp#27;[32mDEBUG&amp#27;[0;39m &amp#27;[35m28291&amp#27;[0;39m &amp#27;[2m---&amp#27;[0;39m &amp#27;[2m[           main]&amp#27;[0;39m &amp#27;[36morg.hibernate.SQL                       &amp#27;[0;39m &amp#27;[2m:&amp#27;[0;39m 
    insert 
    into
        riders
        (active,created_at,date_of_birth,email,first_name,ftp_watts,height_cm,last_name,nationality,specialization,team,updated_at,version,weight_kg,id) 
    values
        (?,?,?,?,?,?,?,?,?,?,?,?,?,?,default)
Hibernate: 
    insert 
    into
        riders
        (active,created_at,date_of_birth,email,first_name,ftp_watts,height_cm,last_name,nationality,specialization,team,updated_at,version,weight_kg,id) 
    values
        (?,?,?,?,?,?,?,?,?,?,?,?,?,?,default)
&amp#27;[2m2025-08-15T11:37:15.361-07:00&amp#27;[0;39m &amp#27;[32mDEBUG&amp#27;[0;39m &amp#27;[35m28291&amp#27;[0;39m &amp#27;[2m---&amp#27;[0;39m &amp#27;[2m[           main]&amp#27;[0;39m &amp#27;[36morg.hibernate.SQL                       &amp#27;[0;39m &amp#27;[2m:&amp#27;[0;39m 
    select
        r1_0.id,
        r1_0.active,
        r1_0.created_at,
        r1_0.date_of_birth,
        r1_0.email,
        r1_0.first_name,
        r1_0.ftp_watts,
        r1_0.height_cm,
        r1_0.last_name,
        r1_0.nationality,
        r1_0.specialization,
        r1_0.team,
        r1_0.updated_at,
        r1_0.version,
        r1_0.weight_kg 
    from
        riders r1_0 
    where
        r1_0.ftp_watts>=?
Hibernate: 
    select
        r1_0.id,
        r1_0.active,
        r1_0.created_at,
        r1_0.date_of_birth,
        r1_0.email,
        r1_0.first_name,
        r1_0.ftp_watts,
        r1_0.height_cm,
        r1_0.last_name,
        r1_0.nationality,
        r1_0.specialization,
        r1_0.team,
        r1_0.updated_at,
        r1_0.version,
        r1_0.weight_kg 
    from
        riders r1_0 
    where
        r1_0.ftp_watts>=?
]]></system-out>
  </testcase>
  <testcase name="shouldFindRidersByNameSearch" classname="com.pelotoniq.cycling.repository.RiderRepositoryTest" time="0.005">
    <system-out><![CDATA[&amp#27;[2m2025-08-15T11:37:15.364-07:00&amp#27;[0;39m &amp#27;[32mDEBUG&amp#27;[0;39m &amp#27;[35m28291&amp#27;[0;39m &amp#27;[2m---&amp#27;[0;39m &amp#27;[2m[           main]&amp#27;[0;39m &amp#27;[36morg.hibernate.SQL                       &amp#27;[0;39m &amp#27;[2m:&amp#27;[0;39m 
    insert 
    into
        riders
        (active,created_at,date_of_birth,email,first_name,ftp_watts,height_cm,last_name,nationality,specialization,team,updated_at,version,weight_kg,id) 
    values
        (?,?,?,?,?,?,?,?,?,?,?,?,?,?,default)
Hibernate: 
    insert 
    into
        riders
        (active,created_at,date_of_birth,email,first_name,ftp_watts,height_cm,last_name,nationality,specialization,team,updated_at,version,weight_kg,id) 
    values
        (?,?,?,?,?,?,?,?,?,?,?,?,?,?,default)
&amp#27;[2m2025-08-15T11:37:15.364-07:00&amp#27;[0;39m &amp#27;[32mDEBUG&amp#27;[0;39m &amp#27;[35m28291&amp#27;[0;39m &amp#27;[2m---&amp#27;[0;39m &amp#27;[2m[           main]&amp#27;[0;39m &amp#27;[36morg.hibernate.SQL                       &amp#27;[0;39m &amp#27;[2m:&amp#27;[0;39m 
    insert 
    into
        riders
        (active,created_at,date_of_birth,email,first_name,ftp_watts,height_cm,last_name,nationality,specialization,team,updated_at,version,weight_kg,id) 
    values
        (?,?,?,?,?,?,?,?,?,?,?,?,?,?,default)
Hibernate: 
    insert 
    into
        riders
        (active,created_at,date_of_birth,email,first_name,ftp_watts,height_cm,last_name,nationality,specialization,team,updated_at,version,weight_kg,id) 
    values
        (?,?,?,?,?,?,?,?,?,?,?,?,?,?,default)
&amp#27;[2m2025-08-15T11:37:15.365-07:00&amp#27;[0;39m &amp#27;[32mDEBUG&amp#27;[0;39m &amp#27;[35m28291&amp#27;[0;39m &amp#27;[2m---&amp#27;[0;39m &amp#27;[2m[           main]&amp#27;[0;39m &amp#27;[36morg.hibernate.SQL                       &amp#27;[0;39m &amp#27;[2m:&amp#27;[0;39m 
    insert 
    into
        riders
        (active,created_at,date_of_birth,email,first_name,ftp_watts,height_cm,last_name,nationality,specialization,team,updated_at,version,weight_kg,id) 
    values
        (?,?,?,?,?,?,?,?,?,?,?,?,?,?,default)
Hibernate: 
    insert 
    into
        riders
        (active,created_at,date_of_birth,email,first_name,ftp_watts,height_cm,last_name,nationality,specialization,team,updated_at,version,weight_kg,id) 
    values
        (?,?,?,?,?,?,?,?,?,?,?,?,?,?,default)
&amp#27;[2m2025-08-15T11:37:15.365-07:00&amp#27;[0;39m &amp#27;[32mDEBUG&amp#27;[0;39m &amp#27;[35m28291&amp#27;[0;39m &amp#27;[2m---&amp#27;[0;39m &amp#27;[2m[           main]&amp#27;[0;39m &amp#27;[36morg.hibernate.SQL                       &amp#27;[0;39m &amp#27;[2m:&amp#27;[0;39m 
    insert 
    into
        riders
        (active,created_at,date_of_birth,email,first_name,ftp_watts,height_cm,last_name,nationality,specialization,team,updated_at,version,weight_kg,id) 
    values
        (?,?,?,?,?,?,?,?,?,?,?,?,?,?,default)
Hibernate: 
    insert 
    into
        riders
        (active,created_at,date_of_birth,email,first_name,ftp_watts,height_cm,last_name,nationality,specialization,team,updated_at,version,weight_kg,id) 
    values
        (?,?,?,?,?,?,?,?,?,?,?,?,?,?,default)
&amp#27;[2m2025-08-15T11:37:15.367-07:00&amp#27;[0;39m &amp#27;[32mDEBUG&amp#27;[0;39m &amp#27;[35m28291&amp#27;[0;39m &amp#27;[2m---&amp#27;[0;39m &amp#27;[2m[           main]&amp#27;[0;39m &amp#27;[36morg.hibernate.SQL                       &amp#27;[0;39m &amp#27;[2m:&amp#27;[0;39m 
    select
        r1_0.id,
        r1_0.active,
        r1_0.created_at,
        r1_0.date_of_birth,
        r1_0.email,
        r1_0.first_name,
        r1_0.ftp_watts,
        r1_0.height_cm,
        r1_0.last_name,
        r1_0.nationality,
        r1_0.specialization,
        r1_0.team,
        r1_0.updated_at,
        r1_0.version,
        r1_0.weight_kg 
    from
        riders r1_0 
    where
        lower(r1_0.first_name) like lower(('%'||?||'%')) escape '' 
        or lower(r1_0.last_name) like lower(('%'||?||'%')) escape ''
Hibernate: 
    select
        r1_0.id,
        r1_0.active,
        r1_0.created_at,
        r1_0.date_of_birth,
        r1_0.email,
        r1_0.first_name,
        r1_0.ftp_watts,
        r1_0.height_cm,
        r1_0.last_name,
        r1_0.nationality,
        r1_0.specialization,
        r1_0.team,
        r1_0.updated_at,
        r1_0.version,
        r1_0.weight_kg 
    from
        riders r1_0 
    where
        lower(r1_0.first_name) like lower(('%'||?||'%')) escape '' 
        or lower(r1_0.last_name) like lower(('%'||?||'%')) escape ''
]]></system-out>
  </testcase>
  <testcase name="shouldCountActiveRidersByTeam" classname="com.pelotoniq.cycling.repository.RiderRepositoryTest" time="0.006">
    <system-out><![CDATA[&amp#27;[2m2025-08-15T11:37:15.370-07:00&amp#27;[0;39m &amp#27;[32mDEBUG&amp#27;[0;39m &amp#27;[35m28291&amp#27;[0;39m &amp#27;[2m---&amp#27;[0;39m &amp#27;[2m[           main]&amp#27;[0;39m &amp#27;[36morg.hibernate.SQL                       &amp#27;[0;39m &amp#27;[2m:&amp#27;[0;39m 
    insert 
    into
        riders
        (active,created_at,date_of_birth,email,first_name,ftp_watts,height_cm,last_name,nationality,specialization,team,updated_at,version,weight_kg,id) 
    values
        (?,?,?,?,?,?,?,?,?,?,?,?,?,?,default)
Hibernate: 
    insert 
    into
        riders
        (active,created_at,date_of_birth,email,first_name,ftp_watts,height_cm,last_name,nationality,specialization,team,updated_at,version,weight_kg,id) 
    values
        (?,?,?,?,?,?,?,?,?,?,?,?,?,?,default)
&amp#27;[2m2025-08-15T11:37:15.370-07:00&amp#27;[0;39m &amp#27;[32mDEBUG&amp#27;[0;39m &amp#27;[35m28291&amp#27;[0;39m &amp#27;[2m---&amp#27;[0;39m &amp#27;[2m[           main]&amp#27;[0;39m &amp#27;[36morg.hibernate.SQL                       &amp#27;[0;39m &amp#27;[2m:&amp#27;[0;39m 
    insert 
    into
        riders
        (active,created_at,date_of_birth,email,first_name,ftp_watts,height_cm,last_name,nationality,specialization,team,updated_at,version,weight_kg,id) 
    values
        (?,?,?,?,?,?,?,?,?,?,?,?,?,?,default)
Hibernate: 
    insert 
    into
        riders
        (active,created_at,date_of_birth,email,first_name,ftp_watts,height_cm,last_name,nationality,specialization,team,updated_at,version,weight_kg,id) 
    values
        (?,?,?,?,?,?,?,?,?,?,?,?,?,?,default)
&amp#27;[2m2025-08-15T11:37:15.371-07:00&amp#27;[0;39m &amp#27;[32mDEBUG&amp#27;[0;39m &amp#27;[35m28291&amp#27;[0;39m &amp#27;[2m---&amp#27;[0;39m &amp#27;[2m[           main]&amp#27;[0;39m &amp#27;[36morg.hibernate.SQL                       &amp#27;[0;39m &amp#27;[2m:&amp#27;[0;39m 
    insert 
    into
        riders
        (active,created_at,date_of_birth,email,first_name,ftp_watts,height_cm,last_name,nationality,specialization,team,updated_at,version,weight_kg,id) 
    values
        (?,?,?,?,?,?,?,?,?,?,?,?,?,?,default)
Hibernate: 
    insert 
    into
        riders
        (active,created_at,date_of_birth,email,first_name,ftp_watts,height_cm,last_name,nationality,specialization,team,updated_at,version,weight_kg,id) 
    values
        (?,?,?,?,?,?,?,?,?,?,?,?,?,?,default)
&amp#27;[2m2025-08-15T11:37:15.371-07:00&amp#27;[0;39m &amp#27;[32mDEBUG&amp#27;[0;39m &amp#27;[35m28291&amp#27;[0;39m &amp#27;[2m---&amp#27;[0;39m &amp#27;[2m[           main]&amp#27;[0;39m &amp#27;[36morg.hibernate.SQL                       &amp#27;[0;39m &amp#27;[2m:&amp#27;[0;39m 
    insert 
    into
        riders
        (active,created_at,date_of_birth,email,first_name,ftp_watts,height_cm,last_name,nationality,specialization,team,updated_at,version,weight_kg,id) 
    values
        (?,?,?,?,?,?,?,?,?,?,?,?,?,?,default)
Hibernate: 
    insert 
    into
        riders
        (active,created_at,date_of_birth,email,first_name,ftp_watts,height_cm,last_name,nationality,specialization,team,updated_at,version,weight_kg,id) 
    values
        (?,?,?,?,?,?,?,?,?,?,?,?,?,?,default)
&amp#27;[2m2025-08-15T11:37:15.373-07:00&amp#27;[0;39m &amp#27;[32mDEBUG&amp#27;[0;39m &amp#27;[35m28291&amp#27;[0;39m &amp#27;[2m---&amp#27;[0;39m &amp#27;[2m[           main]&amp#27;[0;39m &amp#27;[36morg.hibernate.SQL                       &amp#27;[0;39m &amp#27;[2m:&amp#27;[0;39m 
    select
        count(r1_0.id) 
    from
        riders r1_0 
    where
        r1_0.team=? 
        and r1_0.active=true
Hibernate: 
    select
        count(r1_0.id) 
    from
        riders r1_0 
    where
        r1_0.team=? 
        and r1_0.active=true
]]></system-out>
  </testcase>
  <testcase name="shouldHandleEmptyResultsGracefully" classname="com.pelotoniq.cycling.repository.RiderRepositoryTest" time="0.004">
    <system-out><![CDATA[&amp#27;[2m2025-08-15T11:37:15.375-07:00&amp#27;[0;39m &amp#27;[32mDEBUG&amp#27;[0;39m &amp#27;[35m28291&amp#27;[0;39m &amp#27;[2m---&amp#27;[0;39m &amp#27;[2m[           main]&amp#27;[0;39m &amp#27;[36morg.hibernate.SQL                       &amp#27;[0;39m &amp#27;[2m:&amp#27;[0;39m 
    insert 
    into
        riders
        (active,created_at,date_of_birth,email,first_name,ftp_watts,height_cm,last_name,nationality,specialization,team,updated_at,version,weight_kg,id) 
    values
        (?,?,?,?,?,?,?,?,?,?,?,?,?,?,default)
Hibernate: 
    insert 
    into
        riders
        (active,created_at,date_of_birth,email,first_name,ftp_watts,height_cm,last_name,nationality,specialization,team,updated_at,version,weight_kg,id) 
    values
        (?,?,?,?,?,?,?,?,?,?,?,?,?,?,default)
&amp#27;[2m2025-08-15T11:37:15.376-07:00&amp#27;[0;39m &amp#27;[32mDEBUG&amp#27;[0;39m &amp#27;[35m28291&amp#27;[0;39m &amp#27;[2m---&amp#27;[0;39m &amp#27;[2m[           main]&amp#27;[0;39m &amp#27;[36morg.hibernate.SQL                       &amp#27;[0;39m &amp#27;[2m:&amp#27;[0;39m 
    insert 
    into
        riders
        (active,created_at,date_of_birth,email,first_name,ftp_watts,height_cm,last_name,nationality,specialization,team,updated_at,version,weight_kg,id) 
    values
        (?,?,?,?,?,?,?,?,?,?,?,?,?,?,default)
Hibernate: 
    insert 
    into
        riders
        (active,created_at,date_of_birth,email,first_name,ftp_watts,height_cm,last_name,nationality,specialization,team,updated_at,version,weight_kg,id) 
    values
        (?,?,?,?,?,?,?,?,?,?,?,?,?,?,default)
&amp#27;[2m2025-08-15T11:37:15.376-07:00&amp#27;[0;39m &amp#27;[32mDEBUG&amp#27;[0;39m &amp#27;[35m28291&amp#27;[0;39m &amp#27;[2m---&amp#27;[0;39m &amp#27;[2m[           main]&amp#27;[0;39m &amp#27;[36morg.hibernate.SQL                       &amp#27;[0;39m &amp#27;[2m:&amp#27;[0;39m 
    insert 
    into
        riders
        (active,created_at,date_of_birth,email,first_name,ftp_watts,height_cm,last_name,nationality,specialization,team,updated_at,version,weight_kg,id) 
    values
        (?,?,?,?,?,?,?,?,?,?,?,?,?,?,default)
Hibernate: 
    insert 
    into
        riders
        (active,created_at,date_of_birth,email,first_name,ftp_watts,height_cm,last_name,nationality,specialization,team,updated_at,version,weight_kg,id) 
    values
        (?,?,?,?,?,?,?,?,?,?,?,?,?,?,default)
&amp#27;[2m2025-08-15T11:37:15.377-07:00&amp#27;[0;39m &amp#27;[32mDEBUG&amp#27;[0;39m &amp#27;[35m28291&amp#27;[0;39m &amp#27;[2m---&amp#27;[0;39m &amp#27;[2m[           main]&amp#27;[0;39m &amp#27;[36morg.hibernate.SQL                       &amp#27;[0;39m &amp#27;[2m:&amp#27;[0;39m 
    insert 
    into
        riders
        (active,created_at,date_of_birth,email,first_name,ftp_watts,height_cm,last_name,nationality,specialization,team,updated_at,version,weight_kg,id) 
    values
        (?,?,?,?,?,?,?,?,?,?,?,?,?,?,default)
Hibernate: 
    insert 
    into
        riders
        (active,created_at,date_of_birth,email,first_name,ftp_watts,height_cm,last_name,nationality,specialization,team,updated_at,version,weight_kg,id) 
    values
        (?,?,?,?,?,?,?,?,?,?,?,?,?,?,default)
&amp#27;[2m2025-08-15T11:37:15.378-07:00&amp#27;[0;39m &amp#27;[32mDEBUG&amp#27;[0;39m &amp#27;[35m28291&amp#27;[0;39m &amp#27;[2m---&amp#27;[0;39m &amp#27;[2m[           main]&amp#27;[0;39m &amp#27;[36morg.hibernate.SQL                       &amp#27;[0;39m &amp#27;[2m:&amp#27;[0;39m 
    select
        r1_0.id,
        r1_0.active,
        r1_0.created_at,
        r1_0.date_of_birth,
        r1_0.email,
        r1_0.first_name,
        r1_0.ftp_watts,
        r1_0.height_cm,
        r1_0.last_name,
        r1_0.nationality,
        r1_0.specialization,
        r1_0.team,
        r1_0.updated_at,
        r1_0.version,
        r1_0.weight_kg 
    from
        riders r1_0 
    where
        r1_0.team=?
Hibernate: 
    select
        r1_0.id,
        r1_0.active,
        r1_0.created_at,
        r1_0.date_of_birth,
        r1_0.email,
        r1_0.first_name,
        r1_0.ftp_watts,
        r1_0.height_cm,
        r1_0.last_name,
        r1_0.nationality,
        r1_0.specialization,
        r1_0.team,
        r1_0.updated_at,
        r1_0.version,
        r1_0.weight_kg 
    from
        riders r1_0 
    where
        r1_0.team=?
]]></system-out>
  </testcase>
  <testcase name="shouldFindRidersByMinimumFtp" classname="com.pelotoniq.cycling.repository.RiderRepositoryTest" time="0.004">
    <system-out><![CDATA[&amp#27;[2m2025-08-15T11:37:15.380-07:00&amp#27;[0;39m &amp#27;[32mDEBUG&amp#27;[0;39m &amp#27;[35m28291&amp#27;[0;39m &amp#27;[2m---&amp#27;[0;39m &amp#27;[2m[           main]&amp#27;[0;39m &amp#27;[36morg.hibernate.SQL                       &amp#27;[0;39m &amp#27;[2m:&amp#27;[0;39m 
    insert 
    into
        riders
        (active,created_at,date_of_birth,email,first_name,ftp_watts,height_cm,last_name,nationality,specialization,team,updated_at,version,weight_kg,id) 
    values
        (?,?,?,?,?,?,?,?,?,?,?,?,?,?,default)
Hibernate: 
    insert 
    into
        riders
        (active,created_at,date_of_birth,email,first_name,ftp_watts,height_cm,last_name,nationality,specialization,team,updated_at,version,weight_kg,id) 
    values
        (?,?,?,?,?,?,?,?,?,?,?,?,?,?,default)
&amp#27;[2m2025-08-15T11:37:15.380-07:00&amp#27;[0;39m &amp#27;[32mDEBUG&amp#27;[0;39m &amp#27;[35m28291&amp#27;[0;39m &amp#27;[2m---&amp#27;[0;39m &amp#27;[2m[           main]&amp#27;[0;39m &amp#27;[36morg.hibernate.SQL                       &amp#27;[0;39m &amp#27;[2m:&amp#27;[0;39m 
    insert 
    into
        riders
        (active,created_at,date_of_birth,email,first_name,ftp_watts,height_cm,last_name,nationality,specialization,team,updated_at,version,weight_kg,id) 
    values
        (?,?,?,?,?,?,?,?,?,?,?,?,?,?,default)
Hibernate: 
    insert 
    into
        riders
        (active,created_at,date_of_birth,email,first_name,ftp_watts,height_cm,last_name,nationality,specialization,team,updated_at,version,weight_kg,id) 
    values
        (?,?,?,?,?,?,?,?,?,?,?,?,?,?,default)
&amp#27;[2m2025-08-15T11:37:15.381-07:00&amp#27;[0;39m &amp#27;[32mDEBUG&amp#27;[0;39m &amp#27;[35m28291&amp#27;[0;39m &amp#27;[2m---&amp#27;[0;39m &amp#27;[2m[           main]&amp#27;[0;39m &amp#27;[36morg.hibernate.SQL                       &amp#27;[0;39m &amp#27;[2m:&amp#27;[0;39m 
    insert 
    into
        riders
        (active,created_at,date_of_birth,email,first_name,ftp_watts,height_cm,last_name,nationality,specialization,team,updated_at,version,weight_kg,id) 
    values
        (?,?,?,?,?,?,?,?,?,?,?,?,?,?,default)
Hibernate: 
    insert 
    into
        riders
        (active,created_at,date_of_birth,email,first_name,ftp_watts,height_cm,last_name,nationality,specialization,team,updated_at,version,weight_kg,id) 
    values
        (?,?,?,?,?,?,?,?,?,?,?,?,?,?,default)
&amp#27;[2m2025-08-15T11:37:15.381-07:00&amp#27;[0;39m &amp#27;[32mDEBUG&amp#27;[0;39m &amp#27;[35m28291&amp#27;[0;39m &amp#27;[2m---&amp#27;[0;39m &amp#27;[2m[           main]&amp#27;[0;39m &amp#27;[36morg.hibernate.SQL                       &amp#27;[0;39m &amp#27;[2m:&amp#27;[0;39m 
    insert 
    into
        riders
        (active,created_at,date_of_birth,email,first_name,ftp_watts,height_cm,last_name,nationality,specialization,team,updated_at,version,weight_kg,id) 
    values
        (?,?,?,?,?,?,?,?,?,?,?,?,?,?,default)
Hibernate: 
    insert 
    into
        riders
        (active,created_at,date_of_birth,email,first_name,ftp_watts,height_cm,last_name,nationality,specialization,team,updated_at,version,weight_kg,id) 
    values
        (?,?,?,?,?,?,?,?,?,?,?,?,?,?,default)
&amp#27;[2m2025-08-15T11:37:15.382-07:00&amp#27;[0;39m &amp#27;[32mDEBUG&amp#27;[0;39m &amp#27;[35m28291&amp#27;[0;39m &amp#27;[2m---&amp#27;[0;39m &amp#27;[2m[           main]&amp#27;[0;39m &amp#27;[36morg.hibernate.SQL                       &amp#27;[0;39m &amp#27;[2m:&amp#27;[0;39m 
    select
        r1_0.id,
        r1_0.active,
        r1_0.created_at,
        r1_0.date_of_birth,
        r1_0.email,
        r1_0.first_name,
        r1_0.ftp_watts,
        r1_0.height_cm,
        r1_0.last_name,
        r1_0.nationality,
        r1_0.specialization,
        r1_0.team,
        r1_0.updated_at,
        r1_0.version,
        r1_0.weight_kg 
    from
        riders r1_0 
    where
        r1_0.ftp_watts>=?
Hibernate: 
    select
        r1_0.id,
        r1_0.active,
        r1_0.created_at,
        r1_0.date_of_birth,
        r1_0.email,
        r1_0.first_name,
        r1_0.ftp_watts,
        r1_0.height_cm,
        r1_0.last_name,
        r1_0.nationality,
        r1_0.specialization,
        r1_0.team,
        r1_0.updated_at,
        r1_0.version,
        r1_0.weight_kg 
    from
        riders r1_0 
    where
        r1_0.ftp_watts>=?
]]></system-out>
  </testcase>
  <testcase name="shouldFindSpecializationRiderCounts" classname="com.pelotoniq.cycling.repository.RiderRepositoryTest" time="0.004">
    <system-out><![CDATA[&amp#27;[2m2025-08-15T11:37:15.385-07:00&amp#27;[0;39m &amp#27;[32mDEBUG&amp#27;[0;39m &amp#27;[35m28291&amp#27;[0;39m &amp#27;[2m---&amp#27;[0;39m &amp#27;[2m[           main]&amp#27;[0;39m &amp#27;[36morg.hibernate.SQL                       &amp#27;[0;39m &amp#27;[2m:&amp#27;[0;39m 
    insert 
    into
        riders
        (active,created_at,date_of_birth,email,first_name,ftp_watts,height_cm,last_name,nationality,specialization,team,updated_at,version,weight_kg,id) 
    values
        (?,?,?,?,?,?,?,?,?,?,?,?,?,?,default)
Hibernate: 
    insert 
    into
        riders
        (active,created_at,date_of_birth,email,first_name,ftp_watts,height_cm,last_name,nationality,specialization,team,updated_at,version,weight_kg,id) 
    values
        (?,?,?,?,?,?,?,?,?,?,?,?,?,?,default)
&amp#27;[2m2025-08-15T11:37:15.385-07:00&amp#27;[0;39m &amp#27;[32mDEBUG&amp#27;[0;39m &amp#27;[35m28291&amp#27;[0;39m &amp#27;[2m---&amp#27;[0;39m &amp#27;[2m[           main]&amp#27;[0;39m &amp#27;[36morg.hibernate.SQL                       &amp#27;[0;39m &amp#27;[2m:&amp#27;[0;39m 
    insert 
    into
        riders
        (active,created_at,date_of_birth,email,first_name,ftp_watts,height_cm,last_name,nationality,specialization,team,updated_at,version,weight_kg,id) 
    values
        (?,?,?,?,?,?,?,?,?,?,?,?,?,?,default)
Hibernate: 
    insert 
    into
        riders
        (active,created_at,date_of_birth,email,first_name,ftp_watts,height_cm,last_name,nationality,specialization,team,updated_at,version,weight_kg,id) 
    values
        (?,?,?,?,?,?,?,?,?,?,?,?,?,?,default)
&amp#27;[2m2025-08-15T11:37:15.386-07:00&amp#27;[0;39m &amp#27;[32mDEBUG&amp#27;[0;39m &amp#27;[35m28291&amp#27;[0;39m &amp#27;[2m---&amp#27;[0;39m &amp#27;[2m[           main]&amp#27;[0;39m &amp#27;[36morg.hibernate.SQL                       &amp#27;[0;39m &amp#27;[2m:&amp#27;[0;39m 
    insert 
    into
        riders
        (active,created_at,date_of_birth,email,first_name,ftp_watts,height_cm,last_name,nationality,specialization,team,updated_at,version,weight_kg,id) 
    values
        (?,?,?,?,?,?,?,?,?,?,?,?,?,?,default)
Hibernate: 
    insert 
    into
        riders
        (active,created_at,date_of_birth,email,first_name,ftp_watts,height_cm,last_name,nationality,specialization,team,updated_at,version,weight_kg,id) 
    values
        (?,?,?,?,?,?,?,?,?,?,?,?,?,?,default)
&amp#27;[2m2025-08-15T11:37:15.386-07:00&amp#27;[0;39m &amp#27;[32mDEBUG&amp#27;[0;39m &amp#27;[35m28291&amp#27;[0;39m &amp#27;[2m---&amp#27;[0;39m &amp#27;[2m[           main]&amp#27;[0;39m &amp#27;[36morg.hibernate.SQL                       &amp#27;[0;39m &amp#27;[2m:&amp#27;[0;39m 
    insert 
    into
        riders
        (active,created_at,date_of_birth,email,first_name,ftp_watts,height_cm,last_name,nationality,specialization,team,updated_at,version,weight_kg,id) 
    values
        (?,?,?,?,?,?,?,?,?,?,?,?,?,?,default)
Hibernate: 
    insert 
    into
        riders
        (active,created_at,date_of_birth,email,first_name,ftp_watts,height_cm,last_name,nationality,specialization,team,updated_at,version,weight_kg,id) 
    values
        (?,?,?,?,?,?,?,?,?,?,?,?,?,?,default)
&amp#27;[2m2025-08-15T11:37:15.387-07:00&amp#27;[0;39m &amp#27;[32mDEBUG&amp#27;[0;39m &amp#27;[35m28291&amp#27;[0;39m &amp#27;[2m---&amp#27;[0;39m &amp#27;[2m[           main]&amp#27;[0;39m &amp#27;[36morg.hibernate.SQL                       &amp#27;[0;39m &amp#27;[2m:&amp#27;[0;39m 
    select
        r1_0.specialization,
        count(r1_0.id) 
    from
        riders r1_0 
    where
        r1_0.active=true 
    group by
        r1_0.specialization 
    order by
        count(r1_0.id) desc
Hibernate: 
    select
        r1_0.specialization,
        count(r1_0.id) 
    from
        riders r1_0 
    where
        r1_0.active=true 
    group by
        r1_0.specialization 
    order by
        count(r1_0.id) desc
]]></system-out>
  </testcase>
  <testcase name="shouldFindTeamRiderCounts" classname="com.pelotoniq.cycling.repository.RiderRepositoryTest" time="0.005">
    <system-out><![CDATA[&amp#27;[2m2025-08-15T11:37:15.390-07:00&amp#27;[0;39m &amp#27;[32mDEBUG&amp#27;[0;39m &amp#27;[35m28291&amp#27;[0;39m &amp#27;[2m---&amp#27;[0;39m &amp#27;[2m[           main]&amp#27;[0;39m &amp#27;[36morg.hibernate.SQL                       &amp#27;[0;39m &amp#27;[2m:&amp#27;[0;39m 
    insert 
    into
        riders
        (active,created_at,date_of_birth,email,first_name,ftp_watts,height_cm,last_name,nationality,specialization,team,updated_at,version,weight_kg,id) 
    values
        (?,?,?,?,?,?,?,?,?,?,?,?,?,?,default)
Hibernate: 
    insert 
    into
        riders
        (active,created_at,date_of_birth,email,first_name,ftp_watts,height_cm,last_name,nationality,specialization,team,updated_at,version,weight_kg,id) 
    values
        (?,?,?,?,?,?,?,?,?,?,?,?,?,?,default)
&amp#27;[2m2025-08-15T11:37:15.391-07:00&amp#27;[0;39m &amp#27;[32mDEBUG&amp#27;[0;39m &amp#27;[35m28291&amp#27;[0;39m &amp#27;[2m---&amp#27;[0;39m &amp#27;[2m[           main]&amp#27;[0;39m &amp#27;[36morg.hibernate.SQL                       &amp#27;[0;39m &amp#27;[2m:&amp#27;[0;39m 
    insert 
    into
        riders
        (active,created_at,date_of_birth,email,first_name,ftp_watts,height_cm,last_name,nationality,specialization,team,updated_at,version,weight_kg,id) 
    values
        (?,?,?,?,?,?,?,?,?,?,?,?,?,?,default)
Hibernate: 
    insert 
    into
        riders
        (active,created_at,date_of_birth,email,first_name,ftp_watts,height_cm,last_name,nationality,specialization,team,updated_at,version,weight_kg,id) 
    values
        (?,?,?,?,?,?,?,?,?,?,?,?,?,?,default)
&amp#27;[2m2025-08-15T11:37:15.391-07:00&amp#27;[0;39m &amp#27;[32mDEBUG&amp#27;[0;39m &amp#27;[35m28291&amp#27;[0;39m &amp#27;[2m---&amp#27;[0;39m &amp#27;[2m[           main]&amp#27;[0;39m &amp#27;[36morg.hibernate.SQL                       &amp#27;[0;39m &amp#27;[2m:&amp#27;[0;39m 
    insert 
    into
        riders
        (active,created_at,date_of_birth,email,first_name,ftp_watts,height_cm,last_name,nationality,specialization,team,updated_at,version,weight_kg,id) 
    values
        (?,?,?,?,?,?,?,?,?,?,?,?,?,?,default)
Hibernate: 
    insert 
    into
        riders
        (active,created_at,date_of_birth,email,first_name,ftp_watts,height_cm,last_name,nationality,specialization,team,updated_at,version,weight_kg,id) 
    values
        (?,?,?,?,?,?,?,?,?,?,?,?,?,?,default)
&amp#27;[2m2025-08-15T11:37:15.391-07:00&amp#27;[0;39m &amp#27;[32mDEBUG&amp#27;[0;39m &amp#27;[35m28291&amp#27;[0;39m &amp#27;[2m---&amp#27;[0;39m &amp#27;[2m[           main]&amp#27;[0;39m &amp#27;[36morg.hibernate.SQL                       &amp#27;[0;39m &amp#27;[2m:&amp#27;[0;39m 
    insert 
    into
        riders
        (active,created_at,date_of_birth,email,first_name,ftp_watts,height_cm,last_name,nationality,specialization,team,updated_at,version,weight_kg,id) 
    values
        (?,?,?,?,?,?,?,?,?,?,?,?,?,?,default)
Hibernate: 
    insert 
    into
        riders
        (active,created_at,date_of_birth,email,first_name,ftp_watts,height_cm,last_name,nationality,specialization,team,updated_at,version,weight_kg,id) 
    values
        (?,?,?,?,?,?,?,?,?,?,?,?,?,?,default)
&amp#27;[2m2025-08-15T11:37:15.393-07:00&amp#27;[0;39m &amp#27;[32mDEBUG&amp#27;[0;39m &amp#27;[35m28291&amp#27;[0;39m &amp#27;[2m---&amp#27;[0;39m &amp#27;[2m[           main]&amp#27;[0;39m &amp#27;[36morg.hibernate.SQL                       &amp#27;[0;39m &amp#27;[2m:&amp#27;[0;39m 
    select
        r1_0.team,
        count(r1_0.id) 
    from
        riders r1_0 
    where
        r1_0.active=true 
    group by
        r1_0.team 
    order by
        count(r1_0.id) desc
Hibernate: 
    select
        r1_0.team,
        count(r1_0.id) 
    from
        riders r1_0 
    where
        r1_0.active=true 
    group by
        r1_0.team 
    order by
        count(r1_0.id) desc
]]></system-out>
  </testcase>
  <testcase name="shouldFindOnlyInactiveRiders" classname="com.pelotoniq.cycling.repository.RiderRepositoryTest" time="0.004">
    <system-out><![CDATA[&amp#27;[2m2025-08-15T11:37:15.396-07:00&amp#27;[0;39m &amp#27;[32mDEBUG&amp#27;[0;39m &amp#27;[35m28291&amp#27;[0;39m &amp#27;[2m---&amp#27;[0;39m &amp#27;[2m[           main]&amp#27;[0;39m &amp#27;[36morg.hibernate.SQL                       &amp#27;[0;39m &amp#27;[2m:&amp#27;[0;39m 
    insert 
    into
        riders
        (active,created_at,date_of_birth,email,first_name,ftp_watts,height_cm,last_name,nationality,specialization,team,updated_at,version,weight_kg,id) 
    values
        (?,?,?,?,?,?,?,?,?,?,?,?,?,?,default)
Hibernate: 
    insert 
    into
        riders
        (active,created_at,date_of_birth,email,first_name,ftp_watts,height_cm,last_name,nationality,specialization,team,updated_at,version,weight_kg,id) 
    values
        (?,?,?,?,?,?,?,?,?,?,?,?,?,?,default)
&amp#27;[2m2025-08-15T11:37:15.397-07:00&amp#27;[0;39m &amp#27;[32mDEBUG&amp#27;[0;39m &amp#27;[35m28291&amp#27;[0;39m &amp#27;[2m---&amp#27;[0;39m &amp#27;[2m[           main]&amp#27;[0;39m &amp#27;[36morg.hibernate.SQL                       &amp#27;[0;39m &amp#27;[2m:&amp#27;[0;39m 
    insert 
    into
        riders
        (active,created_at,date_of_birth,email,first_name,ftp_watts,height_cm,last_name,nationality,specialization,team,updated_at,version,weight_kg,id) 
    values
        (?,?,?,?,?,?,?,?,?,?,?,?,?,?,default)
Hibernate: 
    insert 
    into
        riders
        (active,created_at,date_of_birth,email,first_name,ftp_watts,height_cm,last_name,nationality,specialization,team,updated_at,version,weight_kg,id) 
    values
        (?,?,?,?,?,?,?,?,?,?,?,?,?,?,default)
&amp#27;[2m2025-08-15T11:37:15.397-07:00&amp#27;[0;39m &amp#27;[32mDEBUG&amp#27;[0;39m &amp#27;[35m28291&amp#27;[0;39m &amp#27;[2m---&amp#27;[0;39m &amp#27;[2m[           main]&amp#27;[0;39m &amp#27;[36morg.hibernate.SQL                       &amp#27;[0;39m &amp#27;[2m:&amp#27;[0;39m 
    insert 
    into
        riders
        (active,created_at,date_of_birth,email,first_name,ftp_watts,height_cm,last_name,nationality,specialization,team,updated_at,version,weight_kg,id) 
    values
        (?,?,?,?,?,?,?,?,?,?,?,?,?,?,default)
Hibernate: 
    insert 
    into
        riders
        (active,created_at,date_of_birth,email,first_name,ftp_watts,height_cm,last_name,nationality,specialization,team,updated_at,version,weight_kg,id) 
    values
        (?,?,?,?,?,?,?,?,?,?,?,?,?,?,default)
&amp#27;[2m2025-08-15T11:37:15.397-07:00&amp#27;[0;39m &amp#27;[32mDEBUG&amp#27;[0;39m &amp#27;[35m28291&amp#27;[0;39m &amp#27;[2m---&amp#27;[0;39m &amp#27;[2m[           main]&amp#27;[0;39m &amp#27;[36morg.hibernate.SQL                       &amp#27;[0;39m &amp#27;[2m:&amp#27;[0;39m 
    insert 
    into
        riders
        (active,created_at,date_of_birth,email,first_name,ftp_watts,height_cm,last_name,nationality,specialization,team,updated_at,version,weight_kg,id) 
    values
        (?,?,?,?,?,?,?,?,?,?,?,?,?,?,default)
Hibernate: 
    insert 
    into
        riders
        (active,created_at,date_of_birth,email,first_name,ftp_watts,height_cm,last_name,nationality,specialization,team,updated_at,version,weight_kg,id) 
    values
        (?,?,?,?,?,?,?,?,?,?,?,?,?,?,default)
&amp#27;[2m2025-08-15T11:37:15.398-07:00&amp#27;[0;39m &amp#27;[32mDEBUG&amp#27;[0;39m &amp#27;[35m28291&amp#27;[0;39m &amp#27;[2m---&amp#27;[0;39m &amp#27;[2m[           main]&amp#27;[0;39m &amp#27;[36morg.hibernate.SQL                       &amp#27;[0;39m &amp#27;[2m:&amp#27;[0;39m 
    select
        r1_0.id,
        r1_0.active,
        r1_0.created_at,
        r1_0.date_of_birth,
        r1_0.email,
        r1_0.first_name,
        r1_0.ftp_watts,
        r1_0.height_cm,
        r1_0.last_name,
        r1_0.nationality,
        r1_0.specialization,
        r1_0.team,
        r1_0.updated_at,
        r1_0.version,
        r1_0.weight_kg 
    from
        riders r1_0 
    where
        not(r1_0.active)
Hibernate: 
    select
        r1_0.id,
        r1_0.active,
        r1_0.created_at,
        r1_0.date_of_birth,
        r1_0.email,
        r1_0.first_name,
        r1_0.ftp_watts,
        r1_0.height_cm,
        r1_0.last_name,
        r1_0.nationality,
        r1_0.specialization,
        r1_0.team,
        r1_0.updated_at,
        r1_0.version,
        r1_0.weight_kg 
    from
        riders r1_0 
    where
        not(r1_0.active)
]]></system-out>
  </testcase>
  <testcase name="shouldFindRidersBySpecialization" classname="com.pelotoniq.cycling.repository.RiderRepositoryTest" time="0.005">
    <system-out><![CDATA[&amp#27;[2m2025-08-15T11:37:15.401-07:00&amp#27;[0;39m &amp#27;[32mDEBUG&amp#27;[0;39m &amp#27;[35m28291&amp#27;[0;39m &amp#27;[2m---&amp#27;[0;39m &amp#27;[2m[           main]&amp#27;[0;39m &amp#27;[36morg.hibernate.SQL                       &amp#27;[0;39m &amp#27;[2m:&amp#27;[0;39m 
    insert 
    into
        riders
        (active,created_at,date_of_birth,email,first_name,ftp_watts,height_cm,last_name,nationality,specialization,team,updated_at,version,weight_kg,id) 
    values
        (?,?,?,?,?,?,?,?,?,?,?,?,?,?,default)
Hibernate: 
    insert 
    into
        riders
        (active,created_at,date_of_birth,email,first_name,ftp_watts,height_cm,last_name,nationality,specialization,team,updated_at,version,weight_kg,id) 
    values
        (?,?,?,?,?,?,?,?,?,?,?,?,?,?,default)
&amp#27;[2m2025-08-15T11:37:15.402-07:00&amp#27;[0;39m &amp#27;[32mDEBUG&amp#27;[0;39m &amp#27;[35m28291&amp#27;[0;39m &amp#27;[2m---&amp#27;[0;39m &amp#27;[2m[           main]&amp#27;[0;39m &amp#27;[36morg.hibernate.SQL                       &amp#27;[0;39m &amp#27;[2m:&amp#27;[0;39m 
    insert 
    into
        riders
        (active,created_at,date_of_birth,email,first_name,ftp_watts,height_cm,last_name,nationality,specialization,team,updated_at,version,weight_kg,id) 
    values
        (?,?,?,?,?,?,?,?,?,?,?,?,?,?,default)
Hibernate: 
    insert 
    into
        riders
        (active,created_at,date_of_birth,email,first_name,ftp_watts,height_cm,last_name,nationality,specialization,team,updated_at,version,weight_kg,id) 
    values
        (?,?,?,?,?,?,?,?,?,?,?,?,?,?,default)
&amp#27;[2m2025-08-15T11:37:15.402-07:00&amp#27;[0;39m &amp#27;[32mDEBUG&amp#27;[0;39m &amp#27;[35m28291&amp#27;[0;39m &amp#27;[2m---&amp#27;[0;39m &amp#27;[2m[           main]&amp#27;[0;39m &amp#27;[36morg.hibernate.SQL                       &amp#27;[0;39m &amp#27;[2m:&amp#27;[0;39m 
    insert 
    into
        riders
        (active,created_at,date_of_birth,email,first_name,ftp_watts,height_cm,last_name,nationality,specialization,team,updated_at,version,weight_kg,id) 
    values
        (?,?,?,?,?,?,?,?,?,?,?,?,?,?,default)
Hibernate: 
    insert 
    into
        riders
        (active,created_at,date_of_birth,email,first_name,ftp_watts,height_cm,last_name,nationality,specialization,team,updated_at,version,weight_kg,id) 
    values
        (?,?,?,?,?,?,?,?,?,?,?,?,?,?,default)
&amp#27;[2m2025-08-15T11:37:15.403-07:00&amp#27;[0;39m &amp#27;[32mDEBUG&amp#27;[0;39m &amp#27;[35m28291&amp#27;[0;39m &amp#27;[2m---&amp#27;[0;39m &amp#27;[2m[           main]&amp#27;[0;39m &amp#27;[36morg.hibernate.SQL                       &amp#27;[0;39m &amp#27;[2m:&amp#27;[0;39m 
    insert 
    into
        riders
        (active,created_at,date_of_birth,email,first_name,ftp_watts,height_cm,last_name,nationality,specialization,team,updated_at,version,weight_kg,id) 
    values
        (?,?,?,?,?,?,?,?,?,?,?,?,?,?,default)
Hibernate: 
    insert 
    into
        riders
        (active,created_at,date_of_birth,email,first_name,ftp_watts,height_cm,last_name,nationality,specialization,team,updated_at,version,weight_kg,id) 
    values
        (?,?,?,?,?,?,?,?,?,?,?,?,?,?,default)
&amp#27;[2m2025-08-15T11:37:15.404-07:00&amp#27;[0;39m &amp#27;[32mDEBUG&amp#27;[0;39m &amp#27;[35m28291&amp#27;[0;39m &amp#27;[2m---&amp#27;[0;39m &amp#27;[2m[           main]&amp#27;[0;39m &amp#27;[36morg.hibernate.SQL                       &amp#27;[0;39m &amp#27;[2m:&amp#27;[0;39m 
    select
        r1_0.id,
        r1_0.active,
        r1_0.created_at,
        r1_0.date_of_birth,
        r1_0.email,
        r1_0.first_name,
        r1_0.ftp_watts,
        r1_0.height_cm,
        r1_0.last_name,
        r1_0.nationality,
        r1_0.specialization,
        r1_0.team,
        r1_0.updated_at,
        r1_0.version,
        r1_0.weight_kg 
    from
        riders r1_0 
    where
        r1_0.specialization=?
Hibernate: 
    select
        r1_0.id,
        r1_0.active,
        r1_0.created_at,
        r1_0.date_of_birth,
        r1_0.email,
        r1_0.first_name,
        r1_0.ftp_watts,
        r1_0.height_cm,
        r1_0.last_name,
        r1_0.nationality,
        r1_0.specialization,
        r1_0.team,
        r1_0.updated_at,
        r1_0.version,
        r1_0.weight_kg 
    from
        riders r1_0 
    where
        r1_0.specialization=?
]]></system-out>
  </testcase>
  <testcase name="shouldFindRidersByTeamWithPagination" classname="com.pelotoniq.cycling.repository.RiderRepositoryTest" time="0.006">
    <system-out><![CDATA[&amp#27;[2m2025-08-15T11:37:15.406-07:00&amp#27;[0;39m &amp#27;[32mDEBUG&amp#27;[0;39m &amp#27;[35m28291&amp#27;[0;39m &amp#27;[2m---&amp#27;[0;39m &amp#27;[2m[           main]&amp#27;[0;39m &amp#27;[36morg.hibernate.SQL                       &amp#27;[0;39m &amp#27;[2m:&amp#27;[0;39m 
    insert 
    into
        riders
        (active,created_at,date_of_birth,email,first_name,ftp_watts,height_cm,last_name,nationality,specialization,team,updated_at,version,weight_kg,id) 
    values
        (?,?,?,?,?,?,?,?,?,?,?,?,?,?,default)
Hibernate: 
    insert 
    into
        riders
        (active,created_at,date_of_birth,email,first_name,ftp_watts,height_cm,last_name,nationality,specialization,team,updated_at,version,weight_kg,id) 
    values
        (?,?,?,?,?,?,?,?,?,?,?,?,?,?,default)
&amp#27;[2m2025-08-15T11:37:15.407-07:00&amp#27;[0;39m &amp#27;[32mDEBUG&amp#27;[0;39m &amp#27;[35m28291&amp#27;[0;39m &amp#27;[2m---&amp#27;[0;39m &amp#27;[2m[           main]&amp#27;[0;39m &amp#27;[36morg.hibernate.SQL                       &amp#27;[0;39m &amp#27;[2m:&amp#27;[0;39m 
    insert 
    into
        riders
        (active,created_at,date_of_birth,email,first_name,ftp_watts,height_cm,last_name,nationality,specialization,team,updated_at,version,weight_kg,id) 
    values
        (?,?,?,?,?,?,?,?,?,?,?,?,?,?,default)
Hibernate: 
    insert 
    into
        riders
        (active,created_at,date_of_birth,email,first_name,ftp_watts,height_cm,last_name,nationality,specialization,team,updated_at,version,weight_kg,id) 
    values
        (?,?,?,?,?,?,?,?,?,?,?,?,?,?,default)
&amp#27;[2m2025-08-15T11:37:15.407-07:00&amp#27;[0;39m &amp#27;[32mDEBUG&amp#27;[0;39m &amp#27;[35m28291&amp#27;[0;39m &amp#27;[2m---&amp#27;[0;39m &amp#27;[2m[           main]&amp#27;[0;39m &amp#27;[36morg.hibernate.SQL                       &amp#27;[0;39m &amp#27;[2m:&amp#27;[0;39m 
    insert 
    into
        riders
        (active,created_at,date_of_birth,email,first_name,ftp_watts,height_cm,last_name,nationality,specialization,team,updated_at,version,weight_kg,id) 
    values
        (?,?,?,?,?,?,?,?,?,?,?,?,?,?,default)
Hibernate: 
    insert 
    into
        riders
        (active,created_at,date_of_birth,email,first_name,ftp_watts,height_cm,last_name,nationality,specialization,team,updated_at,version,weight_kg,id) 
    values
        (?,?,?,?,?,?,?,?,?,?,?,?,?,?,default)
&amp#27;[2m2025-08-15T11:37:15.408-07:00&amp#27;[0;39m &amp#27;[32mDEBUG&amp#27;[0;39m &amp#27;[35m28291&amp#27;[0;39m &amp#27;[2m---&amp#27;[0;39m &amp#27;[2m[           main]&amp#27;[0;39m &amp#27;[36morg.hibernate.SQL                       &amp#27;[0;39m &amp#27;[2m:&amp#27;[0;39m 
    insert 
    into
        riders
        (active,created_at,date_of_birth,email,first_name,ftp_watts,height_cm,last_name,nationality,specialization,team,updated_at,version,weight_kg,id) 
    values
        (?,?,?,?,?,?,?,?,?,?,?,?,?,?,default)
Hibernate: 
    insert 
    into
        riders
        (active,created_at,date_of_birth,email,first_name,ftp_watts,height_cm,last_name,nationality,specialization,team,updated_at,version,weight_kg,id) 
    values
        (?,?,?,?,?,?,?,?,?,?,?,?,?,?,default)
&amp#27;[2m2025-08-15T11:37:15.409-07:00&amp#27;[0;39m &amp#27;[32mDEBUG&amp#27;[0;39m &amp#27;[35m28291&amp#27;[0;39m &amp#27;[2m---&amp#27;[0;39m &amp#27;[2m[           main]&amp#27;[0;39m &amp#27;[36morg.hibernate.SQL                       &amp#27;[0;39m &amp#27;[2m:&amp#27;[0;39m 
    select
        r1_0.id,
        r1_0.active,
        r1_0.created_at,
        r1_0.date_of_birth,
        r1_0.email,
        r1_0.first_name,
        r1_0.ftp_watts,
        r1_0.height_cm,
        r1_0.last_name,
        r1_0.nationality,
        r1_0.specialization,
        r1_0.team,
        r1_0.updated_at,
        r1_0.version,
        r1_0.weight_kg 
    from
        riders r1_0 
    where
        r1_0.team=? offset ? rows fetch first ? rows only
Hibernate: 
    select
        r1_0.id,
        r1_0.active,
        r1_0.created_at,
        r1_0.date_of_birth,
        r1_0.email,
        r1_0.first_name,
        r1_0.ftp_watts,
        r1_0.height_cm,
        r1_0.last_name,
        r1_0.nationality,
        r1_0.specialization,
        r1_0.team,
        r1_0.updated_at,
        r1_0.version,
        r1_0.weight_kg 
    from
        riders r1_0 
    where
        r1_0.team=? offset ? rows fetch first ? rows only
&amp#27;[2m2025-08-15T11:37:15.410-07:00&amp#27;[0;39m &amp#27;[32mDEBUG&amp#27;[0;39m &amp#27;[35m28291&amp#27;[0;39m &amp#27;[2m---&amp#27;[0;39m &amp#27;[2m[           main]&amp#27;[0;39m &amp#27;[36morg.hibernate.SQL                       &amp#27;[0;39m &amp#27;[2m:&amp#27;[0;39m 
    select
        count(r1_0.id) 
    from
        riders r1_0 
    where
        r1_0.team=?
Hibernate: 
    select
        count(r1_0.id) 
    from
        riders r1_0 
    where
        r1_0.team=?
]]></system-out>
  </testcase>
  <testcase name="shouldFindAverageAgeByTeam" classname="com.pelotoniq.cycling.repository.RiderRepositoryTest" time="0.006">
    <system-out><![CDATA[&amp#27;[2m2025-08-15T11:37:15.412-07:00&amp#27;[0;39m &amp#27;[32mDEBUG&amp#27;[0;39m &amp#27;[35m28291&amp#27;[0;39m &amp#27;[2m---&amp#27;[0;39m &amp#27;[2m[           main]&amp#27;[0;39m &amp#27;[36morg.hibernate.SQL                       &amp#27;[0;39m &amp#27;[2m:&amp#27;[0;39m 
    insert 
    into
        riders
        (active,created_at,date_of_birth,email,first_name,ftp_watts,height_cm,last_name,nationality,specialization,team,updated_at,version,weight_kg,id) 
    values
        (?,?,?,?,?,?,?,?,?,?,?,?,?,?,default)
Hibernate: 
    insert 
    into
        riders
        (active,created_at,date_of_birth,email,first_name,ftp_watts,height_cm,last_name,nationality,specialization,team,updated_at,version,weight_kg,id) 
    values
        (?,?,?,?,?,?,?,?,?,?,?,?,?,?,default)
&amp#27;[2m2025-08-15T11:37:15.412-07:00&amp#27;[0;39m &amp#27;[32mDEBUG&amp#27;[0;39m &amp#27;[35m28291&amp#27;[0;39m &amp#27;[2m---&amp#27;[0;39m &amp#27;[2m[           main]&amp#27;[0;39m &amp#27;[36morg.hibernate.SQL                       &amp#27;[0;39m &amp#27;[2m:&amp#27;[0;39m 
    insert 
    into
        riders
        (active,created_at,date_of_birth,email,first_name,ftp_watts,height_cm,last_name,nationality,specialization,team,updated_at,version,weight_kg,id) 
    values
        (?,?,?,?,?,?,?,?,?,?,?,?,?,?,default)
Hibernate: 
    insert 
    into
        riders
        (active,created_at,date_of_birth,email,first_name,ftp_watts,height_cm,last_name,nationality,specialization,team,updated_at,version,weight_kg,id) 
    values
        (?,?,?,?,?,?,?,?,?,?,?,?,?,?,default)
&amp#27;[2m2025-08-15T11:37:15.413-07:00&amp#27;[0;39m &amp#27;[32mDEBUG&amp#27;[0;39m &amp#27;[35m28291&amp#27;[0;39m &amp#27;[2m---&amp#27;[0;39m &amp#27;[2m[           main]&amp#27;[0;39m &amp#27;[36morg.hibernate.SQL                       &amp#27;[0;39m &amp#27;[2m:&amp#27;[0;39m 
    insert 
    into
        riders
        (active,created_at,date_of_birth,email,first_name,ftp_watts,height_cm,last_name,nationality,specialization,team,updated_at,version,weight_kg,id) 
    values
        (?,?,?,?,?,?,?,?,?,?,?,?,?,?,default)
Hibernate: 
    insert 
    into
        riders
        (active,created_at,date_of_birth,email,first_name,ftp_watts,height_cm,last_name,nationality,specialization,team,updated_at,version,weight_kg,id) 
    values
        (?,?,?,?,?,?,?,?,?,?,?,?,?,?,default)
&amp#27;[2m2025-08-15T11:37:15.413-07:00&amp#27;[0;39m &amp#27;[32mDEBUG&amp#27;[0;39m &amp#27;[35m28291&amp#27;[0;39m &amp#27;[2m---&amp#27;[0;39m &amp#27;[2m[           main]&amp#27;[0;39m &amp#27;[36morg.hibernate.SQL                       &amp#27;[0;39m &amp#27;[2m:&amp#27;[0;39m 
    insert 
    into
        riders
        (active,created_at,date_of_birth,email,first_name,ftp_watts,height_cm,last_name,nationality,specialization,team,updated_at,version,weight_kg,id) 
    values
        (?,?,?,?,?,?,?,?,?,?,?,?,?,?,default)
Hibernate: 
    insert 
    into
        riders
        (active,created_at,date_of_birth,email,first_name,ftp_watts,height_cm,last_name,nationality,specialization,team,updated_at,version,weight_kg,id) 
    values
        (?,?,?,?,?,?,?,?,?,?,?,?,?,?,default)
&amp#27;[2m2025-08-15T11:37:15.415-07:00&amp#27;[0;39m &amp#27;[32mDEBUG&amp#27;[0;39m &amp#27;[35m28291&amp#27;[0;39m &amp#27;[2m---&amp#27;[0;39m &amp#27;[2m[           main]&amp#27;[0;39m &amp#27;[36morg.hibernate.SQL                       &amp#27;[0;39m &amp#27;[2m:&amp#27;[0;39m 
    select
        avg(cast((extract(year from current_date)-extract(year from r1_0.date_of_birth)) as float(53))) 
    from
        riders r1_0 
    where
        r1_0.team=?
Hibernate: 
    select
        avg(cast((extract(year from current_date)-extract(year from r1_0.date_of_birth)) as float(53))) 
    from
        riders r1_0 
    where
        r1_0.team=?
]]></system-out>
  </testcase>
  <testcase name="shouldFindTopRidersByPowerToWeightRatio" classname="com.pelotoniq.cycling.repository.RiderRepositoryTest" time="0.006">
    <system-out><![CDATA[&amp#27;[2m2025-08-15T11:37:15.419-07:00&amp#27;[0;39m &amp#27;[32mDEBUG&amp#27;[0;39m &amp#27;[35m28291&amp#27;[0;39m &amp#27;[2m---&amp#27;[0;39m &amp#27;[2m[           main]&amp#27;[0;39m &amp#27;[36morg.hibernate.SQL                       &amp#27;[0;39m &amp#27;[2m:&amp#27;[0;39m 
    insert 
    into
        riders
        (active,created_at,date_of_birth,email,first_name,ftp_watts,height_cm,last_name,nationality,specialization,team,updated_at,version,weight_kg,id) 
    values
        (?,?,?,?,?,?,?,?,?,?,?,?,?,?,default)
Hibernate: 
    insert 
    into
        riders
        (active,created_at,date_of_birth,email,first_name,ftp_watts,height_cm,last_name,nationality,specialization,team,updated_at,version,weight_kg,id) 
    values
        (?,?,?,?,?,?,?,?,?,?,?,?,?,?,default)
&amp#27;[2m2025-08-15T11:37:15.419-07:00&amp#27;[0;39m &amp#27;[32mDEBUG&amp#27;[0;39m &amp#27;[35m28291&amp#27;[0;39m &amp#27;[2m---&amp#27;[0;39m &amp#27;[2m[           main]&amp#27;[0;39m &amp#27;[36morg.hibernate.SQL                       &amp#27;[0;39m &amp#27;[2m:&amp#27;[0;39m 
    insert 
    into
        riders
        (active,created_at,date_of_birth,email,first_name,ftp_watts,height_cm,last_name,nationality,specialization,team,updated_at,version,weight_kg,id) 
    values
        (?,?,?,?,?,?,?,?,?,?,?,?,?,?,default)
Hibernate: 
    insert 
    into
        riders
        (active,created_at,date_of_birth,email,first_name,ftp_watts,height_cm,last_name,nationality,specialization,team,updated_at,version,weight_kg,id) 
    values
        (?,?,?,?,?,?,?,?,?,?,?,?,?,?,default)
&amp#27;[2m2025-08-15T11:37:15.420-07:00&amp#27;[0;39m &amp#27;[32mDEBUG&amp#27;[0;39m &amp#27;[35m28291&amp#27;[0;39m &amp#27;[2m---&amp#27;[0;39m &amp#27;[2m[           main]&amp#27;[0;39m &amp#27;[36morg.hibernate.SQL                       &amp#27;[0;39m &amp#27;[2m:&amp#27;[0;39m 
    insert 
    into
        riders
        (active,created_at,date_of_birth,email,first_name,ftp_watts,height_cm,last_name,nationality,specialization,team,updated_at,version,weight_kg,id) 
    values
        (?,?,?,?,?,?,?,?,?,?,?,?,?,?,default)
Hibernate: 
    insert 
    into
        riders
        (active,created_at,date_of_birth,email,first_name,ftp_watts,height_cm,last_name,nationality,specialization,team,updated_at,version,weight_kg,id) 
    values
        (?,?,?,?,?,?,?,?,?,?,?,?,?,?,default)
&amp#27;[2m2025-08-15T11:37:15.420-07:00&amp#27;[0;39m &amp#27;[32mDEBUG&amp#27;[0;39m &amp#27;[35m28291&amp#27;[0;39m &amp#27;[2m---&amp#27;[0;39m &amp#27;[2m[           main]&amp#27;[0;39m &amp#27;[36morg.hibernate.SQL                       &amp#27;[0;39m &amp#27;[2m:&amp#27;[0;39m 
    insert 
    into
        riders
        (active,created_at,date_of_birth,email,first_name,ftp_watts,height_cm,last_name,nationality,specialization,team,updated_at,version,weight_kg,id) 
    values
        (?,?,?,?,?,?,?,?,?,?,?,?,?,?,default)
Hibernate: 
    insert 
    into
        riders
        (active,created_at,date_of_birth,email,first_name,ftp_watts,height_cm,last_name,nationality,specialization,team,updated_at,version,weight_kg,id) 
    values
        (?,?,?,?,?,?,?,?,?,?,?,?,?,?,default)
&amp#27;[2m2025-08-15T11:37:15.422-07:00&amp#27;[0;39m &amp#27;[32mDEBUG&amp#27;[0;39m &amp#27;[35m28291&amp#27;[0;39m &amp#27;[2m---&amp#27;[0;39m &amp#27;[2m[           main]&amp#27;[0;39m &amp#27;[36morg.hibernate.SQL                       &amp#27;[0;39m &amp#27;[2m:&amp#27;[0;39m 
    select
        r1_0.id,
        r1_0.active,
        r1_0.created_at,
        r1_0.date_of_birth,
        r1_0.email,
        r1_0.first_name,
        r1_0.ftp_watts,
        r1_0.height_cm,
        r1_0.last_name,
        r1_0.nationality,
        r1_0.specialization,
        r1_0.team,
        r1_0.updated_at,
        r1_0.version,
        r1_0.weight_kg 
    from
        riders r1_0 
    where
        r1_0.active=true 
        and r1_0.ftp_watts is not null 
        and r1_0.weight_kg is not null 
    order by
        (r1_0.ftp_watts/r1_0.weight_kg) desc offset ? rows fetch first ? rows only
Hibernate: 
    select
        r1_0.id,
        r1_0.active,
        r1_0.created_at,
        r1_0.date_of_birth,
        r1_0.email,
        r1_0.first_name,
        r1_0.ftp_watts,
        r1_0.height_cm,
        r1_0.last_name,
        r1_0.nationality,
        r1_0.specialization,
        r1_0.team,
        r1_0.updated_at,
        r1_0.version,
        r1_0.weight_kg 
    from
        riders r1_0 
    where
        r1_0.active=true 
        and r1_0.ftp_watts is not null 
        and r1_0.weight_kg is not null 
    order by
        (r1_0.ftp_watts/r1_0.weight_kg) desc offset ? rows fetch first ? rows only
]]></system-out>
  </testcase>
  <testcase name="shouldFindRidersByTeam" classname="com.pelotoniq.cycling.repository.RiderRepositoryTest" time="0.004">
    <system-out><![CDATA[&amp#27;[2m2025-08-15T11:37:15.425-07:00&amp#27;[0;39m &amp#27;[32mDEBUG&amp#27;[0;39m &amp#27;[35m28291&amp#27;[0;39m &amp#27;[2m---&amp#27;[0;39m &amp#27;[2m[           main]&amp#27;[0;39m &amp#27;[36morg.hibernate.SQL                       &amp#27;[0;39m &amp#27;[2m:&amp#27;[0;39m 
    insert 
    into
        riders
        (active,created_at,date_of_birth,email,first_name,ftp_watts,height_cm,last_name,nationality,specialization,team,updated_at,version,weight_kg,id) 
    values
        (?,?,?,?,?,?,?,?,?,?,?,?,?,?,default)
Hibernate: 
    insert 
    into
        riders
        (active,created_at,date_of_birth,email,first_name,ftp_watts,height_cm,last_name,nationality,specialization,team,updated_at,version,weight_kg,id) 
    values
        (?,?,?,?,?,?,?,?,?,?,?,?,?,?,default)
&amp#27;[2m2025-08-15T11:37:15.425-07:00&amp#27;[0;39m &amp#27;[32mDEBUG&amp#27;[0;39m &amp#27;[35m28291&amp#27;[0;39m &amp#27;[2m---&amp#27;[0;39m &amp#27;[2m[           main]&amp#27;[0;39m &amp#27;[36morg.hibernate.SQL                       &amp#27;[0;39m &amp#27;[2m:&amp#27;[0;39m 
    insert 
    into
        riders
        (active,created_at,date_of_birth,email,first_name,ftp_watts,height_cm,last_name,nationality,specialization,team,updated_at,version,weight_kg,id) 
    values
        (?,?,?,?,?,?,?,?,?,?,?,?,?,?,default)
Hibernate: 
    insert 
    into
        riders
        (active,created_at,date_of_birth,email,first_name,ftp_watts,height_cm,last_name,nationality,specialization,team,updated_at,version,weight_kg,id) 
    values
        (?,?,?,?,?,?,?,?,?,?,?,?,?,?,default)
[...]
    values
        (?,?,?,?,?,?,?,?,?,?,?,?,?,?,default)
&amp#27;[2m2025-08-15T11:37:15.462-07:00&amp#27;[0;39m &amp#27;[32mDEBUG&amp#27;[0;39m &amp#27;[35m28291&amp#27;[0;39m &amp#27;[2m---&amp#27;[0;39m &amp#27;[2m[           main]&amp#27;[0;39m &amp#27;[36morg.hibernate.SQL                       &amp#27;[0;39m &amp#27;[2m:&amp#27;[0;39m 
    insert 
    into
        riders
        (active,created_at,date_of_birth,email,first_name,ftp_watts,height_cm,last_name,nationality,specialization,team,updated_at,version,weight_kg,id) 
    values
        (?,?,?,?,?,?,?,?,?,?,?,?,?,?,default)
Hibernate: 
    insert 
    into
        riders
        (active,created_at,date_of_birth,email,first_name,ftp_watts,height_cm,last_name,nationality,specialization,team,updated_at,version,weight_kg,id) 
    values
        (?,?,?,?,?,?,?,?,?,?,?,?,?,?,default)
&amp#27;[2m2025-08-15T11:37:15.463-07:00&amp#27;[0;39m &amp#27;[32mDEBUG&amp#27;[0;39m &amp#27;[35m28291&amp#27;[0;39m &amp#27;[2m---&amp#27;[0;39m &amp#27;[2m[           main]&amp#27;[0;39m &amp#27;[36morg.hibernate.SQL                       &amp#27;[0;39m &amp#27;[2m:&amp#27;[0;39m 
    select
        r1_0.id,
        r1_0.active,
        r1_0.created_at,
        r1_0.date_of_birth,
        r1_0.email,
        r1_0.first_name,
        r1_0.ftp_watts,
        r1_0.height_cm,
        r1_0.last_name,
        r1_0.nationality,
        r1_0.specialization,
        r1_0.team,
        r1_0.updated_at,
        r1_0.version,
        r1_0.weight_kg 
    from
        riders r1_0 
    where
        r1_0.email=?
Hibernate: 
    select
        r1_0.id,
        r1_0.active,
        r1_0.created_at,
        r1_0.date_of_birth,
        r1_0.email,
        r1_0.first_name,
        r1_0.ftp_watts,
        r1_0.height_cm,
        r1_0.last_name,
        r1_0.nationality,
        r1_0.specialization,
        r1_0.team,
        r1_0.updated_at,
        r1_0.version,
        r1_0.weight_kg 
    from
        riders r1_0 
    where
        r1_0.email=?
]]></system-out>
  </testcase>
  <testcase name="shouldFindTopRidersByFtp" classname="com.pelotoniq.cycling.repository.RiderRepositoryTest" time="0.005">
    <system-out><![CDATA[&amp#27;[2m2025-08-15T11:37:15.465-07:00&amp#27;[0;39m &amp#27;[32mDEBUG&amp#27;[0;39m &amp#27;[35m28291&amp#27;[0;39m &amp#27;[2m---&amp#27;[0;39m &amp#27;[2m[           main]&amp#27;[0;39m &amp#27;[36morg.hibernate.SQL                       &amp#27;[0;39m &amp#27;[2m:&amp#27;[0;39m 
    insert 
    into
        riders
        (active,created_at,date_of_birth,email,first_name,ftp_watts,height_cm,last_name,nationality,specialization,team,updated_at,version,weight_kg,id) 
    values
        (?,?,?,?,?,?,?,?,?,?,?,?,?,?,default)
Hibernate: 
    insert 
    into
        riders
        (active,created_at,date_of_birth,email,first_name,ftp_watts,height_cm,last_name,nationality,specialization,team,updated_at,version,weight_kg,id) 
    values
        (?,?,?,?,?,?,?,?,?,?,?,?,?,?,default)
&amp#27;[2m2025-08-15T11:37:15.466-07:00&amp#27;[0;39m &amp#27;[32mDEBUG&amp#27;[0;39m &amp#27;[35m28291&amp#27;[0;39m &amp#27;[2m---&amp#27;[0;39m &amp#27;[2m[           main]&amp#27;[0;39m &amp#27;[36morg.hibernate.SQL                       &amp#27;[0;39m &amp#27;[2m:&amp#27;[0;39m 
    insert 
    into
        riders
        (active,created_at,date_of_birth,email,first_name,ftp_watts,height_cm,last_name,nationality,specialization,team,updated_at,version,weight_kg,id) 
    values
        (?,?,?,?,?,?,?,?,?,?,?,?,?,?,default)
Hibernate: 
    insert 
    into
        riders
        (active,created_at,date_of_birth,email,first_name,ftp_watts,height_cm,last_name,nationality,specialization,team,updated_at,version,weight_kg,id) 
    values
        (?,?,?,?,?,?,?,?,?,?,?,?,?,?,default)
&amp#27;[2m2025-08-15T11:37:15.466-07:00&amp#27;[0;39m &amp#27;[32mDEBUG&amp#27;[0;39m &amp#27;[35m28291&amp#27;[0;39m &amp#27;[2m---&amp#27;[0;39m &amp#27;[2m[           main]&amp#27;[0;39m &amp#27;[36morg.hibernate.SQL                       &amp#27;[0;39m &amp#27;[2m:&amp#27;[0;39m 
    insert 
    into
        riders
        (active,created_at,date_of_birth,email,first_name,ftp_watts,height_cm,last_name,nationality,specialization,team,updated_at,version,weight_kg,id) 
    values
        (?,?,?,?,?,?,?,?,?,?,?,?,?,?,default)
Hibernate: 
    insert 
    into
        riders
        (active,created_at,date_of_birth,email,first_name,ftp_watts,height_cm,last_name,nationality,specialization,team,updated_at,version,weight_kg,id) 
    values
        (?,?,?,?,?,?,?,?,?,?,?,?,?,?,default)
&amp#27;[2m2025-08-15T11:37:15.466-07:00&amp#27;[0;39m &amp#27;[32mDEBUG&amp#27;[0;39m &amp#27;[35m28291&amp#27;[0;39m &amp#27;[2m---&amp#27;[0;39m &amp#27;[2m[           main]&amp#27;[0;39m &amp#27;[36morg.hibernate.SQL                       &amp#27;[0;39m &amp#27;[2m:&amp#27;[0;39m 
    insert 
    into
        riders
        (active,created_at,date_of_birth,email,first_name,ftp_watts,height_cm,last_name,nationality,specialization,team,updated_at,version,weight_kg,id) 
    values
        (?,?,?,?,?,?,?,?,?,?,?,?,?,?,default)
Hibernate: 
    insert 
    into
        riders
        (active,created_at,date_of_birth,email,first_name,ftp_watts,height_cm,last_name,nationality,specialization,team,updated_at,version,weight_kg,id) 
    values
        (?,?,?,?,?,?,?,?,?,?,?,?,?,?,default)
&amp#27;[2m2025-08-15T11:37:15.467-07:00&amp#27;[0;39m &amp#27;[32mDEBUG&amp#27;[0;39m &amp#27;[35m28291&amp#27;[0;39m &amp#27;[2m---&amp#27;[0;39m &amp#27;[2m[           main]&amp#27;[0;39m &amp#27;[36morg.hibernate.SQL                       &amp#27;[0;39m &amp#27;[2m:&amp#27;[0;39m 
    select
        r1_0.id,
        r1_0.active,
        r1_0.created_at,
        r1_0.date_of_birth,
        r1_0.email,
        r1_0.first_name,
        r1_0.ftp_watts,
        r1_0.height_cm,
        r1_0.last_name,
        r1_0.nationality,
        r1_0.specialization,
        r1_0.team,
        r1_0.updated_at,
        r1_0.version,
        r1_0.weight_kg 
    from
        riders r1_0 
    where
        r1_0.active=true 
    order by
        r1_0.ftp_watts desc offset ? rows fetch first ? rows only
Hibernate: 
    select
        r1_0.id,
        r1_0.active,
        r1_0.created_at,
        r1_0.date_of_birth,
        r1_0.email,
        r1_0.first_name,
        r1_0.ftp_watts,
        r1_0.height_cm,
        r1_0.last_name,
        r1_0.nationality,
        r1_0.specialization,
        r1_0.team,
        r1_0.updated_at,
        r1_0.version,
        r1_0.weight_kg 
    from
        riders r1_0 
    where
        r1_0.active=true 
    order by
        r1_0.ftp_watts desc offset ? rows fetch first ? rows only
]]></system-out>
  </testcase>
  <testcase name="shouldFindRidersByPowerToWeightRatio" classname="com.pelotoniq.cycling.repository.RiderRepositoryTest" time="0.005">
    <system-out><![CDATA[&amp#27;[2m2025-08-15T11:37:15.470-07:00&amp#27;[0;39m &amp#27;[32mDEBUG&amp#27;[0;39m &amp#27;[35m28291&amp#27;[0;39m &amp#27;[2m---&amp#27;[0;39m &amp#27;[2m[           main]&amp#27;[0;39m &amp#27;[36morg.hibernate.SQL                       &amp#27;[0;39m &amp#27;[2m:&amp#27;[0;39m 
    insert 
    into
        riders
        (active,created_at,date_of_birth,email,first_name,ftp_watts,height_cm,last_name,nationality,specialization,team,updated_at,version,weight_kg,id) 
    values
        (?,?,?,?,?,?,?,?,?,?,?,?,?,?,default)
Hibernate: 
    insert 
    into
        riders
        (active,created_at,date_of_birth,email,first_name,ftp_watts,height_cm,last_name,nationality,specialization,team,updated_at,version,weight_kg,id) 
    values
        (?,?,?,?,?,?,?,?,?,?,?,?,?,?,default)
&amp#27;[2m2025-08-15T11:37:15.471-07:00&amp#27;[0;39m &amp#27;[32mDEBUG&amp#27;[0;39m &amp#27;[35m28291&amp#27;[0;39m &amp#27;[2m---&amp#27;[0;39m &amp#27;[2m[           main]&amp#27;[0;39m &amp#27;[36morg.hibernate.SQL                       &amp#27;[0;39m &amp#27;[2m:&amp#27;[0;39m 
    insert 
    into
        riders
        (active,created_at,date_of_birth,email,first_name,ftp_watts,height_cm,last_name,nationality,specialization,team,updated_at,version,weight_kg,id) 
    values
        (?,?,?,?,?,?,?,?,?,?,?,?,?,?,default)
Hibernate: 
    insert 
    into
        riders
        (active,created_at,date_of_birth,email,first_name,ftp_watts,height_cm,last_name,nationality,specialization,team,updated_at,version,weight_kg,id) 
    values
        (?,?,?,?,?,?,?,?,?,?,?,?,?,?,default)
&amp#27;[2m2025-08-15T11:37:15.471-07:00&amp#27;[0;39m &amp#27;[32mDEBUG&amp#27;[0;39m &amp#27;[35m28291&amp#27;[0;39m &amp#27;[2m---&amp#27;[0;39m &amp#27;[2m[           main]&amp#27;[0;39m &amp#27;[36morg.hibernate.SQL                       &amp#27;[0;39m &amp#27;[2m:&amp#27;[0;39m 
    insert 
    into
        riders
        (active,created_at,date_of_birth,email,first_name,ftp_watts,height_cm,last_name,nationality,specialization,team,updated_at,version,weight_kg,id) 
    values
        (?,?,?,?,?,?,?,?,?,?,?,?,?,?,default)
Hibernate: 
    insert 
    into
        riders
        (active,created_at,date_of_birth,email,first_name,ftp_watts,height_cm,last_name,nationality,specialization,team,updated_at,version,weight_kg,id) 
    values
        (?,?,?,?,?,?,?,?,?,?,?,?,?,?,default)
&amp#27;[2m2025-08-15T11:37:15.471-07:00&amp#27;[0;39m &amp#27;[32mDEBUG&amp#27;[0;39m &amp#27;[35m28291&amp#27;[0;39m &amp#27;[2m---&amp#27;[0;39m &amp#27;[2m[           main]&amp#27;[0;39m &amp#27;[36morg.hibernate.SQL                       &amp#27;[0;39m &amp#27;[2m:&amp#27;[0;39m 
    insert 
    into
        riders
        (active,created_at,date_of_birth,email,first_name,ftp_watts,height_cm,last_name,nationality,specialization,team,updated_at,version,weight_kg,id) 
    values
        (?,?,?,?,?,?,?,?,?,?,?,?,?,?,default)
Hibernate: 
    insert 
    into
        riders
        (active,created_at,date_of_birth,email,first_name,ftp_watts,height_cm,last_name,nationality,specialization,team,updated_at,version,weight_kg,id) 
    values
        (?,?,?,?,?,?,?,?,?,?,?,?,?,?,default)
&amp#27;[2m2025-08-15T11:37:15.473-07:00&amp#27;[0;39m &amp#27;[32mDEBUG&amp#27;[0;39m &amp#27;[35m28291&amp#27;[0;39m &amp#27;[2m---&amp#27;[0;39m &amp#27;[2m[           main]&amp#27;[0;39m &amp#27;[36morg.hibernate.SQL                       &amp#27;[0;39m &amp#27;[2m:&amp#27;[0;39m 
    select
        r1_0.id,
        r1_0.active,
        r1_0.created_at,
        r1_0.date_of_birth,
        r1_0.email,
        r1_0.first_name,
        r1_0.ftp_watts,
        r1_0.height_cm,
        r1_0.last_name,
        r1_0.nationality,
        r1_0.specialization,
        r1_0.team,
        r1_0.updated_at,
        r1_0.version,
        r1_0.weight_kg 
    from
        riders r1_0 
    where
        r1_0.ftp_watts is not null 
        and r1_0.weight_kg is not null 
        and (
            r1_0.ftp_watts/r1_0.weight_kg
        )>=?
Hibernate: 
    select
        r1_0.id,
        r1_0.active,
        r1_0.created_at,
        r1_0.date_of_birth,
        r1_0.email,
        r1_0.first_name,
        r1_0.ftp_watts,
        r1_0.height_cm,
        r1_0.last_name,
        r1_0.nationality,
        r1_0.specialization,
        r1_0.team,
        r1_0.updated_at,
        r1_0.version,
        r1_0.weight_kg 
    from
        riders r1_0 
    where
        r1_0.ftp_watts is not null 
        and r1_0.weight_kg is not null 
        and (
            r1_0.ftp_watts/r1_0.weight_kg
        )>=?
]]></system-out>
  </testcase>
  <testcase name="shouldFindRidersByHeightRange" classname="com.pelotoniq.cycling.repository.RiderRepositoryTest" time="0.004">
    <system-out><![CDATA[&amp#27;[2m2025-08-15T11:37:15.475-07:00&amp#27;[0;39m &amp#27;[32mDEBUG&amp#27;[0;39m &amp#27;[35m28291&amp#27;[0;39m &amp#27;[2m---&amp#27;[0;39m &amp#27;[2m[           main]&amp#27;[0;39m &amp#27;[36morg.hibernate.SQL                       &amp#27;[0;39m &amp#27;[2m:&amp#27;[0;39m 
    insert 
    into
        riders
        (active,created_at,date_of_birth,email,first_name,ftp_watts,height_cm,last_name,nationality,specialization,team,updated_at,version,weight_kg,id) 
    values
        (?,?,?,?,?,?,?,?,?,?,?,?,?,?,default)
Hibernate: 
    insert 
    into
        riders
        (active,created_at,date_of_birth,email,first_name,ftp_watts,height_cm,last_name,nationality,specialization,team,updated_at,version,weight_kg,id) 
    values
        (?,?,?,?,?,?,?,?,?,?,?,?,?,?,default)
&amp#27;[2m2025-08-15T11:37:15.476-07:00&amp#27;[0;39m &amp#27;[32mDEBUG&amp#27;[0;39m &amp#27;[35m28291&amp#27;[0;39m &amp#27;[2m---&amp#27;[0;39m &amp#27;[2m[           main]&amp#27;[0;39m &amp#27;[36morg.hibernate.SQL                       &amp#27;[0;39m &amp#27;[2m:&amp#27;[0;39m 
    insert 
    into
        riders
        (active,created_at,date_of_birth,email,first_name,ftp_watts,height_cm,last_name,nationality,specialization,team,updated_at,version,weight_kg,id) 
    values
        (?,?,?,?,?,?,?,?,?,?,?,?,?,?,default)
Hibernate: 
    insert 
    into
        riders
        (active,created_at,date_of_birth,email,first_name,ftp_watts,height_cm,last_name,nationality,specialization,team,updated_at,version,weight_kg,id) 
    values
        (?,?,?,?,?,?,?,?,?,?,?,?,?,?,default)
&amp#27;[2m2025-08-15T11:37:15.476-07:00&amp#27;[0;39m &amp#27;[32mDEBUG&amp#27;[0;39m &amp#27;[35m28291&amp#27;[0;39m &amp#27;[2m---&amp#27;[0;39m &amp#27;[2m[           main]&amp#27;[0;39m &amp#27;[36morg.hibernate.SQL                       &amp#27;[0;39m &amp#27;[2m:&amp#27;[0;39m 
    insert 
    into
        riders
        (active,created_at,date_of_birth,email,first_name,ftp_watts,height_cm,last_name,nationality,specialization,team,updated_at,version,weight_kg,id) 
    values
        (?,?,?,?,?,?,?,?,?,?,?,?,?,?,default)
Hibernate: 
    insert 
    into
        riders
        (active,created_at,date_of_birth,email,first_name,ftp_watts,height_cm,last_name,nationality,specialization,team,updated_at,version,weight_kg,id) 
    values
        (?,?,?,?,?,?,?,?,?,?,?,?,?,?,default)
&amp#27;[2m2025-08-15T11:37:15.476-07:00&amp#27;[0;39m &amp#27;[32mDEBUG&amp#27;[0;39m &amp#27;[35m28291&amp#27;[0;39m &amp#27;[2m---&amp#27;[0;39m &amp#27;[2m[           main]&amp#27;[0;39m &amp#27;[36morg.hibernate.SQL                       &amp#27;[0;39m &amp#27;[2m:&amp#27;[0;39m 
    insert 
    into
        riders
        (active,created_at,date_of_birth,email,first_name,ftp_watts,height_cm,last_name,nationality,specialization,team,updated_at,version,weight_kg,id) 
    values
        (?,?,?,?,?,?,?,?,?,?,?,?,?,?,default)
Hibernate: 
    insert 
    into
        riders
        (active,created_at,date_of_birth,email,first_name,ftp_watts,height_cm,last_name,nationality,specialization,team,updated_at,version,weight_kg,id) 
    values
        (?,?,?,?,?,?,?,?,?,?,?,?,?,?,default)
&amp#27;[2m2025-08-15T11:37:15.477-07:00&amp#27;[0;39m &amp#27;[32mDEBUG&amp#27;[0;39m &amp#27;[35m28291&amp#27;[0;39m &amp#27;[2m---&amp#27;[0;39m &amp#27;[2m[           main]&amp#27;[0;39m &amp#27;[36morg.hibernate.SQL                       &amp#27;[0;39m &amp#27;[2m:&amp#27;[0;39m 
    select
        r1_0.id,
        r1_0.active,
        r1_0.created_at,
        r1_0.date_of_birth,
        r1_0.email,
        r1_0.first_name,
        r1_0.ftp_watts,
        r1_0.height_cm,
        r1_0.last_name,
        r1_0.nationality,
        r1_0.specialization,
        r1_0.team,
        r1_0.updated_at,
        r1_0.version,
        r1_0.weight_kg 
    from
        riders r1_0 
    where
        r1_0.height_cm between ? and ?
Hibernate: 
    select
        r1_0.id,
        r1_0.active,
        r1_0.created_at,
        r1_0.date_of_birth,
        r1_0.email,
        r1_0.first_name,
        r1_0.ftp_watts,
        r1_0.height_cm,
        r1_0.last_name,
        r1_0.nationality,
        r1_0.specialization,
        r1_0.team,
        r1_0.updated_at,
        r1_0.version,
        r1_0.weight_kg 
    from
        riders r1_0 
    where
        r1_0.height_cm between ? and ?
]]></system-out>
  </testcase>
  <testcase name="shouldFindAverageFtpByTeam" classname="com.pelotoniq.cycling.repository.RiderRepositoryTest" time="0.003">
    <system-out><![CDATA[&amp#27;[2m2025-08-15T11:37:15.479-07:00&amp#27;[0;39m &amp#27;[32mDEBUG&amp#27;[0;39m &amp#27;[35m28291&amp#27;[0;39m &amp#27;[2m---&amp#27;[0;39m &amp#27;[2m[           main]&amp#27;[0;39m &amp#27;[36morg.hibernate.SQL                       &amp#27;[0;39m &amp#27;[2m:&amp#27;[0;39m 
    insert 
    into
        riders
        (active,created_at,date_of_birth,email,first_name,ftp_watts,height_cm,last_name,nationality,specialization,team,updated_at,version,weight_kg,id) 
    values
        (?,?,?,?,?,?,?,?,?,?,?,?,?,?,default)
Hibernate: 
    insert 
    into
        riders
        (active,created_at,date_of_birth,email,first_name,ftp_watts,height_cm,last_name,nationality,specialization,team,updated_at,version,weight_kg,id) 
    values
        (?,?,?,?,?,?,?,?,?,?,?,?,?,?,default)
&amp#27;[2m2025-08-15T11:37:15.480-07:00&amp#27;[0;39m &amp#27;[32mDEBUG&amp#27;[0;39m &amp#27;[35m28291&amp#27;[0;39m &amp#27;[2m---&amp#27;[0;39m &amp#27;[2m[           main]&amp#27;[0;39m &amp#27;[36morg.hibernate.SQL                       &amp#27;[0;39m &amp#27;[2m:&amp#27;[0;39m 
    insert 
    into
        riders
        (active,created_at,date_of_birth,email,first_name,ftp_watts,height_cm,last_name,nationality,specialization,team,updated_at,version,weight_kg,id) 
    values
        (?,?,?,?,?,?,?,?,?,?,?,?,?,?,default)
Hibernate: 
    insert 
    into
        riders
        (active,created_at,date_of_birth,email,first_name,ftp_watts,height_cm,last_name,nationality,specialization,team,updated_at,version,weight_kg,id) 
    values
        (?,?,?,?,?,?,?,?,?,?,?,?,?,?,default)
&amp#27;[2m2025-08-15T11:37:15.480-07:00&amp#27;[0;39m &amp#27;[32mDEBUG&amp#27;[0;39m &amp#27;[35m28291&amp#27;[0;39m &amp#27;[2m---&amp#27;[0;39m &amp#27;[2m[           main]&amp#27;[0;39m &amp#27;[36morg.hibernate.SQL                       &amp#27;[0;39m &amp#27;[2m:&amp#27;[0;39m 
    insert 
    into
        riders
        (active,created_at,date_of_birth,email,first_name,ftp_watts,height_cm,last_name,nationality,specialization,team,updated_at,version,weight_kg,id) 
    values
        (?,?,?,?,?,?,?,?,?,?,?,?,?,?,default)
Hibernate: 
    insert 
    into
        riders
        (active,created_at,date_of_birth,email,first_name,ftp_watts,height_cm,last_name,nationality,specialization,team,updated_at,version,weight_kg,id) 
    values
        (?,?,?,?,?,?,?,?,?,?,?,?,?,?,default)
&amp#27;[2m2025-08-15T11:37:15.480-07:00&amp#27;[0;39m &amp#27;[32mDEBUG&amp#27;[0;39m &amp#27;[35m28291&amp#27;[0;39m &amp#27;[2m---&amp#27;[0;39m &amp#27;[2m[           main]&amp#27;[0;39m &amp#27;[36morg.hibernate.SQL                       &amp#27;[0;39m &amp#27;[2m:&amp#27;[0;39m 
    insert 
    into
        riders
        (active,created_at,date_of_birth,email,first_name,ftp_watts,height_cm,last_name,nationality,specialization,team,updated_at,version,weight_kg,id) 
    values
        (?,?,?,?,?,?,?,?,?,?,?,?,?,?,default)
Hibernate: 
    insert 
    into
        riders
        (active,created_at,date_of_birth,email,first_name,ftp_watts,height_cm,last_name,nationality,specialization,team,updated_at,version,weight_kg,id) 
    values
        (?,?,?,?,?,?,?,?,?,?,?,?,?,?,default)
&amp#27;[2m2025-08-15T11:37:15.481-07:00&amp#27;[0;39m &amp#27;[32mDEBUG&amp#27;[0;39m &amp#27;[35m28291&amp#27;[0;39m &amp#27;[2m---&amp#27;[0;39m &amp#27;[2m[           main]&amp#27;[0;39m &amp#27;[36morg.hibernate.SQL                       &amp#27;[0;39m &amp#27;[2m:&amp#27;[0;39m 
    select
        avg(r1_0.ftp_watts) 
    from
        riders r1_0 
    where
        r1_0.ftp_watts is not null 
        and r1_0.team=?
Hibernate: 
    select
        avg(r1_0.ftp_watts) 
    from
        riders r1_0 
    where
        r1_0.ftp_watts is not null 
        and r1_0.team=?
]]></system-out>
  </testcase>
</testsuite>