<?xml version="1.0" encoding="UTF-8"?>
<testsuite xmlns:xsi="http://www.w3.org/2001/XMLSchema-instance" xsi:noNamespaceSchemaLocation="https://maven.apache.org/surefire/maven-surefire-plugin/xsd/surefire-test-report-3.0.xsd" version="3.0" name="com.pelotoniq.cycling.repository.RaceRepositoryTest" time="3.029" tests="49" errors="0" skipped="0" failures="0">
  <properties>
[...]
</properties>
  <testcase name="shouldFindUpcomingRaces" classname="com.pelotoniq.cycling.repository.RaceRepositoryTest" time="0.383">
    <system-out><![CDATA[11:37:12.360 [main] INFO org.springframework.test.context.support.AnnotationConfigContextLoaderUtils -- Could not detect default configuration classes for test class [com.pelotoniq.cycling.repository.RaceRepositoryTest]: RaceRepositoryTest does not declare any static, non-private, non-final, nested classes annotated with @Configuration.
11:37:12.431 [main] INFO org.springframework.boot.test.context.SpringBootTestContextBootstrapper -- Found @SpringBootConfiguration com.pelotoniq.cycling.CyclingApiApplication for test class com.pelotoniq.cycling.repository.RaceRepositoryTest

  .   ____          _            __ _ _
 /\\ / ___'_ __ _ _(_)_ __  __ _ \ \ \ \
( ( )\___ | '_ | '_| | '_ \/ _` | \ \ \ \
 \\/  ___)| |_)| | | | | || (_| |  ) ) ) )
  '  |____| .__|_| |_|_| |_\__, | / / / /
 =========|_|==============|___/=/_/_/_/
&amp#27;[32m :: Spring Boot :: &amp#27;[39m              &amp#27;[2m (v3.1.0)&amp#27;[0;39m

&amp#27;[2m2025-08-15T11:37:12.606-07:00&amp#27;[0;39m &amp#27;[32m INFO&amp#27;[0;39m &amp#27;[35m28291&amp#27;[0;39m &amp#27;[2m---&amp#27;[0;39m &amp#27;[2m[           main]&amp#27;[0;39m &amp#27;[36mc.p.c.repository.RaceRepositoryTest     &amp#27;[0;39m &amp#27;[2m:&amp#27;[0;39m Starting RaceRepositoryTest using Java 24.0.2 with PID 28291 (started by vardy in /Users/vardy/Documents/GithubCode/PelotonIQ)
&amp#27;[2m2025-08-15T11:37:12.607-07:00&amp#27;[0;39m &amp#27;[32mDEBUG&amp#27;[0;39m &amp#27;[35m28291&amp#27;[0;39m &amp#27;[2m---&amp#27;[0;39m &amp#27;[2m[           main]&amp#27;[0;39m &amp#27;[36mc.p.c.repository.RaceRepositoryTest     &amp#27;[0;39m &amp#27;[2m:&amp#27;[0;39m Running with Spring Boot v3.1.0, Spring v6.0.9
&amp#27;[2m2025-08-15T11:37:12.607-07:00&amp#27;[0;39m &amp#27;[32m INFO&amp#27;[0;39m &amp#27;[35m28291&amp#27;[0;39m &amp#27;[2m---&amp#27;[0;39m &amp#27;[2m[           main]&amp#27;[0;39m &amp#27;[36mc.p.c.repository.RaceRepositoryTest     &amp#27;[0;39m &amp#27;[2m:&amp#27;[0;39m The following 1 profile is active: "test"
&amp#27;[2m2025-08-15T11:37:12.746-07:00&amp#27;[0;39m &amp#27;[32m INFO&amp#27;[0;39m &amp#27;[35m28291&amp#27;[0;39m &amp#27;[2m---&amp#27;[0;39m &amp#27;[2m[           main]&amp#27;[0;39m &amp#27;[36m.s.d.r.c.RepositoryConfigurationDelegate&amp#27;[0;39m &amp#27;[2m:&amp#27;[0;39m Bootstrapping Spring Data JPA repositories in DEFAULT mode.
&amp#27;[2m2025-08-15T11:37:12.769-07:00&amp#27;[0;39m &amp#27;[32m INFO&amp#27;[0;39m &amp#27;[35m28291&amp#27;[0;39m &amp#27;[2m---&amp#27;[0;39m &amp#27;[2m[           main]&amp#27;[0;39m &amp#27;[36m.s.d.r.c.RepositoryConfigurationDelegate&amp#27;[0;39m &amp#27;[2m:&amp#27;[0;39m Finished Spring Data repository scanning in 20 ms. Found 2 JPA repository interfaces.
&amp#27;[2m2025-08-15T11:37:12.824-07:00&amp#27;[0;39m &amp#27;[32m INFO&amp#27;[0;39m &amp#27;[35m28291&amp#27;[0;39m &amp#27;[2m---&amp#27;[0;39m &amp#27;[2m[           main]&amp#27;[0;39m &amp#27;[36mbeddedDataSourceBeanFactoryPostProcessor&amp#27;[0;39m &amp#27;[2m:&amp#27;[0;39m Replacing 'dataSource' DataSource bean with embedded version
&amp#27;[2m2025-08-15T11:37:12.899-07:00&amp#27;[0;39m &amp#27;[32m INFO&amp#27;[0;39m &amp#27;[35m28291&amp#27;[0;39m &amp#27;[2m---&amp#27;[0;39m &amp#27;[2m[           main]&amp#27;[0;39m &amp#27;[36mo.s.j.d.e.EmbeddedDatabaseFactory       &amp#27;[0;39m &amp#27;[2m:&amp#27;[0;39m Starting embedded database: url='jdbc:h2:mem:bbe272e9-57b4-4260-9caf-28dd5b46317c;DB_CLOSE_DELAY=-1;DB_CLOSE_ON_EXIT=false', username='sa'
&amp#27;[2m2025-08-15T11:37:13.033-07:00&amp#27;[0;39m &amp#27;[32m INFO&amp#27;[0;39m &amp#27;[35m28291&amp#27;[0;39m &amp#27;[2m---&amp#27;[0;39m &amp#27;[2m[           main]&amp#27;[0;39m &amp#27;[36mo.hibernate.jpa.internal.util.LogHelper &amp#27;[0;39m &amp#27;[2m:&amp#27;[0;39m HHH000204: Processing PersistenceUnitInfo [name: default]
&amp#27;[2m2025-08-15T11:37:13.061-07:00&amp#27;[0;39m &amp#27;[32m INFO&amp#27;[0;39m &amp#27;[35m28291&amp#27;[0;39m &amp#27;[2m---&amp#27;[0;39m &amp#27;[2m[           main]&amp#27;[0;39m &amp#27;[36morg.hibernate.Version                   &amp#27;[0;39m &amp#27;[2m:&amp#27;[0;39m HHH000412: Hibernate ORM core version 6.2.2.Final
&amp#27;[2m2025-08-15T11:37:13.062-07:00&amp#27;[0;39m &amp#27;[32m INFO&amp#27;[0;39m &amp#27;[35m28291&amp#27;[0;39m &amp#27;[2m---&amp#27;[0;39m &amp#27;[2m[           main]&amp#27;[0;39m &amp#27;[36morg.hibernate.cfg.Environment           &amp#27;[0;39m &amp#27;[2m:&amp#27;[0;39m HHH000406: Using bytecode reflection optimizer
&amp#27;[2m2025-08-15T11:37:13.121-07:00&amp#27;[0;39m &amp#27;[32m INFO&amp#27;[0;39m &amp#27;[35m28291&amp#27;[0;39m &amp#27;[2m---&amp#27;[0;39m &amp#27;[2m[           main]&amp#27;[0;39m &amp#27;[36mo.h.b.i.BytecodeProviderInitiator       &amp#27;[0;39m &amp#27;[2m:&amp#27;[0;39m HHH000021: Bytecode provider name : bytebuddy
&amp#27;[2m2025-08-15T11:37:13.184-07:00&amp#27;[0;39m &amp#27;[32m INFO&amp#27;[0;39m &amp#27;[35m28291&amp#27;[0;39m &amp#27;[2m---&amp#27;[0;39m &amp#27;[2m[           main]&amp#27;[0;39m &amp#27;[36mo.s.o.j.p.SpringPersistenceUnitInfo     &amp#27;[0;39m &amp#27;[2m:&amp#27;[0;39m No LoadTimeWeaver setup: ignoring JPA class transformer
&amp#27;[2m2025-08-15T11:37:13.204-07:00&amp#27;[0;39m &amp#27;[32m INFO&amp#27;[0;39m &amp#27;[35m28291&amp#27;[0;39m &amp#27;[2m---&amp#27;[0;39m &amp#27;[2m[           main]&amp#27;[0;39m &amp#27;[36morg.hibernate.orm.dialect               &amp#27;[0;39m &amp#27;[2m:&amp#27;[0;39m HHH035001: Using dialect: org.hibernate.dialect.H2Dialect, version: 2.1.214
&amp#27;[2m2025-08-15T11:37:13.315-07:00&amp#27;[0;39m &amp#27;[32m INFO&amp#27;[0;39m &amp#27;[35m28291&amp#27;[0;39m &amp#27;[2m---&amp#27;[0;39m &amp#27;[2m[           main]&amp#27;[0;39m &amp#27;[36mo.h.b.i.BytecodeProviderInitiator       &amp#27;[0;39m &amp#27;[2m:&amp#27;[0;39m HHH000021: Bytecode provider name : bytebuddy
&amp#27;[2m2025-08-15T11:37:13.668-07:00&amp#27;[0;39m &amp#27;[32m INFO&amp#27;[0;39m &amp#27;[35m28291&amp#27;[0;39m &amp#27;[2m---&amp#27;[0;39m &amp#27;[2m[           main]&amp#27;[0;39m &amp#27;[36mo.h.e.t.j.p.i.JtaPlatformInitiator      &amp#27;[0;39m &amp#27;[2m:&amp#27;[0;39m HHH000490: Using JtaPlatform implementation: [org.hibernate.engine.transaction.jta.platform.internal.NoJtaPlatform]
&amp#27;[2m2025-08-15T11:37:13.675-07:00&amp#27;[0;39m &amp#27;[32mDEBUG&amp#27;[0;39m &amp#27;[35m28291&amp#27;[0;39m &amp#27;[2m---&amp#27;[0;39m &amp#27;[2m[           main]&amp#27;[0;39m &amp#27;[36morg.hibernate.SQL                       &amp#27;[0;39m &amp#27;[2m:&amp#27;[0;39m 
    drop table if exists race_participants cascade 
Hibernate: 
    drop table if exists race_participants cascade 
&amp#27;[2m2025-08-15T11:37:13.677-07:00&amp#27;[0;39m &amp#27;[32mDEBUG&amp#27;[0;39m &amp#27;[35m28291&amp#27;[0;39m &amp#27;[2m---&amp#27;[0;39m &amp#27;[2m[           main]&amp#27;[0;39m &amp#27;[36morg.hibernate.SQL                       &amp#27;[0;39m &amp#27;[2m:&amp#27;[0;39m 
    drop table if exists races cascade 
Hibernate: 
    drop table if exists races cascade 
&amp#27;[2m2025-08-15T11:37:13.677-07:00&amp#27;[0;39m &amp#27;[32mDEBUG&amp#27;[0;39m &amp#27;[35m28291&amp#27;[0;39m &amp#27;[2m---&amp#27;[0;39m &amp#27;[2m[           main]&amp#27;[0;39m &amp#27;[36morg.hibernate.SQL                       &amp#27;[0;39m &amp#27;[2m:&amp#27;[0;39m 
    drop table if exists riders cascade 
Hibernate: 
    drop table if exists riders cascade 
&amp#27;[2m2025-08-15T11:37:13.679-07:00&amp#27;[0;39m &amp#27;[32mDEBUG&amp#27;[0;39m &amp#27;[35m28291&amp#27;[0;39m &amp#27;[2m---&amp#27;[0;39m &amp#27;[2m[           main]&amp#27;[0;39m &amp#27;[36morg.hibernate.SQL                       &amp#27;[0;39m &amp#27;[2m:&amp#27;[0;39m 
    create table race_participants (
        race_id bigint not null,
        rider_id bigint not null,
        primary key (race_id, rider_id)
    )
Hibernate: 
    create table race_participants (
        race_id bigint not null,
        rider_id bigint not null,
        primary key (race_id, rider_id)
    )
&amp#27;[2m2025-08-15T11:37:13.682-07:00&amp#27;[0;39m &amp#27;[32mDEBUG&amp#27;[0;39m &amp#27;[35m28291&amp#27;[0;39m &amp#27;[2m---&amp#27;[0;39m &amp#27;[2m[           main]&amp#27;[0;39m &amp#27;[36morg.hibernate.SQL                       &amp#27;[0;39m &amp#27;[2m:&amp#27;[0;39m 
    create table races (
        distance_km numeric(5,2),
        elevation_gain_m integer check ((elevation_gain_m<=10000) and (elevation_gain_m>=0)),
        entry_fee numeric(7,2),
        max_participants integer check ((max_participants>=1) and (max_participants<=1000)),
        prize_money numeric(10,2),
        race_date date not null,
        registration_deadline date,
        registration_open boolean not null,
        start_time time(6) not null,
        temperature_celsius integer check ((temperature_celsius>=-50) and (temperature_celsius<=60)),
        created_at timestamp(6) not null,
        id bigint generated by default as identity,
        updated_at timestamp(6) not null,
        version bigint,
        country varchar(50) not null,
        location varchar(100) not null,
        name varchar(100) not null,
        weather_forecast varchar(500),
        description varchar(1000) not null,
        category varchar(255) not null check (category in ('WORLD_TOUR','PRO_SERIES','CONTINENTAL','NATIONAL','REGIONAL','AMATEUR','RECREATIONAL','YOUTH','MASTERS','WOMEN_ONLY','MIXED')),
        race_type varchar(255) not null check (race_type in ('ROAD_RACE','TIME_TRIAL','CRITERIUM','MOUNTAIN_STAGE','SPRINT_STAGE','HILL_CLIMB','GRAN_FONDO','CYCLOCROSS','TRACK_RACE','ONE_DAY_CLASSIC')),
        status varchar(255) not null check (status in ('PLANNED','REGISTRATION_OPEN','REGISTRATION_CLOSED','READY','IN_PROGRESS','FINISHED','CANCELLED','POSTPONED','ABANDONED')),
        primary key (id)
    )
Hibernate: 
    create table races (
        distance_km numeric(5,2),
        elevation_gain_m integer check ((elevation_gain_m<=10000) and (elevation_gain_m>=0)),
        entry_fee numeric(7,2),
        max_participants integer check ((max_participants>=1) and (max_participants<=1000)),
        prize_money numeric(10,2),
        race_date date not null,
        registration_deadline date,
        registration_open boolean not null,
        start_time time(6) not null,
        temperature_celsius integer check ((temperature_celsius>=-50) and (temperature_celsius<=60)),
        created_at timestamp(6) not null,
        id bigint generated by default as identity,
        updated_at timestamp(6) not null,
        version bigint,
        country varchar(50) not null,
        location varchar(100) not null,
        name varchar(100) not null,
        weather_forecast varchar(500),
        description varchar(1000) not null,
        category varchar(255) not null check (category in ('WORLD_TOUR','PRO_SERIES','CONTINENTAL','NATIONAL','REGIONAL','AMATEUR','RECREATIONAL','YOUTH','MASTERS','WOMEN_ONLY','MIXED')),
        race_type varchar(255) not null check (race_type in ('ROAD_RACE','TIME_TRIAL','CRITERIUM','MOUNTAIN_STAGE','SPRINT_STAGE','HILL_CLIMB','GRAN_FONDO','CYCLOCROSS','TRACK_RACE','ONE_DAY_CLASSIC')),
        status varchar(255) not null check (status in ('PLANNED','REGISTRATION_OPEN','REGISTRATION_CLOSED','READY','IN_PROGRESS','FINISHED','CANCELLED','POSTPONED','ABANDONED')),
        primary key (id)
    )
&amp#27;[2m2025-08-15T11:37:13.688-07:00&amp#27;[0;39m &amp#27;[32mDEBUG&amp#27;[0;39m &amp#27;[35m28291&amp#27;[0;39m &amp#27;[2m---&amp#27;[0;39m &amp#27;[2m[           main]&amp#27;[0;39m &amp#27;[36morg.hibernate.SQL                       &amp#27;[0;39m &amp#27;[2m:&amp#27;[0;39m 
    create table riders (
        active boolean not null,
        date_of_birth date not null,
        ftp_watts float(53),
        height_cm integer check ((height_cm<=250) and (height_cm>=40)),
        weight_kg integer check ((weight_kg>=30) and (weight_kg<=200)),
        created_at timestamp(6) not null,
        id bigint generated by default as identity,
        updated_at timestamp(6) not null,
        version bigint,
        first_name varchar(50) not null,
        last_name varchar(50) not null,
        nationality varchar(50) not null,
        email varchar(100) not null unique,
        team varchar(100) not null,
        specialization varchar(255) not null check (specialization in ('SPRINTER','CLIMBER','TIME_TRIALIST','ALL_ROUNDER','DOMESTIQUE','CLASSICS_SPECIALIST','BREAKAWAY_SPECIALIST','PUNCHEUR')),
        primary key (id)
    )
Hibernate: 
    create table riders (
        active boolean not null,
        date_of_birth date not null,
        ftp_watts float(53),
        height_cm integer check ((height_cm<=250) and (height_cm>=40)),
        weight_kg integer check ((weight_kg>=30) and (weight_kg<=200)),
        created_at timestamp(6) not null,
        id bigint generated by default as identity,
        updated_at timestamp(6) not null,
        version bigint,
        first_name varchar(50) not null,
        last_name varchar(50) not null,
        nationality varchar(50) not null,
        email varchar(100) not null unique,
        team varchar(100) not null,
        specialization varchar(255) not null check (specialization in ('SPRINTER','CLIMBER','TIME_TRIALIST','ALL_ROUNDER','DOMESTIQUE','CLASSICS_SPECIALIST','BREAKAWAY_SPECIALIST','PUNCHEUR')),
        primary key (id)
    )
&amp#27;[2m2025-08-15T11:37:13.689-07:00&amp#27;[0;39m &amp#27;[32mDEBUG&amp#27;[0;39m &amp#27;[35m28291&amp#27;[0;39m &amp#27;[2m---&amp#27;[0;39m &amp#27;[2m[           main]&amp#27;[0;39m &amp#27;[36morg.hibernate.SQL                       &amp#27;[0;39m &amp#27;[2m:&amp#27;[0;39m 
    create index idx_race_date 
       on races (race_date)
Hibernate: 
    create index idx_race_date 
       on races (race_date)
&amp#27;[2m2025-08-15T11:37:13.690-07:00&amp#27;[0;39m &amp#27;[32mDEBUG&amp#27;[0;39m &amp#27;[35m28291&amp#27;[0;39m &amp#27;[2m---&amp#27;[0;39m &amp#27;[2m[           main]&amp#27;[0;39m &amp#27;[36morg.hibernate.SQL                       &amp#27;[0;39m &amp#27;[2m:&amp#27;[0;39m 
    create index idx_race_type 
       on races (race_type)
Hibernate: 
    create index idx_race_type 
       on races (race_type)
&amp#27;[2m2025-08-15T11:37:13.690-07:00&amp#27;[0;39m &amp#27;[32mDEBUG&amp#27;[0;39m &amp#27;[35m28291&amp#27;[0;39m &amp#27;[2m---&amp#27;[0;39m &amp#27;[2m[           main]&amp#27;[0;39m &amp#27;[36morg.hibernate.SQL                       &amp#27;[0;39m &amp#27;[2m:&amp#27;[0;39m 
    create index idx_race_status 
       on races (status)
Hibernate: 
    create index idx_race_status 
       on races (status)
&amp#27;[2m2025-08-15T11:37:13.691-07:00&amp#27;[0;39m &amp#27;[32mDEBUG&amp#27;[0;39m &amp#27;[35m28291&amp#27;[0;39m &amp#27;[2m---&amp#27;[0;39m &amp#27;[2m[           main]&amp#27;[0;39m &amp#27;[36morg.hibernate.SQL                       &amp#27;[0;39m &amp#27;[2m:&amp#27;[0;39m 
    create index idx_race_location 
       on races (location)
Hibernate: 
    create index idx_race_location 
       on races (location)
&amp#27;[2m2025-08-15T11:37:13.691-07:00&amp#27;[0;39m &amp#27;[32mDEBUG&amp#27;[0;39m &amp#27;[35m28291&amp#27;[0;39m &amp#27;[2m---&amp#27;[0;39m &amp#27;[2m[           main]&amp#27;[0;39m &amp#27;[36morg.hibernate.SQL                       &amp#27;[0;39m &amp#27;[2m:&amp#27;[0;39m 
    create index idx_rider_team 
       on riders (team)
Hibernate: 
    create index idx_rider_team 
       on riders (team)
&amp#27;[2m2025-08-15T11:37:13.692-07:00&amp#27;[0;39m &amp#27;[32mDEBUG&amp#27;[0;39m &amp#27;[35m28291&amp#27;[0;39m &amp#27;[2m---&amp#27;[0;39m &amp#27;[2m[           main]&amp#27;[0;39m &amp#27;[36morg.hibernate.SQL                       &amp#27;[0;39m &amp#27;[2m:&amp#27;[0;39m 
    create index idx_rider_nationality 
       on riders (nationality)
Hibernate: 
    create index idx_rider_nationality 
       on riders (nationality)
&amp#27;[2m2025-08-15T11:37:13.692-07:00&amp#27;[0;39m &amp#27;[32mDEBUG&amp#27;[0;39m &amp#27;[35m28291&amp#27;[0;39m &amp#27;[2m---&amp#27;[0;39m &amp#27;[2m[           main]&amp#27;[0;39m &amp#27;[36morg.hibernate.SQL                       &amp#27;[0;39m &amp#27;[2m:&amp#27;[0;39m 
    alter table if exists race_participants 
       add constraint FK8rntitvjnh5vfacaj7afrhcul 
       foreign key (race_id) 
       references races
Hibernate: 
    alter table if exists race_participants 
       add constraint FK8rntitvjnh5vfacaj7afrhcul 
       foreign key (race_id) 
       references races
&amp#27;[2m2025-08-15T11:37:13.696-07:00&amp#27;[0;39m &amp#27;[32mDEBUG&amp#27;[0;39m &amp#27;[35m28291&amp#27;[0;39m &amp#27;[2m---&amp#27;[0;39m &amp#27;[2m[           main]&amp#27;[0;39m &amp#27;[36morg.hibernate.SQL                       &amp#27;[0;39m &amp#27;[2m:&amp#27;[0;39m 
    alter table if exists race_participants 
       add constraint FKss4ccbi66x1sj3537gdagfe05 
       foreign key (rider_id) 
       references riders
Hibernate: 
    alter table if exists race_participants 
       add constraint FKss4ccbi66x1sj3537gdagfe05 
       foreign key (rider_id) 
       references riders
&amp#27;[2m2025-08-15T11:37:13.698-07:00&amp#27;[0;39m &amp#27;[32m INFO&amp#27;[0;39m &amp#27;[35m28291&amp#27;[0;39m &amp#27;[2m---&amp#27;[0;39m &amp#27;[2m[           main]&amp#27;[0;39m &amp#27;[36mo.h.t.s.i.e.GenerationTargetToDatabase  &amp#27;[0;39m &amp#27;[2m:&amp#27;[0;39m HHH000476: Executing script '[injected ScriptSourceInputNonExistentImpl script]'
&amp#27;[2m2025-08-15T11:37:13.699-07:00&amp#27;[0;39m &amp#27;[32m INFO&amp#27;[0;39m &amp#27;[35m28291&amp#27;[0;39m &amp#27;[2m---&amp#27;[0;39m &amp#27;[2m[           main]&amp#27;[0;39m &amp#27;[36mj.LocalContainerEntityManagerFactoryBean&amp#27;[0;39m &amp#27;[2m:&amp#27;[0;39m Initialized JPA EntityManagerFactory for persistence unit 'default'
&amp#27;[2m2025-08-15T11:37:13.867-07:00&amp#27;[0;39m &amp#27;[32m INFO&amp#27;[0;39m &amp#27;[35m28291&amp#27;[0;39m &amp#27;[2m---&amp#27;[0;39m &amp#27;[2m[           main]&amp#27;[0;39m &amp#27;[36mo.s.d.j.r.query.QueryEnhancerFactory    &amp#27;[0;39m &amp#27;[2m:&amp#27;[0;39m Hibernate is in classpath; If applicable, HQL parser will be used.
&amp#27;[2m2025-08-15T11:37:14.554-07:00&amp#27;[0;39m &amp#27;[32m INFO&amp#27;[0;39m &amp#27;[35m28291&amp#27;[0;39m &amp#27;[2m---&amp#27;[0;39m &amp#27;[2m[           main]&amp#27;[0;39m &amp#27;[36mc.p.c.repository.RaceRepositoryTest     &amp#27;[0;39m &amp#27;[2m:&amp#27;[0;39m Started RaceRepositoryTest in 2.091 seconds (process running for 2.752)
&amp#27;[2m2025-08-15T11:37:14.840-07:00&amp#27;[0;39m &amp#27;[32mDEBUG&amp#27;[0;39m &amp#27;[35m28291&amp#27;[0;39m &amp#27;[2m---&amp#27;[0;39m &amp#27;[2m[           main]&amp#27;[0;39m &amp#27;[36morg.hibernate.SQL                       &amp#27;[0;39m &amp#27;[2m:&amp#27;[0;39m 
    insert 
    into
        races
        (category,country,created_at,description,distance_km,elevation_gain_m,entry_fee,location,max_participants,name,prize_money,race_date,race_type,registration_deadline,registration_open,start_time,status,temperature_celsius,updated_at,version,weather_forecast,id) 
    values
        (?,?,?,?,?,?,?,?,?,?,?,?,?,?,?,?,?,?,?,?,?,default)
Hibernate: 
    insert 
    into
        races
        (category,country,created_at,description,distance_km,elevation_gain_m,entry_fee,location,max_participants,name,prize_money,race_date,race_type,registration_deadline,registration_open,start_time,status,temperature_celsius,updated_at,version,weather_forecast,id) 
    values
        (?,?,?,?,?,?,?,?,?,?,?,?,?,?,?,?,?,?,?,?,?,default)
&amp#27;[2m2025-08-15T11:37:14.859-07:00&amp#27;[0;39m &amp#27;[32mDEBUG&amp#27;[0;39m &amp#27;[35m28291&amp#27;[0;39m &amp#27;[2m---&amp#27;[0;39m &amp#27;[2m[           main]&amp#27;[0;39m &amp#27;[36morg.hibernate.SQL                       &amp#27;[0;39m &amp#27;[2m:&amp#27;[0;39m 
    insert 
    into
        races
        (category,country,created_at,description,distance_km,elevation_gain_m,entry_fee,location,max_participants,name,prize_money,race_date,race_type,registration_deadline,registration_open,start_time,status,temperature_celsius,updated_at,version,weather_forecast,id) 
    values
        (?,?,?,?,?,?,?,?,?,?,?,?,?,?,?,?,?,?,?,?,?,default)
Hibernate: 
    insert 
    into
        races
        (category,country,created_at,description,distance_km,elevation_gain_m,entry_fee,location,max_participants,name,prize_money,race_date,race_type,registration_deadline,registration_open,start_time,status,temperature_celsius,updated_at,version,weather_forecast,id) 
    values
        (?,?,?,?,?,?,?,?,?,?,?,?,?,?,?,?,?,?,?,?,?,default)
&amp#27;[2m2025-08-15T11:37:14.861-07:00&amp#27;[0;39m &amp#27;[32mDEBUG&amp#27;[0;39m &amp#27;[35m28291&amp#27;[0;39m &amp#27;[2m---&amp#27;[0;39m &amp#27;[2m[           main]&amp#27;[0;39m &amp#27;[36morg.hibernate.SQL                       &amp#27;[0;39m &amp#27;[2m:&amp#27;[0;39m 
    insert 
    into
        races
        (category,country,created_at,description,distance_km,elevation_gain_m,entry_fee,location,max_participants,name,prize_money,race_date,race_type,registration_deadline,registration_open,start_time,status,temperature_celsius,updated_at,version,weather_forecast,id) 
    values
        (?,?,?,?,?,?,?,?,?,?,?,?,?,?,?,?,?,?,?,?,?,default)
Hibernate: 
    insert 
    into
        races
        (category,country,created_at,description,distance_km,elevation_gain_m,entry_fee,location,max_participants,name,prize_money,race_date,race_type,registration_deadline,registration_open,start_time,status,temperature_celsius,updated_at,version,weather_forecast,id) 
    values
        (?,?,?,?,?,?,?,?,?,?,?,?,?,?,?,?,?,?,?,?,?,default)
&amp#27;[2m2025-08-15T11:37:14.862-07:00&amp#27;[0;39m &amp#27;[32mDEBUG&amp#27;[0;39m &amp#27;[35m28291&amp#27;[0;39m &amp#27;[2m---&amp#27;[0;39m &amp#27;[2m[           main]&amp#27;[0;39m &amp#27;[36morg.hibernate.SQL                       &amp#27;[0;39m &amp#27;[2m:&amp#27;[0;39m 
    insert 
    into
        races
        (category,country,created_at,description,distance_km,elevation_gain_m,entry_fee,location,max_participants,name,prize_money,race_date,race_type,registration_deadline,registration_open,start_time,status,temperature_celsius,updated_at,version,weather_forecast,id) 
    values
        (?,?,?,?,?,?,?,?,?,?,?,?,?,?,?,?,?,?,?,?,?,default)
Hibernate: 
    insert 
    into
        races
        (category,country,created_at,description,distance_km,elevation_gain_m,entry_fee,location,max_participants,name,prize_money,race_date,race_type,registration_deadline,registration_open,start_time,status,temperature_celsius,updated_at,version,weather_forecast,id) 
    values
        (?,?,?,?,?,?,?,?,?,?,?,?,?,?,?,?,?,?,?,?,?,default)
&amp#27;[2m2025-08-15T11:37:14.897-07:00&amp#27;[0;39m &amp#27;[32mDEBUG&amp#27;[0;39m &amp#27;[35m28291&amp#27;[0;39m &amp#27;[2m---&amp#27;[0;39m &amp#27;[2m[           main]&amp#27;[0;39m &amp#27;[36morg.hibernate.SQL                       &amp#27;[0;39m &amp#27;[2m:&amp#27;[0;39m 
    select
        r1_0.id,
        r1_0.category,
        r1_0.country,
        r1_0.created_at,
        r1_0.description,
        r1_0.distance_km,
        r1_0.elevation_gain_m,
        r1_0.entry_fee,
        r1_0.location,
        r1_0.max_participants,
        r1_0.name,
        r1_0.prize_money,
        r1_0.race_date,
        r1_0.race_type,
        r1_0.registration_deadline,
        r1_0.registration_open,
        r1_0.start_time,
        r1_0.status,
        r1_0.temperature_celsius,
        r1_0.updated_at,
        r1_0.version,
        r1_0.weather_forecast 
    from
        races r1_0 
    where
        r1_0.race_date>=?
Hibernate: 
    select
        r1_0.id,
        r1_0.category,
        r1_0.country,
        r1_0.created_at,
        r1_0.description,
        r1_0.distance_km,
        r1_0.elevation_gain_m,
        r1_0.entry_fee,
        r1_0.location,
        r1_0.max_participants,
        r1_0.name,
        r1_0.prize_money,
        r1_0.race_date,
        r1_0.race_type,
        r1_0.registration_deadline,
        r1_0.registration_open,
        r1_0.start_time,
        r1_0.status,
        r1_0.temperature_celsius,
        r1_0.updated_at,
        r1_0.version,
        r1_0.weather_forecast 
    from
        races r1_0 
    where
        r1_0.race_date>=?
]]></system-out>
  </testcase>
  <testcase name="shouldFindRacesByDateRange" classname="com.pelotoniq.cycling.repository.RaceRepositoryTest" time="0.012">
    <system-out><![CDATA[&amp#27;[2m2025-08-15T11:37:14.944-07:00&amp#27;[0;39m &amp#27;[32mDEBUG&amp#27;[0;39m &amp#27;[35m28291&amp#27;[0;39m &amp#27;[2m---&amp#27;[0;39m &amp#27;[2m[           main]&amp#27;[0;39m &amp#27;[36morg.hibernate.SQL                       &amp#27;[0;39m &amp#27;[2m:&amp#27;[0;39m 
    insert 
    into
        races
        (category,country,created_at,description,distance_km,elevation_gain_m,entry_fee,location,max_participants,name,prize_money,race_date,race_type,registration_deadline,registration_open,start_time,status,temperature_celsius,updated_at,version,weather_forecast,id) 
    values
        (?,?,?,?,?,?,?,?,?,?,?,?,?,?,?,?,?,?,?,?,?,default)
Hibernate: 
    insert 
    into
        races
        (category,country,created_at,description,distance_km,elevation_gain_m,entry_fee,location,max_participants,name,prize_money,race_date,race_type,registration_deadline,registration_open,start_time,status,temperature_celsius,updated_at,version,weather_forecast,id) 
    values
        (?,?,?,?,?,?,?,?,?,?,?,?,?,?,?,?,?,?,?,?,?,default)
&amp#27;[2m2025-08-15T11:37:14.946-07:00&amp#27;[0;39m &amp#27;[32mDEBUG&amp#27;[0;39m &amp#27;[35m28291&amp#27;[0;39m &amp#27;[2m---&amp#27;[0;39m &amp#27;[2m[           main]&amp#27;[0;39m &amp#27;[36morg.hibernate.SQL                       &amp#27;[0;39m &amp#27;[2m:&amp#27;[0;39m 
    insert 
    into
        races
        (category,country,created_at,description,distance_km,elevation_gain_m,entry_fee,location,max_participants,name,prize_money,race_date,race_type,registration_deadline,registration_open,start_time,status,temperature_celsius,updated_at,version,weather_forecast,id) 
    values
        (?,?,?,?,?,?,?,?,?,?,?,?,?,?,?,?,?,?,?,?,?,default)
Hibernate: 
    insert 
    into
        races
        (category,country,created_at,description,distance_km,elevation_gain_m,entry_fee,location,max_participants,name,prize_money,race_date,race_type,registration_deadline,registration_open,start_time,status,temperature_celsius,updated_at,version,weather_forecast,id) 
    values
        (?,?,?,?,?,?,?,?,?,?,?,?,?,?,?,?,?,?,?,?,?,default)
&amp#27;[2m2025-08-15T11:37:14.947-07:00&amp#27;[0;39m &amp#27;[32mDEBUG&amp#27;[0;39m &amp#27;[35m28291&amp#27;[0;39m &amp#27;[2m---&amp#27;[0;39m &amp#27;[2m[           main]&amp#27;[0;39m &amp#27;[36morg.hibernate.SQL                       &amp#27;[0;39m &amp#27;[2m:&amp#27;[0;39m 
    insert 
    into
        races
        (category,country,created_at,description,distance_km,elevation_gain_m,entry_fee,location,max_participants,name,prize_money,race_date,race_type,registration_deadline,registration_open,start_time,status,temperature_celsius,updated_at,version,weather_forecast,id) 
    values
        (?,?,?,?,?,?,?,?,?,?,?,?,?,?,?,?,?,?,?,?,?,default)
Hibernate: 
    insert 
    into
        races
        (category,country,created_at,description,distance_km,elevation_gain_m,entry_fee,location,max_participants,name,prize_money,race_date,race_type,registration_deadline,registration_open,start_time,status,temperature_celsius,updated_at,version,weather_forecast,id) 
    values
        (?,?,?,?,?,?,?,?,?,?,?,?,?,?,?,?,?,?,?,?,?,default)
&amp#27;[2m2025-08-15T11:37:14.948-07:00&amp#27;[0;39m &amp#27;[32mDEBUG&amp#27;[0;39m &amp#27;[35m28291&amp#27;[0;39m &amp#27;[2m---&amp#27;[0;39m &amp#27;[2m[           main]&amp#27;[0;39m &amp#27;[36morg.hibernate.SQL                       &amp#27;[0;39m &amp#27;[2m:&amp#27;[0;39m 
    insert 
    into
        races
        (category,country,created_at,description,distance_km,elevation_gain_m,entry_fee,location,max_participants,name,prize_money,race_date,race_type,registration_deadline,registration_open,start_time,status,temperature_celsius,updated_at,version,weather_forecast,id) 
    values
        (?,?,?,?,?,?,?,?,?,?,?,?,?,?,?,?,?,?,?,?,?,default)
Hibernate: 
    insert 
    into
        races
        (category,country,created_at,description,distance_km,elevation_gain_m,entry_fee,location,max_participants,name,prize_money,race_date,race_type,registration_deadline,registration_open,start_time,status,temperature_celsius,updated_at,version,weather_forecast,id) 
    values
        (?,?,?,?,?,?,?,?,?,?,?,?,?,?,?,?,?,?,?,?,?,default)
&amp#27;[2m2025-08-15T11:37:14.952-07:00&amp#27;[0;39m &amp#27;[32mDEBUG&amp#27;[0;39m &amp#27;[35m28291&amp#27;[0;39m &amp#27;[2m---&amp#27;[0;39m &amp#27;[2m[           main]&amp#27;[0;39m &amp#27;[36morg.hibernate.SQL                       &amp#27;[0;39m &amp#27;[2m:&amp#27;[0;39m 
    select
        r1_0.id,
        r1_0.category,
        r1_0.country,
        r1_0.created_at,
        r1_0.description,
        r1_0.distance_km,
        r1_0.elevation_gain_m,
        r1_0.entry_fee,
        r1_0.location,
        r1_0.max_participants,
        r1_0.name,
        r1_0.prize_money,
        r1_0.race_date,
        r1_0.race_type,
        r1_0.registration_deadline,
        r1_0.registration_open,
        r1_0.start_time,
        r1_0.status,
        r1_0.temperature_celsius,
        r1_0.updated_at,
        r1_0.version,
        r1_0.weather_forecast 
    from
        races r1_0 
    where
        r1_0.race_date between ? and ?
Hibernate: 
    select
        r1_0.id,
        r1_0.category,
        r1_0.country,
        r1_0.created_at,
        r1_0.description,
        r1_0.distance_km,
        r1_0.elevation_gain_m,
        r1_0.entry_fee,
        r1_0.location,
        r1_0.max_participants,
        r1_0.name,
        r1_0.prize_money,
        r1_0.race_date,
        r1_0.race_type,
        r1_0.registration_deadline,
        r1_0.registration_open,
        r1_0.start_time,
        r1_0.status,
        r1_0.temperature_celsius,
        r1_0.updated_at,
        r1_0.version,
        r1_0.weather_forecast 
    from
        races r1_0 
    where
        r1_0.race_date between ? and ?
]]></system-out>
  </testcase>
  <testcase name="shouldFindRacesWithWeatherForecast" classname="com.pelotoniq.cycling.repository.RaceRepositoryTest" time="0.011">
    <system-out><![CDATA[&amp#27;[2m2025-08-15T11:37:14.957-07:00&amp#27;[0;39m &amp#27;[32mDEBUG&amp#27;[0;39m &amp#27;[35m28291&amp#27;[0;39m &amp#27;[2m---&amp#27;[0;39m &amp#27;[2m[           main]&amp#27;[0;39m &amp#27;[36morg.hibernate.SQL                       &amp#27;[0;39m &amp#27;[2m:&amp#27;[0;39m 
    insert 
    into
        races
        (category,country,created_at,description,distance_km,elevation_gain_m,entry_fee,location,max_participants,name,prize_money,race_date,race_type,registration_deadline,registration_open,start_time,status,temperature_celsius,updated_at,version,weather_forecast,id) 
    values
        (?,?,?,?,?,?,?,?,?,?,?,?,?,?,?,?,?,?,?,?,?,default)
Hibernate: 
    insert 
    into
        races
        (category,country,created_at,description,distance_km,elevation_gain_m,entry_fee,location,max_participants,name,prize_money,race_date,race_type,registration_deadline,registration_open,start_time,status,temperature_celsius,updated_at,version,weather_forecast,id) 
    values
        (?,?,?,?,?,?,?,?,?,?,?,?,?,?,?,?,?,?,?,?,?,default)
&amp#27;[2m2025-08-15T11:37:14.959-07:00&amp#27;[0;39m &amp#27;[32mDEBUG&amp#27;[0;39m &amp#27;[35m28291&amp#27;[0;39m &amp#27;[2m---&amp#27;[0;39m &amp#27;[2m[           main]&amp#27;[0;39m &amp#27;[36morg.hibernate.SQL                       &amp#27;[0;39m &amp#27;[2m:&amp#27;[0;39m 
    insert 
    into
        races
        (category,country,created_at,description,distance_km,elevation_gain_m,entry_fee,location,max_participants,name,prize_money,race_date,race_type,registration_deadline,registration_open,start_time,status,temperature_celsius,updated_at,version,weather_forecast,id) 
    values
        (?,?,?,?,?,?,?,?,?,?,?,?,?,?,?,?,?,?,?,?,?,default)
Hibernate: 
    insert 
    into
        races
        (category,country,created_at,description,distance_km,elevation_gain_m,entry_fee,location,max_participants,name,prize_money,race_date,race_type,registration_deadline,registration_open,start_time,status,temperature_celsius,updated_at,version,weather_forecast,id) 
    values
        (?,?,?,?,?,?,?,?,?,?,?,?,?,?,?,?,?,?,?,?,?,default)
&amp#27;[2m2025-08-15T11:37:14.960-07:00&amp#27;[0;39m &amp#27;[32mDEBUG&amp#27;[0;39m &amp#27;[35m28291&amp#27;[0;39m &amp#27;[2m---&amp#27;[0;39m &amp#27;[2m[           main]&amp#27;[0;39m &amp#27;[36morg.hibernate.SQL                       &amp#27;[0;39m &amp#27;[2m:&amp#27;[0;39m 
    insert 
    into
        races
        (category,country,created_at,description,distance_km,elevation_gain_m,entry_fee,location,max_participants,name,prize_money,race_date,race_type,registration_deadline,registration_open,start_time,status,temperature_celsius,updated_at,version,weather_forecast,id) 
    values
        (?,?,?,?,?,?,?,?,?,?,?,?,?,?,?,?,?,?,?,?,?,default)
Hibernate: 
    insert 
    into
        races
        (category,country,created_at,description,distance_km,elevation_gain_m,entry_fee,location,max_participants,name,prize_money,race_date,race_type,registration_deadline,registration_open,start_time,status,temperature_celsius,updated_at,version,weather_forecast,id) 
    values
        (?,?,?,?,?,?,?,?,?,?,?,?,?,?,?,?,?,?,?,?,?,default)
&amp#27;[2m2025-08-15T11:37:14.961-07:00&amp#27;[0;39m &amp#27;[32mDEBUG&amp#27;[0;39m &amp#27;[35m28291&amp#27;[0;39m &amp#27;[2m---&amp#27;[0;39m &amp#27;[2m[           main]&amp#27;[0;39m &amp#27;[36morg.hibernate.SQL                       &amp#27;[0;39m &amp#27;[2m:&amp#27;[0;39m 
    insert 
    into
        races
        (category,country,created_at,description,distance_km,elevation_gain_m,entry_fee,location,max_participants,name,prize_money,race_date,race_type,registration_deadline,registration_open,start_time,status,temperature_celsius,updated_at,version,weather_forecast,id) 
    values
        (?,?,?,?,?,?,?,?,?,?,?,?,?,?,?,?,?,?,?,?,?,default)
Hibernate: 
    insert 
    into
        races
        (category,country,created_at,description,distance_km,elevation_gain_m,entry_fee,location,max_participants,name,prize_money,race_date,race_type,registration_deadline,registration_open,start_time,status,temperature_celsius,updated_at,version,weather_forecast,id) 
    values
        (?,?,?,?,?,?,?,?,?,?,?,?,?,?,?,?,?,?,?,?,?,default)
&amp#27;[2m2025-08-15T11:37:14.964-07:00&amp#27;[0;39m &amp#27;[32mDEBUG&amp#27;[0;39m &amp#27;[35m28291&amp#27;[0;39m &amp#27;[2m---&amp#27;[0;39m &amp#27;[2m[           main]&amp#27;[0;39m &amp#27;[36morg.hibernate.SQL                       &amp#27;[0;39m &amp#27;[2m:&amp#27;[0;39m 
    select
        r1_0.id,
        r1_0.category,
        r1_0.country,
        r1_0.created_at,
        r1_0.description,
        r1_0.distance_km,
        r1_0.elevation_gain_m,
        r1_0.entry_fee,
        r1_0.location,
        r1_0.max_participants,
        r1_0.name,
        r1_0.prize_money,
        r1_0.race_date,
        r1_0.race_type,
        r1_0.registration_deadline,
        r1_0.registration_open,
        r1_0.start_time,
        r1_0.status,
        r1_0.temperature_celsius,
        r1_0.updated_at,
        r1_0.version,
        r1_0.weather_forecast 
    from
        races r1_0 
    where
        r1_0.weather_forecast is not null
Hibernate: 
    select
        r1_0.id,
        r1_0.category,
        r1_0.country,
        r1_0.created_at,
        r1_0.description,
        r1_0.distance_km,
        r1_0.elevation_gain_m,
        r1_0.entry_fee,
        r1_0.location,
        r1_0.max_participants,
        r1_0.name,
        r1_0.prize_money,
        r1_0.race_date,
        r1_0.race_type,
        r1_0.registration_deadline,
        r1_0.registration_open,
        r1_0.start_time,
        r1_0.status,
        r1_0.temperature_celsius,
        r1_0.updated_at,
        r1_0.version,
        r1_0.weather_forecast 
    from
        races r1_0 
    where
        r1_0.weather_forecast is not null
]]></system-out>
  </testcase>
  <testcase name="shouldFindRacesByStatus" classname="com.pelotoniq.cycling.repository.RaceRepositoryTest" time="0.015">
    <system-out><![CDATA[&amp#27;[2m2025-08-15T11:37:14.968-07:00&amp#27;[0;39m &amp#27;[32mDEBUG&amp#27;[0;39m &amp#27;[35m28291&amp#27;[0;39m &amp#27;[2m---&amp#27;[0;39m &amp#27;[2m[           main]&amp#27;[0;39m &amp#27;[36morg.hibernate.SQL                       &amp#27;[0;39m &amp#27;[2m:&amp#27;[0;39m 
    insert 
    into
        races
        (category,country,created_at,description,distance_km,elevation_gain_m,entry_fee,location,max_participants,name,prize_money,race_date,race_type,registration_deadline,registration_open,start_time,status,temperature_celsius,updated_at,version,weather_forecast,id) 
    values
        (?,?,?,?,?,?,?,?,?,?,?,?,?,?,?,?,?,?,?,?,?,default)
Hibernate: 
    insert 
    into
        races
        (category,country,created_at,description,distance_km,elevation_gain_m,entry_fee,location,max_participants,name,prize_money,race_date,race_type,registration_deadline,registration_open,start_time,status,temperature_celsius,updated_at,version,weather_forecast,id) 
    values
        (?,?,?,?,?,?,?,?,?,?,?,?,?,?,?,?,?,?,?,?,?,default)
&amp#27;[2m2025-08-15T11:37:14.971-07:00&amp#27;[0;39m &amp#27;[32mDEBUG&amp#27;[0;39m &amp#27;[35m28291&amp#27;[0;39m &amp#27;[2m---&amp#27;[0;39m &amp#27;[2m[           main]&amp#27;[0;39m &amp#27;[36morg.hibernate.SQL                       &amp#27;[0;39m &amp#27;[2m:&amp#27;[0;39m 
    insert 
    into
        races
        (category,country,created_at,description,distance_km,elevation_gain_m,entry_fee,location,max_participants,name,prize_money,race_date,race_type,registration_deadline,registration_open,start_time,status,temperature_celsius,updated_at,version,weather_forecast,id) 
    values
        (?,?,?,?,?,?,?,?,?,?,?,?,?,?,?,?,?,?,?,?,?,default)
Hibernate: 
    insert 
    into
        races
        (category,country,created_at,description,distance_km,elevation_gain_m,entry_fee,location,max_participants,name,prize_money,race_date,race_type,registration_deadline,registration_open,start_time,status,temperature_celsius,updated_at,version,weather_forecast,id) 
    values
        (?,?,?,?,?,?,?,?,?,?,?,?,?,?,?,?,?,?,?,?,?,default)
&amp#27;[2m2025-08-15T11:37:14.972-07:00&amp#27;[0;39m &amp#27;[32mDEBUG&amp#27;[0;39m &amp#27;[35m28291&amp#27;[0;39m &amp#27;[2m---&amp#27;[0;39m &amp#27;[2m[           main]&amp#27;[0;39m &amp#27;[36morg.hibernate.SQL                       &amp#27;[0;39m &amp#27;[2m:&amp#27;[0;39m 
    insert 
    into
        races
        (category,country,created_at,description,distance_km,elevation_gain_m,entry_fee,location,max_participants,name,prize_money,race_date,race_type,registration_deadline,registration_open,start_time,status,temperature_celsius,updated_at,version,weather_forecast,id) 
    values
        (?,?,?,?,?,?,?,?,?,?,?,?,?,?,?,?,?,?,?,?,?,default)
Hibernate: 
    insert 
    into
        races
        (category,country,created_at,description,distance_km,elevation_gain_m,entry_fee,location,max_participants,name,prize_money,race_date,race_type,registration_deadline,registration_open,start_time,status,temperature_celsius,updated_at,version,weather_forecast,id) 
    values
        (?,?,?,?,?,?,?,?,?,?,?,?,?,?,?,?,?,?,?,?,?,default)
&amp#27;[2m2025-08-15T11:37:14.973-07:00&amp#27;[0;39m &amp#27;[32mDEBUG&amp#27;[0;39m &amp#27;[35m28291&amp#27;[0;39m &amp#27;[2m---&amp#27;[0;39m &amp#27;[2m[           main]&amp#27;[0;39m &amp#27;[36morg.hibernate.SQL                       &amp#27;[0;39m &amp#27;[2m:&amp#27;[0;39m 
    insert 
    into
        races
        (category,country,created_at,description,distance_km,elevation_gain_m,entry_fee,location,max_participants,name,prize_money,race_date,race_type,registration_deadline,registration_open,start_time,status,temperature_celsius,updated_at,version,weather_forecast,id) 
    values
        (?,?,?,?,?,?,?,?,?,?,?,?,?,?,?,?,?,?,?,?,?,default)
Hibernate: 
    insert 
    into
        races
        (category,country,created_at,description,distance_km,elevation_gain_m,entry_fee,location,max_participants,name,prize_money,race_date,race_type,registration_deadline,registration_open,start_time,status,temperature_celsius,updated_at,version,weather_forecast,id) 
    values
        (?,?,?,?,?,?,?,?,?,?,?,?,?,?,?,?,?,?,?,?,?,default)
&amp#27;[2m2025-08-15T11:37:14.978-07:00&amp#27;[0;39m &amp#27;[32mDEBUG&amp#27;[0;39m &amp#27;[35m28291&amp#27;[0;39m &amp#27;[2m---&amp#27;[0;39m &amp#27;[2m[           main]&amp#27;[0;39m &amp#27;[36morg.hibernate.SQL                       &amp#27;[0;39m &amp#27;[2m:&amp#27;[0;39m 
    select
        r1_0.id,
        r1_0.category,
        r1_0.country,
        r1_0.created_at,
        r1_0.description,
        r1_0.distance_km,
        r1_0.elevation_gain_m,
        r1_0.entry_fee,
        r1_0.location,
        r1_0.max_participants,
        r1_0.name,
        r1_0.prize_money,
        r1_0.race_date,
        r1_0.race_type,
        r1_0.registration_deadline,
        r1_0.registration_open,
        r1_0.start_time,
        r1_0.status,
        r1_0.temperature_celsius,
        r1_0.updated_at,
        r1_0.version,
        r1_0.weather_forecast 
    from
        races r1_0 
    where
        r1_0.status=?
Hibernate: 
    select
        r1_0.id,
        r1_0.category,
        r1_0.country,
        r1_0.created_at,
        r1_0.description,
        r1_0.distance_km,
        r1_0.elevation_gain_m,
        r1_0.entry_fee,
        r1_0.location,
        r1_0.max_participants,
        r1_0.name,
        r1_0.prize_money,
        r1_0.race_date,
        r1_0.race_type,
        r1_0.registration_deadline,
        r1_0.registration_open,
        r1_0.start_time,
        r1_0.status,
        r1_0.temperature_celsius,
        r1_0.updated_at,
        r1_0.version,
        r1_0.weather_forecast 
    from
        races r1_0 
    where
        r1_0.status=?
]]></system-out>
  </testcase>
  <testcase name="shouldFindAverageDistanceByRaceType" classname="com.pelotoniq.cycling.repository.RaceRepositoryTest" time="0.013">
    <system-out><![CDATA[&amp#27;[2m2025-08-15T11:37:14.984-07:00&amp#27;[0;39m &amp#27;[32mDEBUG&amp#27;[0;39m &amp#27;[35m28291&amp#27;[0;39m &amp#27;[2m---&amp#27;[0;39m &amp#27;[2m[           main]&amp#27;[0;39m &amp#27;[36morg.hibernate.SQL                       &amp#27;[0;39m &amp#27;[2m:&amp#27;[0;39m 
    insert 
    into
        races
        (category,country,created_at,description,distance_km,elevation_gain_m,entry_fee,location,max_participants,name,prize_money,race_date,race_type,registration_deadline,registration_open,start_time,status,temperature_celsius,updated_at,version,weather_forecast,id) 
    values
        (?,?,?,?,?,?,?,?,?,?,?,?,?,?,?,?,?,?,?,?,?,default)
Hibernate: 
    insert 
    into
        races
        (category,country,created_at,description,distance_km,elevation_gain_m,entry_fee,location,max_participants,name,prize_money,race_date,race_type,registration_deadline,registration_open,start_time,status,temperature_celsius,updated_at,version,weather_forecast,id) 
    values
        (?,?,?,?,?,?,?,?,?,?,?,?,?,?,?,?,?,?,?,?,?,default)
&amp#27;[2m2025-08-15T11:37:14.986-07:00&amp#27;[0;39m &amp#27;[32mDEBUG&amp#27;[0;39m &amp#27;[35m28291&amp#27;[0;39m &amp#27;[2m---&amp#27;[0;39m &amp#27;[2m[           main]&amp#27;[0;39m &amp#27;[36morg.hibernate.SQL                       &amp#27;[0;39m &amp#27;[2m:&amp#27;[0;39m 
    insert 
    into
        races
        (category,country,created_at,description,distance_km,elevation_gain_m,entry_fee,location,max_participants,name,prize_money,race_date,race_type,registration_deadline,registration_open,start_time,status,temperature_celsius,updated_at,version,weather_forecast,id) 
    values
        (?,?,?,?,?,?,?,?,?,?,?,?,?,?,?,?,?,?,?,?,?,default)
Hibernate: 
    insert 
    into
        races
        (category,country,created_at,description,distance_km,elevation_gain_m,entry_fee,location,max_participants,name,prize_money,race_date,race_type,registration_deadline,registration_open,start_time,status,temperature_celsius,updated_at,version,weather_forecast,id) 
    values
        (?,?,?,?,?,?,?,?,?,?,?,?,?,?,?,?,?,?,?,?,?,default)
&amp#27;[2m2025-08-15T11:37:14.987-07:00&amp#27;[0;39m &amp#27;[32mDEBUG&amp#27;[0;39m &amp#27;[35m28291&amp#27;[0;39m &amp#27;[2m---&amp#27;[0;39m &amp#27;[2m[           main]&amp#27;[0;39m &amp#27;[36morg.hibernate.SQL                       &amp#27;[0;39m &amp#27;[2m:&amp#27;[0;39m 
    insert 
    into
        races
        (category,country,created_at,description,distance_km,elevation_gain_m,entry_fee,location,max_participants,name,prize_money,race_date,race_type,registration_deadline,registration_open,start_time,status,temperature_celsius,updated_at,version,weather_forecast,id) 
    values
        (?,?,?,?,?,?,?,?,?,?,?,?,?,?,?,?,?,?,?,?,?,default)
Hibernate: 
    insert 
    into
        races
        (category,country,created_at,description,distance_km,elevation_gain_m,entry_fee,location,max_participants,name,prize_money,race_date,race_type,registration_deadline,registration_open,start_time,status,temperature_celsius,updated_at,version,weather_forecast,id) 
    values
        (?,?,?,?,?,?,?,?,?,?,?,?,?,?,?,?,?,?,?,?,?,default)
&amp#27;[2m2025-08-15T11:37:14.987-07:00&amp#27;[0;39m &amp#27;[32mDEBUG&amp#27;[0;39m &amp#27;[35m28291&amp#27;[0;39m &amp#27;[2m---&amp#27;[0;39m &amp#27;[2m[           main]&amp#27;[0;39m &amp#27;[36morg.hibernate.SQL                       &amp#27;[0;39m &amp#27;[2m:&amp#27;[0;39m 
    insert 
    into
        races
        (category,country,created_at,description,distance_km,elevation_gain_m,entry_fee,location,max_participants,name,prize_money,race_date,race_type,registration_deadline,registration_open,start_time,status,temperature_celsius,updated_at,version,weather_forecast,id) 
    values
        (?,?,?,?,?,?,?,?,?,?,?,?,?,?,?,?,?,?,?,?,?,default)
Hibernate: 
    insert 
    into
        races
        (category,country,created_at,description,distance_km,elevation_gain_m,entry_fee,location,max_participants,name,prize_money,race_date,race_type,registration_deadline,registration_open,start_time,status,temperature_celsius,updated_at,version,weather_forecast,id) 
    values
        (?,?,?,?,?,?,?,?,?,?,?,?,?,?,?,?,?,?,?,?,?,default)
&amp#27;[2m2025-08-15T11:37:14.991-07:00&amp#27;[0;39m &amp#27;[32mDEBUG&amp#27;[0;39m &amp#27;[35m28291&amp#27;[0;39m &amp#27;[2m---&amp#27;[0;39m &amp#27;[2m[           main]&amp#27;[0;39m &amp#27;[36morg.hibernate.SQL                       &amp#27;[0;39m &amp#27;[2m:&amp#27;[0;39m 
    select
        avg(r1_0.distance_km) 
    from
        races r1_0 
    where
        r1_0.race_type=?
Hibernate: 
    select
        avg(r1_0.distance_km) 
    from
        races r1_0 
    where
        r1_0.race_type=?
]]></system-out>
  </testcase>
  <testcase name="shouldFindRacesWithMinimumParticipantCount" classname="com.pelotoniq.cycling.repository.RaceRepositoryTest" time="0.011">
    <system-out><![CDATA[&amp#27;[2m2025-08-15T11:37:14.998-07:00&amp#27;[0;39m &amp#27;[32mDEBUG&amp#27;[0;39m &amp#27;[35m28291&amp#27;[0;39m &amp#27;[2m---&amp#27;[0;39m &amp#27;[2m[           main]&amp#27;[0;39m &amp#27;[36morg.hibernate.SQL                       &amp#27;[0;39m &amp#27;[2m:&amp#27;[0;39m 
    insert 
    into
        races
        (category,country,created_at,description,distance_km,elevation_gain_m,entry_fee,location,max_participants,name,prize_money,race_date,race_type,registration_deadline,registration_open,start_time,status,temperature_celsius,updated_at,version,weather_forecast,id) 
    values
        (?,?,?,?,?,?,?,?,?,?,?,?,?,?,?,?,?,?,?,?,?,default)
Hibernate: 
    insert 
    into
        races
        (category,country,created_at,description,distance_km,elevation_gain_m,entry_fee,location,max_participants,name,prize_money,race_date,race_type,registration_deadline,registration_open,start_time,status,temperature_celsius,updated_at,version,weather_forecast,id) 
    values
        (?,?,?,?,?,?,?,?,?,?,?,?,?,?,?,?,?,?,?,?,?,default)
&amp#27;[2m2025-08-15T11:37:14.999-07:00&amp#27;[0;39m &amp#27;[32mDEBUG&amp#27;[0;39m &amp#27;[35m28291&amp#27;[0;39m &amp#27;[2m---&amp#27;[0;39m &amp#27;[2m[           main]&amp#27;[0;39m &amp#27;[36morg.hibernate.SQL                       &amp#27;[0;39m &amp#27;[2m:&amp#27;[0;39m 
    insert 
    into
        races
        (category,country,created_at,description,distance_km,elevation_gain_m,entry_fee,location,max_participants,name,prize_money,race_date,race_type,registration_deadline,registration_open,start_time,status,temperature_celsius,updated_at,version,weather_forecast,id) 
    values
        (?,?,?,?,?,?,?,?,?,?,?,?,?,?,?,?,?,?,?,?,?,default)
Hibernate: 
    insert 
    into
        races
        (category,country,created_at,description,distance_km,elevation_gain_m,entry_fee,location,max_participants,name,prize_money,race_date,race_type,registration_deadline,registration_open,start_time,status,temperature_celsius,updated_at,version,weather_forecast,id) 
    values
        (?,?,?,?,?,?,?,?,?,?,?,?,?,?,?,?,?,?,?,?,?,default)
&amp#27;[2m2025-08-15T11:37:15.000-07:00&amp#27;[0;39m &amp#27;[32mDEBUG&amp#27;[0;39m &amp#27;[35m28291&amp#27;[0;39m &amp#27;[2m---&amp#27;[0;39m &amp#27;[2m[           main]&amp#27;[0;39m &amp#27;[36morg.hibernate.SQL                       &amp#27;[0;39m &amp#27;[2m:&amp#27;[0;39m 
    insert 
    into
        races
        (category,country,created_at,description,distance_km,elevation_gain_m,entry_fee,location,max_participants,name,prize_money,race_date,race_type,registration_deadline,registration_open,start_time,status,temperature_celsius,updated_at,version,weather_forecast,id) 
    values
        (?,?,?,?,?,?,?,?,?,?,?,?,?,?,?,?,?,?,?,?,?,default)
Hibernate: 
    insert 
    into
        races
        (category,country,created_at,description,distance_km,elevation_gain_m,entry_fee,location,max_participants,name,prize_money,race_date,race_type,registration_deadline,registration_open,start_time,status,temperature_celsius,updated_at,version,weather_forecast,id) 
    values
        (?,?,?,?,?,?,?,?,?,?,?,?,?,?,?,?,?,?,?,?,?,default)
&amp#27;[2m2025-08-15T11:37:15.001-07:00&amp#27;[0;39m &amp#27;[32mDEBUG&amp#27;[0;39m &amp#27;[35m28291&amp#27;[0;39m &amp#27;[2m---&amp#27;[0;39m &amp#27;[2m[           main]&amp#27;[0;39m &amp#27;[36morg.hibernate.SQL                       &amp#27;[0;39m &amp#27;[2m:&amp#27;[0;39m 
    insert 
    into
        races
        (category,country,created_at,description,distance_km,elevation_gain_m,entry_fee,location,max_participants,name,prize_money,race_date,race_type,registration_deadline,registration_open,start_time,status,temperature_celsius,updated_at,version,weather_forecast,id) 
    values
        (?,?,?,?,?,?,?,?,?,?,?,?,?,?,?,?,?,?,?,?,?,default)
Hibernate: 
    insert 
    into
        races
        (category,country,created_at,description,distance_km,elevation_gain_m,entry_fee,location,max_participants,name,prize_money,race_date,race_type,registration_deadline,registration_open,start_time,status,temperature_celsius,updated_at,version,weather_forecast,id) 
    values
        (?,?,?,?,?,?,?,?,?,?,?,?,?,?,?,?,?,?,?,?,?,default)
&amp#27;[2m2025-08-15T11:37:15.005-07:00&amp#27;[0;39m &amp#27;[32mDEBUG&amp#27;[0;39m &amp#27;[35m28291&amp#27;[0;39m &amp#27;[2m---&amp#27;[0;39m &amp#27;[2m[           main]&amp#27;[0;39m &amp#27;[36morg.hibernate.SQL                       &amp#27;[0;39m &amp#27;[2m:&amp#27;[0;39m 
    select
        r1_0.id,
        r1_0.category,
        r1_0.country,
        r1_0.created_at,
        r1_0.description,
        r1_0.distance_km,
        r1_0.elevation_gain_m,
        r1_0.entry_fee,
        r1_0.location,
        r1_0.max_participants,
        r1_0.name,
        r1_0.prize_money,
        r1_0.race_date,
        r1_0.race_type,
        r1_0.registration_deadline,
        r1_0.registration_open,
        r1_0.start_time,
        r1_0.status,
        r1_0.temperature_celsius,
        r1_0.updated_at,
        r1_0.version,
        r1_0.weather_forecast 
    from
        races r1_0 
    where
        (
            select
                count(1) 
            from
                race_participants p1_0 
            where
                r1_0.id=p1_0.race_id
        )>=?
Hibernate: 
    select
        r1_0.id,
        r1_0.category,
        r1_0.country,
        r1_0.created_at,
        r1_0.description,
        r1_0.distance_km,
        r1_0.elevation_gain_m,
        r1_0.entry_fee,
        r1_0.location,
        r1_0.max_participants,
        r1_0.name,
        r1_0.prize_money,
        r1_0.race_date,
        r1_0.race_type,
        r1_0.registration_deadline,
        r1_0.registration_open,
        r1_0.start_time,
        r1_0.status,
        r1_0.temperature_celsius,
        r1_0.updated_at,
        r1_0.version,
        r1_0.weather_forecast 
    from
        races r1_0 
    where
        (
            select
                count(1) 
            from
                race_participants p1_0 
            where
                r1_0.id=p1_0.race_id
        )>=?
]]></system-out>
  </testcase>
  <testcase name="shouldFindHighestPrizeMoneyRaces" classname="com.pelotoniq.cycling.repository.RaceRepositoryTest" time="0.009">
    <system-out><![CDATA[&amp#27;[2m2025-08-15T11:37:15.009-07:00&amp#27;[0;39m &amp#27;[32mDEBUG&amp#27;[0;39m &amp#27;[35m28291&amp#27;[0;39m &amp#27;[2m---&amp#27;[0;39m &amp#27;[2m[           main]&amp#27;[0;39m &amp#27;[36morg.hibernate.SQL                       &amp#27;[0;39m &amp#27;[2m:&amp#27;[0;39m 
    insert 
    into
        races
        (category,country,created_at,description,distance_km,elevation_gain_m,entry_fee,location,max_participants,name,prize_money,race_date,race_type,registration_deadline,registration_open,start_time,status,temperature_celsius,updated_at,version,weather_forecast,id) 
    values
        (?,?,?,?,?,?,?,?,?,?,?,?,?,?,?,?,?,?,?,?,?,default)
Hibernate: 
    insert 
    into
        races
        (category,country,created_at,description,distance_km,elevation_gain_m,entry_fee,location,max_participants,name,prize_money,race_date,race_type,registration_deadline,registration_open,start_time,status,temperature_celsius,updated_at,version,weather_forecast,id) 
    values
        (?,?,?,?,?,?,?,?,?,?,?,?,?,?,?,?,?,?,?,?,?,default)
&amp#27;[2m2025-08-15T11:37:15.011-07:00&amp#27;[0;39m &amp#27;[32mDEBUG&amp#27;[0;39m &amp#27;[35m28291&amp#27;[0;39m &amp#27;[2m---&amp#27;[0;39m &amp#27;[2m[           main]&amp#27;[0;39m &amp#27;[36morg.hibernate.SQL                       &amp#27;[0;39m &amp#27;[2m:&amp#27;[0;39m 
    insert 
    into
        races
        (category,country,created_at,description,distance_km,elevation_gain_m,entry_fee,location,max_participants,name,prize_money,race_date,race_type,registration_deadline,registration_open,start_time,status,temperature_celsius,updated_at,version,weather_forecast,id) 
    values
        (?,?,?,?,?,?,?,?,?,?,?,?,?,?,?,?,?,?,?,?,?,default)
Hibernate: 
    insert 
    into
        races
        (category,country,created_at,description,distance_km,elevation_gain_m,entry_fee,location,max_participants,name,prize_money,race_date,race_type,registration_deadline,registration_open,start_time,status,temperature_celsius,updated_at,version,weather_forecast,id) 
    values
        (?,?,?,?,?,?,?,?,?,?,?,?,?,?,?,?,?,?,?,?,?,default)
&amp#27;[2m2025-08-15T11:37:15.012-07:00&amp#27;[0;39m &amp#27;[32mDEBUG&amp#27;[0;39m &amp#27;[35m28291&amp#27;[0;39m &amp#27;[2m---&amp#27;[0;39m &amp#27;[2m[           main]&amp#27;[0;39m &amp#27;[36morg.hibernate.SQL                       &amp#27;[0;39m &amp#27;[2m:&amp#27;[0;39m 
    insert 
    into
        races
        (category,country,created_at,description,distance_km,elevation_gain_m,entry_fee,location,max_participants,name,prize_money,race_date,race_type,registration_deadline,registration_open,start_time,status,temperature_celsius,updated_at,version,weather_forecast,id) 
    values
        (?,?,?,?,?,?,?,?,?,?,?,?,?,?,?,?,?,?,?,?,?,default)
Hibernate: 
    insert 
    into
        races
        (category,country,created_at,description,distance_km,elevation_gain_m,entry_fee,location,max_participants,name,prize_money,race_date,race_type,registration_deadline,registration_open,start_time,status,temperature_celsius,updated_at,version,weather_forecast,id) 
    values
        (?,?,?,?,?,?,?,?,?,?,?,?,?,?,?,?,?,?,?,?,?,default)
&amp#27;[2m2025-08-15T11:37:15.013-07:00&amp#27;[0;39m &amp#27;[32mDEBUG&amp#27;[0;39m &amp#27;[35m28291&amp#27;[0;39m &amp#27;[2m---&amp#27;[0;39m &amp#27;[2m[           main]&amp#27;[0;39m &amp#27;[36morg.hibernate.SQL                       &amp#27;[0;39m &amp#27;[2m:&amp#27;[0;39m 
    insert 
    into
        races
        (category,country,created_at,description,distance_km,elevation_gain_m,entry_fee,location,max_participants,name,prize_money,race_date,race_type,registration_deadline,registration_open,start_time,status,temperature_celsius,updated_at,version,weather_forecast,id) 
    values
        (?,?,?,?,?,?,?,?,?,?,?,?,?,?,?,?,?,?,?,?,?,default)
Hibernate: 
    insert 
    into
        races
        (category,country,created_at,description,distance_km,elevation_gain_m,entry_fee,location,max_participants,name,prize_money,race_date,race_type,registration_deadline,registration_open,start_time,status,temperature_celsius,updated_at,version,weather_forecast,id) 
    values
        (?,?,?,?,?,?,?,?,?,?,?,?,?,?,?,?,?,?,?,?,?,default)
&amp#27;[2m2025-08-15T11:37:15.015-07:00&amp#27;[0;39m &amp#27;[32mDEBUG&amp#27;[0;39m &amp#27;[35m28291&amp#27;[0;39m &amp#27;[2m---&amp#27;[0;39m &amp#27;[2m[           main]&amp#27;[0;39m &amp#27;[36morg.hibernate.SQL                       &amp#27;[0;39m &amp#27;[2m:&amp#27;[0;39m 
    select
        r1_0.id,
        r1_0.category,
        r1_0.country,
        r1_0.created_at,
        r1_0.description,
        r1_0.distance_km,
        r1_0.elevation_gain_m,
        r1_0.entry_fee,
        r1_0.location,
        r1_0.max_participants,
        r1_0.name,
        r1_0.prize_money,
        r1_0.race_date,
        r1_0.race_type,
        r1_0.registration_deadline,
        r1_0.registration_open,
        r1_0.start_time,
        r1_0.status,
        r1_0.temperature_celsius,
        r1_0.updated_at,
        r1_0.version,
        r1_0.weather_forecast 
    from
        races r1_0 
    where
        r1_0.prize_money=(
            select
                max(r2_0.prize_money) 
            from
                races r2_0
        )
Hibernate: 
    select
        r1_0.id,
        r1_0.category,
        r1_0.country,
        r1_0.created_at,
        r1_0.description,
        r1_0.distance_km,
        r1_0.elevation_gain_m,
        r1_0.entry_fee,
        r1_0.location,
        r1_0.max_participants,
        r1_0.name,
        r1_0.prize_money,
        r1_0.race_date,
        r1_0.race_type,
        r1_0.registration_deadline,
        r1_0.registration_open,
        r1_0.start_time,
        r1_0.status,
        r1_0.temperature_celsius,
        r1_0.updated_at,
        r1_0.version,
        r1_0.weather_forecast 
    from
        races r1_0 
    where
        r1_0.prize_money=(
            select
                max(r2_0.prize_money) 
            from
                races r2_0
        )
]]></system-out>
  </testcase>
  <testcase name="shouldFindRacesByMinimumPrizeMoney" classname="com.pelotoniq.cycling.repository.RaceRepositoryTest" time="0.009">
    <system-out><![CDATA[&amp#27;[2m2025-08-15T11:37:15.019-07:00&amp#27;[0;39m &amp#27;[32mDEBUG&amp#27;[0;39m &amp#27;[35m28291&amp#27;[0;39m &amp#27;[2m---&amp#27;[0;39m &amp#27;[2m[           main]&amp#27;[0;39m &amp#27;[36morg.hibernate.SQL                       &amp#27;[0;39m &amp#27;[2m:&amp#27;[0;39m 
    insert 
    into
        races
        (category,country,created_at,description,distance_km,elevation_gain_m,entry_fee,location,max_participants,name,prize_money,race_date,race_type,registration_deadline,registration_open,start_time,status,temperature_celsius,updated_at,version,weather_forecast,id) 
    values
        (?,?,?,?,?,?,?,?,?,?,?,?,?,?,?,?,?,?,?,?,?,default)
Hibernate: 
    insert 
    into
        races
        (category,country,created_at,description,distance_km,elevation_gain_m,entry_fee,location,max_participants,name,prize_money,race_date,race_type,registration_deadline,registration_open,start_time,status,temperature_celsius,updated_at,version,weather_forecast,id) 
    values
        (?,?,?,?,?,?,?,?,?,?,?,?,?,?,?,?,?,?,?,?,?,default)
&amp#27;[2m2025-08-15T11:37:15.021-07:00&amp#27;[0;39m &amp#27;[32mDEBUG&amp#27;[0;39m &amp#27;[35m28291&amp#27;[0;39m &amp#27;[2m---&amp#27;[0;39m &amp#27;[2m[           main]&amp#27;[0;39m &amp#27;[36morg.hibernate.SQL                       &amp#27;[0;39m &amp#27;[2m:&amp#27;[0;39m 
    insert 
    into
        races
        (category,country,created_at,description,distance_km,elevation_gain_m,entry_fee,location,max_participants,name,prize_money,race_date,race_type,registration_deadline,registration_open,start_time,status,temperature_celsius,updated_at,version,weather_forecast,id) 
    values
        (?,?,?,?,?,?,?,?,?,?,?,?,?,?,?,?,?,?,?,?,?,default)
Hibernate: 
    insert 
    into
        races
        (category,country,created_at,description,distance_km,elevation_gain_m,entry_fee,location,max_participants,name,prize_money,race_date,race_type,registration_deadline,registration_open,start_time,status,temperature_celsius,updated_at,version,weather_forecast,id) 
    values
        (?,?,?,?,?,?,?,?,?,?,?,?,?,?,?,?,?,?,?,?,?,default)
&amp#27;[2m2025-08-15T11:37:15.022-07:00&amp#27;[0;39m &amp#27;[32mDEBUG&amp#27;[0;39m &amp#27;[35m28291&amp#27;[0;39m &amp#27;[2m---&amp#27;[0;39m &amp#27;[2m[           main]&amp#27;[0;39m &amp#27;[36morg.hibernate.SQL                       &amp#27;[0;39m &amp#27;[2m:&amp#27;[0;39m 
    insert 
    into
        races
        (category,country,created_at,description,distance_km,elevation_gain_m,entry_fee,location,max_participants,name,prize_money,race_date,race_type,registration_deadline,registration_open,start_time,status,temperature_celsius,updated_at,version,weather_forecast,id) 
    values
        (?,?,?,?,?,?,?,?,?,?,?,?,?,?,?,?,?,?,?,?,?,default)
Hibernate: 
    insert 
    into
        races
        (category,country,created_at,description,distance_km,elevation_gain_m,entry_fee,location,max_participants,name,prize_money,race_date,race_type,registration_deadline,registration_open,start_time,status,temperature_celsius,updated_at,version,weather_forecast,id) 
    values
        (?,?,?,?,?,?,?,?,?,?,?,?,?,?,?,?,?,?,?,?,?,default)
&amp#27;[2m2025-08-15T11:37:15.023-07:00&amp#27;[0;39m &amp#27;[32mDEBUG&amp#27;[0;39m &amp#27;[35m28291&amp#27;[0;39m &amp#27;[2m---&amp#27;[0;39m &amp#27;[2m[           main]&amp#27;[0;39m &amp#27;[36morg.hibernate.SQL                       &amp#27;[0;39m &amp#27;[2m:&amp#27;[0;39m 
    insert 
    into
        races
        (category,country,created_at,description,distance_km,elevation_gain_m,entry_fee,location,max_participants,name,prize_money,race_date,race_type,registration_deadline,registration_open,start_time,status,temperature_celsius,updated_at,version,weather_forecast,id) 
    values
        (?,?,?,?,?,?,?,?,?,?,?,?,?,?,?,?,?,?,?,?,?,default)
Hibernate: 
    insert 
    into
        races
        (category,country,created_at,description,distance_km,elevation_gain_m,entry_fee,location,max_participants,name,prize_money,race_date,race_type,registration_deadline,registration_open,start_time,status,temperature_celsius,updated_at,version,weather_forecast,id) 
    values
        (?,?,?,?,?,?,?,?,?,?,?,?,?,?,?,?,?,?,?,?,?,default)
&amp#27;[2m2025-08-15T11:37:15.025-07:00&amp#27;[0;39m &amp#27;[32mDEBUG&amp#27;[0;39m &amp#27;[35m28291&amp#27;[0;39m &amp#27;[2m---&amp#27;[0;39m &amp#27;[2m[           main]&amp#27;[0;39m &amp#27;[36morg.hibernate.SQL                       &amp#27;[0;39m &amp#27;[2m:&amp#27;[0;39m 
    select
        r1_0.id,
        r1_0.category,
        r1_0.country,
        r1_0.created_at,
        r1_0.description,
        r1_0.distance_km,
        r1_0.elevation_gain_m,
        r1_0.entry_fee,
        r1_0.location,
        r1_0.max_participants,
        r1_0.name,
        r1_0.prize_money,
        r1_0.race_date,
        r1_0.race_type,
        r1_0.registration_deadline,
        r1_0.registration_open,
        r1_0.start_time,
        r1_0.status,
        r1_0.temperature_celsius,
        r1_0.updated_at,
        r1_0.version,
        r1_0.weather_forecast 
    from
        races r1_0 
    where
        r1_0.prize_money>=?
Hibernate: 
    select
        r1_0.id,
        r1_0.category,
        r1_0.country,
        r1_0.created_at,
        r1_0.description,
        r1_0.distance_km,
        r1_0.elevation_gain_m,
        r1_0.entry_fee,
        r1_0.location,
        r1_0.max_participants,
        r1_0.name,
        r1_0.prize_money,
        r1_0.race_date,
        r1_0.race_type,
        r1_0.registration_deadline,
        r1_0.registration_open,
        r1_0.start_time,
        r1_0.status,
        r1_0.temperature_celsius,
        r1_0.updated_at,
        r1_0.version,
        r1_0.weather_forecast 
    from
        races r1_0 
    where
        r1_0.prize_money>=?
]]></system-out>
  </testcase>
  <testcase name="shouldFindRacesByMinimumCapacity" classname="com.pelotoniq.cycling.repository.RaceRepositoryTest" time="0.009">
    <system-out><![CDATA[&amp#27;[2m2025-08-15T11:37:15.029-07:00&amp#27;[0;39m &amp#27;[32mDEBUG&amp#27;[0;39m &amp#27;[35m28291&amp#27;[0;39m &amp#27;[2m---&amp#27;[0;39m &amp#27;[2m[           main]&amp#27;[0;39m &amp#27;[36morg.hibernate.SQL                       &amp#27;[0;39m &amp#27;[2m:&amp#27;[0;39m 
    insert 
    into
        races
        (category,country,created_at,description,distance_km,elevation_gain_m,entry_fee,location,max_participants,name,prize_money,race_date,race_type,registration_deadline,registration_open,start_time,status,temperature_celsius,updated_at,version,weather_forecast,id) 
    values
        (?,?,?,?,?,?,?,?,?,?,?,?,?,?,?,?,?,?,?,?,?,default)
Hibernate: 
    insert 
    into
        races
        (category,country,created_at,description,distance_km,elevation_gain_m,entry_fee,location,max_participants,name,prize_money,race_date,race_type,registration_deadline,registration_open,start_time,status,temperature_celsius,updated_at,version,weather_forecast,id) 
    values
        (?,?,?,?,?,?,?,?,?,?,?,?,?,?,?,?,?,?,?,?,?,default)
&amp#27;[2m2025-08-15T11:37:15.030-07:00&amp#27;[0;39m &amp#27;[32mDEBUG&amp#27;[0;39m &amp#27;[35m28291&amp#27;[0;39m &amp#27;[2m---&amp#27;[0;39m &amp#27;[2m[           main]&amp#27;[0;39m &amp#27;[36morg.hibernate.SQL                       &amp#27;[0;39m &amp#27;[2m:&amp#27;[0;39m 
    insert 
    into
        races
        (category,country,created_at,description,distance_km,elevation_gain_m,entry_fee,location,max_participants,name,prize_money,race_date,race_type,registration_deadline,registration_open,start_time,status,temperature_celsius,updated_at,version,weather_forecast,id) 
    values
        (?,?,?,?,?,?,?,?,?,?,?,?,?,?,?,?,?,?,?,?,?,default)
Hibernate: 
    insert 
    into
        races
        (category,country,created_at,description,distance_km,elevation_gain_m,entry_fee,location,max_participants,name,prize_money,race_date,race_type,registration_deadline,registration_open,start_time,status,temperature_celsius,updated_at,version,weather_forecast,id) 
    values
        (?,?,?,?,?,?,?,?,?,?,?,?,?,?,?,?,?,?,?,?,?,default)
&amp#27;[2m2025-08-15T11:37:15.031-07:00&amp#27;[0;39m &amp#27;[32mDEBUG&amp#27;[0;39m &amp#27;[35m28291&amp#27;[0;39m &amp#27;[2m---&amp#27;[0;39m &amp#27;[2m[           main]&amp#27;[0;39m &amp#27;[36morg.hibernate.SQL                       &amp#27;[0;39m &amp#27;[2m:&amp#27;[0;39m 
    insert 
    into
        races
        (category,country,created_at,description,distance_km,elevation_gain_m,entry_fee,location,max_participants,name,prize_money,race_date,race_type,registration_deadline,registration_open,start_time,status,temperature_celsius,updated_at,version,weather_forecast,id) 
    values
        (?,?,?,?,?,?,?,?,?,?,?,?,?,?,?,?,?,?,?,?,?,default)
Hibernate: 
    insert 
    into
        races
        (category,country,created_at,description,distance_km,elevation_gain_m,entry_fee,location,max_participants,name,prize_money,race_date,race_type,registration_deadline,registration_open,start_time,status,temperature_celsius,updated_at,version,weather_forecast,id) 
    values
        (?,?,?,?,?,?,?,?,?,?,?,?,?,?,?,?,?,?,?,?,?,default)
&amp#27;[2m2025-08-15T11:37:15.032-07:00&amp#27;[0;39m &amp#27;[32mDEBUG&amp#27;[0;39m &amp#27;[35m28291&amp#27;[0;39m &amp#27;[2m---&amp#27;[0;39m &amp#27;[2m[           main]&amp#27;[0;39m &amp#27;[36morg.hibernate.SQL                       &amp#27;[0;39m &amp#27;[2m:&amp#27;[0;39m 
    insert 
    into
        races
        (category,country,created_at,description,distance_km,elevation_gain_m,entry_fee,location,max_participants,name,prize_money,race_date,race_type,registration_deadline,registration_open,start_time,status,temperature_celsius,updated_at,version,weather_forecast,id) 
    values
        (?,?,?,?,?,?,?,?,?,?,?,?,?,?,?,?,?,?,?,?,?,default)
Hibernate: 
    insert 
    into
        races
        (category,country,created_at,description,distance_km,elevation_gain_m,entry_fee,location,max_participants,name,prize_money,race_date,race_type,registration_deadline,registration_open,start_time,status,temperature_celsius,updated_at,version,weather_forecast,id) 
    values
        (?,?,?,?,?,?,?,?,?,?,?,?,?,?,?,?,?,?,?,?,?,default)
&amp#27;[2m2025-08-15T11:37:15.034-07:00&amp#27;[0;39m &amp#27;[32mDEBUG&amp#27;[0;39m &amp#27;[35m28291&amp#27;[0;39m &amp#27;[2m---&amp#27;[0;39m &amp#27;[2m[           main]&amp#27;[0;39m &amp#27;[36morg.hibernate.SQL                       &amp#27;[0;39m &amp#27;[2m:&amp#27;[0;39m 
    select
        r1_0.id,
        r1_0.category,
        r1_0.country,
        r1_0.created_at,
        r1_0.description,
        r1_0.distance_km,
        r1_0.elevation_gain_m,
        r1_0.entry_fee,
        r1_0.location,
        r1_0.max_participants,
        r1_0.name,
        r1_0.prize_money,
        r1_0.race_date,
        r1_0.race_type,
        r1_0.registration_deadline,
        r1_0.registration_open,
        r1_0.start_time,
        r1_0.status,
        r1_0.temperature_celsius,
        r1_0.updated_at,
        r1_0.version,
        r1_0.weather_forecast 
    from
        races r1_0 
    where
        r1_0.max_participants>=?
Hibernate: 
    select
        r1_0.id,
        r1_0.category,
        r1_0.country,
        r1_0.created_at,
        r1_0.description,
        r1_0.distance_km,
        r1_0.elevation_gain_m,
        r1_0.entry_fee,
        r1_0.location,
        r1_0.max_participants,
        r1_0.name,
        r1_0.prize_money,
        r1_0.race_date,
        r1_0.race_type,
        r1_0.registration_deadline,
        r1_0.registration_open,
        r1_0.start_time,
        r1_0.status,
        r1_0.temperature_celsius,
        r1_0.updated_at,
        r1_0.version,
        r1_0.weather_forecast 
    from
        races r1_0 
    where
        r1_0.max_participants>=?
]]></system-out>
  </testcase>
  <testcase name="shouldFindMostPopularRaces" classname="com.pelotoniq.cycling.repository.RaceRepositoryTest" time="0.009">
    <system-out><![CDATA[&amp#27;[2m2025-08-15T11:37:15.038-07:00&amp#27;[0;39m &amp#27;[32mDEBUG&amp#27;[0;39m &amp#27;[35m28291&amp#27;[0;39m &amp#27;[2m---&amp#27;[0;39m &amp#27;[2m[           main]&amp#27;[0;39m &amp#27;[36morg.hibernate.SQL                       &amp#27;[0;39m &amp#27;[2m:&amp#27;[0;39m 
    insert 
    into
        races
        (category,country,created_at,description,distance_km,elevation_gain_m,entry_fee,location,max_participants,name,prize_money,race_date,race_type,registration_deadline,registration_open,start_time,status,temperature_celsius,updated_at,version,weather_forecast,id) 
    values
        (?,?,?,?,?,?,?,?,?,?,?,?,?,?,?,?,?,?,?,?,?,default)
Hibernate: 
    insert 
    into
        races
        (category,country,created_at,description,distance_km,elevation_gain_m,entry_fee,location,max_participants,name,prize_money,race_date,race_type,registration_deadline,registration_open,start_time,status,temperature_celsius,updated_at,version,weather_forecast,id) 
    values
        (?,?,?,?,?,?,?,?,?,?,?,?,?,?,?,?,?,?,?,?,?,default)
&amp#27;[2m2025-08-15T11:37:15.039-07:00&amp#27;[0;39m &amp#27;[32mDEBUG&amp#27;[0;39m &amp#27;[35m28291&amp#27;[0;39m &amp#27;[2m---&amp#27;[0;39m &amp#27;[2m[           main]&amp#27;[0;39m &amp#27;[36morg.hibernate.SQL                       &amp#27;[0;39m &amp#27;[2m:&amp#27;[0;39m 
    insert 
    into
        races
        (category,country,created_at,description,distance_km,elevation_gain_m,entry_fee,location,max_participants,name,prize_money,race_date,race_type,registration_deadline,registration_open,start_time,status,temperature_celsius,updated_at,version,weather_forecast,id) 
    values
        (?,?,?,?,?,?,?,?,?,?,?,?,?,?,?,?,?,?,?,?,?,default)
Hibernate: 
    insert 
    into
        races
        (category,country,created_at,description,distance_km,elevation_gain_m,entry_fee,location,max_participants,name,prize_money,race_date,race_type,registration_deadline,registration_open,start_time,status,temperature_celsius,updated_at,version,weather_forecast,id) 
    values
        (?,?,?,?,?,?,?,?,?,?,?,?,?,?,?,?,?,?,?,?,?,default)
&amp#27;[2m2025-08-15T11:37:15.040-07:00&amp#27;[0;39m &amp#27;[32mDEBUG&amp#27;[0;39m &amp#27;[35m28291&amp#27;[0;39m &amp#27;[2m---&amp#27;[0;39m &amp#27;[2m[           main]&amp#27;[0;39m &amp#27;[36morg.hibernate.SQL                       &amp#27;[0;39m &amp#27;[2m:&amp#27;[0;39m 
    insert 
    into
        races
        (category,country,created_at,description,distance_km,elevation_gain_m,entry_fee,location,max_participants,name,prize_money,race_date,race_type,registration_deadline,registration_open,start_time,status,temperature_celsius,updated_at,version,weather_forecast,id) 
    values
        (?,?,?,?,?,?,?,?,?,?,?,?,?,?,?,?,?,?,?,?,?,default)
Hibernate: 
    insert 
    into
        races
        (category,country,created_at,description,distance_km,elevation_gain_m,entry_fee,location,max_participants,name,prize_money,race_date,race_type,registration_deadline,registration_open,start_time,status,temperature_celsius,updated_at,version,weather_forecast,id) 
    values
        (?,?,?,?,?,?,?,?,?,?,?,?,?,?,?,?,?,?,?,?,?,default)
&amp#27;[2m2025-08-15T11:37:15.041-07:00&amp#27;[0;39m &amp#27;[32mDEBUG&amp#27;[0;39m &amp#27;[35m28291&amp#27;[0;39m &amp#27;[2m---&amp#27;[0;39m &amp#27;[2m[           main]&amp#27;[0;39m &amp#27;[36morg.hibernate.SQL                       &amp#27;[0;39m &amp#27;[2m:&amp#27;[0;39m 
    insert 
    into
        races
        (category,country,created_at,description,distance_km,elevation_gain_m,entry_fee,location,max_participants,name,prize_money,race_date,race_type,registration_deadline,registration_open,start_time,status,temperature_celsius,updated_at,version,weather_forecast,id) 
    values
        (?,?,?,?,?,?,?,?,?,?,?,?,?,?,?,?,?,?,?,?,?,default)
Hibernate: 
    insert 
    into
        races
        (category,country,created_at,description,distance_km,elevation_gain_m,entry_fee,location,max_participants,name,prize_money,race_date,race_type,registration_deadline,registration_open,start_time,status,temperature_celsius,updated_at,version,weather_forecast,id) 
    values
        (?,?,?,?,?,?,?,?,?,?,?,?,?,?,?,?,?,?,?,?,?,default)
&amp#27;[2m2025-08-15T11:37:15.044-07:00&amp#27;[0;39m &amp#27;[32mDEBUG&amp#27;[0;39m &amp#27;[35m28291&amp#27;[0;39m &amp#27;[2m---&amp#27;[0;39m &amp#27;[2m[           main]&amp#27;[0;39m &amp#27;[36morg.hibernate.SQL                       &amp#27;[0;39m &amp#27;[2m:&amp#27;[0;39m 
    select
        r1_0.id,
        r1_0.category,
        r1_0.country,
        r1_0.created_at,
        r1_0.description,
        r1_0.distance_km,
        r1_0.elevation_gain_m,
        r1_0.entry_fee,
        r1_0.location,
        r1_0.max_participants,
        r1_0.name,
        r1_0.prize_money,
        r1_0.race_date,
        r1_0.race_type,
        r1_0.registration_deadline,
        r1_0.registration_open,
        r1_0.start_time,
        r1_0.status,
        r1_0.temperature_celsius,
        r1_0.updated_at,
        r1_0.version,
        r1_0.weather_forecast 
    from
        races r1_0 
    order by
        (select
            count(1) 
        from
            race_participants p1_0 
        where
            r1_0.id=p1_0.race_id) desc offset ? rows fetch first ? rows only
Hibernate: 
    select
        r1_0.id,
        r1_0.category,
        r1_0.country,
        r1_0.created_at,
        r1_0.description,
        r1_0.distance_km,
        r1_0.elevation_gain_m,
        r1_0.entry_fee,
        r1_0.location,
        r1_0.max_participants,
        r1_0.name,
        r1_0.prize_money,
        r1_0.race_date,
        r1_0.race_type,
        r1_0.registration_deadline,
        r1_0.registration_open,
        r1_0.start_time,
        r1_0.status,
        r1_0.temperature_celsius,
        r1_0.updated_at,
        r1_0.version,
        r1_0.weather_forecast 
    from
        races r1_0 
    order by
        (select
            count(1) 
        from
            race_participants p1_0 
        where
            r1_0.id=p1_0.race_id) desc offset ? rows fetch first ? rows only
]]></system-out>
  </testcase>
  <testcase name="shouldFindRacesWithClosedRegistration" classname="com.pelotoniq.cycling.repository.RaceRepositoryTest" time="0.008">
    <system-out><![CDATA[&amp#27;[2m2025-08-15T11:37:15.048-07:00&amp#27;[0;39m &amp#27;[32mDEBUG&amp#27;[0;39m &amp#27;[35m28291&amp#27;[0;39m &amp#27;[2m---&amp#27;[0;39m &amp#27;[2m[           main]&amp#27;[0;39m &amp#27;[36morg.hibernate.SQL                       &amp#27;[0;39m &amp#27;[2m:&amp#27;[0;39m 
    insert 
    into
        races
        (category,country,created_at,description,distance_km,elevation_gain_m,entry_fee,location,max_participants,name,prize_money,race_date,race_type,registration_deadline,registration_open,start_time,status,temperature_celsius,updated_at,version,weather_forecast,id) 
    values
        (?,?,?,?,?,?,?,?,?,?,?,?,?,?,?,?,?,?,?,?,?,default)
Hibernate: 
    insert 
    into
        races
        (category,country,created_at,description,distance_km,elevation_gain_m,entry_fee,location,max_participants,name,prize_money,race_date,race_type,registration_deadline,registration_open,start_time,status,temperature_celsius,updated_at,version,weather_forecast,id) 
    values
        (?,?,?,?,?,?,?,?,?,?,?,?,?,?,?,?,?,?,?,?,?,default)
&amp#27;[2m2025-08-15T11:37:15.049-07:00&amp#27;[0;39m &amp#27;[32mDEBUG&amp#27;[0;39m &amp#27;[35m28291&amp#27;[0;39m &amp#27;[2m---&amp#27;[0;39m &amp#27;[2m[           main]&amp#27;[0;39m &amp#27;[36morg.hibernate.SQL                       &amp#27;[0;39m &amp#27;[2m:&amp#27;[0;39m 
    insert 
    into
        races
[...]
    values
        (?,?,?,?,?,?,?,?,?,?,?,?,?,?,?,?,?,?,?,?,?,default)
Hibernate: 
    insert 
    into
        races
        (category,country,created_at,description,distance_km,elevation_gain_m,entry_fee,location,max_participants,name,prize_money,race_date,race_type,registration_deadline,registration_open,start_time,status,temperature_celsius,updated_at,version,weather_forecast,id) 
    values
        (?,?,?,?,?,?,?,?,?,?,?,?,?,?,?,?,?,?,?,?,?,default)
&amp#27;[2m2025-08-15T11:37:15.287-07:00&amp#27;[0;39m &amp#27;[32mDEBUG&amp#27;[0;39m &amp#27;[35m28291&amp#27;[0;39m &amp#27;[2m---&amp#27;[0;39m &amp#27;[2m[           main]&amp#27;[0;39m &amp#27;[36morg.hibernate.SQL                       &amp#27;[0;39m &amp#27;[2m:&amp#27;[0;39m 
    select
        r1_0.id,
        r1_0.category,
        r1_0.country,
        r1_0.created_at,
        r1_0.description,
        r1_0.distance_km,
        r1_0.elevation_gain_m,
        r1_0.entry_fee,
        r1_0.location,
        r1_0.max_participants,
        r1_0.name,
        r1_0.prize_money,
        r1_0.race_date,
        r1_0.race_type,
        r1_0.registration_deadline,
        r1_0.registration_open,
        r1_0.start_time,
        r1_0.status,
        r1_0.temperature_celsius,
        r1_0.updated_at,
        r1_0.version,
        r1_0.weather_forecast 
    from
        races r1_0 
    where
        r1_0.distance_km between ? and ?
Hibernate: 
    select
        r1_0.id,
        r1_0.category,
        r1_0.country,
        r1_0.created_at,
        r1_0.description,
        r1_0.distance_km,
        r1_0.elevation_gain_m,
        r1_0.entry_fee,
        r1_0.location,
        r1_0.max_participants,
        r1_0.name,
        r1_0.prize_money,
        r1_0.race_date,
        r1_0.race_type,
        r1_0.registration_deadline,
        r1_0.registration_open,
        r1_0.start_time,
        r1_0.status,
        r1_0.temperature_celsius,
        r1_0.updated_at,
        r1_0.version,
        r1_0.weather_forecast 
    from
        races r1_0 
    where
        r1_0.distance_km between ? and ?
]]></system-out>
  </testcase>
  <testcase name="shouldFindRacesByCategory" classname="com.pelotoniq.cycling.repository.RaceRepositoryTest" time="0.005">
    <system-out><![CDATA[&amp#27;[2m2025-08-15T11:37:15.290-07:00&amp#27;[0;39m &amp#27;[32mDEBUG&amp#27;[0;39m &amp#27;[35m28291&amp#27;[0;39m &amp#27;[2m---&amp#27;[0;39m &amp#27;[2m[           main]&amp#27;[0;39m &amp#27;[36morg.hibernate.SQL                       &amp#27;[0;39m &amp#27;[2m:&amp#27;[0;39m 
    insert 
    into
        races
        (category,country,created_at,description,distance_km,elevation_gain_m,entry_fee,location,max_participants,name,prize_money,race_date,race_type,registration_deadline,registration_open,start_time,status,temperature_celsius,updated_at,version,weather_forecast,id) 
    values
        (?,?,?,?,?,?,?,?,?,?,?,?,?,?,?,?,?,?,?,?,?,default)
Hibernate: 
    insert 
    into
        races
        (category,country,created_at,description,distance_km,elevation_gain_m,entry_fee,location,max_participants,name,prize_money,race_date,race_type,registration_deadline,registration_open,start_time,status,temperature_celsius,updated_at,version,weather_forecast,id) 
    values
        (?,?,?,?,?,?,?,?,?,?,?,?,?,?,?,?,?,?,?,?,?,default)
&amp#27;[2m2025-08-15T11:37:15.291-07:00&amp#27;[0;39m &amp#27;[32mDEBUG&amp#27;[0;39m &amp#27;[35m28291&amp#27;[0;39m &amp#27;[2m---&amp#27;[0;39m &amp#27;[2m[           main]&amp#27;[0;39m &amp#27;[36morg.hibernate.SQL                       &amp#27;[0;39m &amp#27;[2m:&amp#27;[0;39m 
    insert 
    into
        races
        (category,country,created_at,description,distance_km,elevation_gain_m,entry_fee,location,max_participants,name,prize_money,race_date,race_type,registration_deadline,registration_open,start_time,status,temperature_celsius,updated_at,version,weather_forecast,id) 
    values
        (?,?,?,?,?,?,?,?,?,?,?,?,?,?,?,?,?,?,?,?,?,default)
Hibernate: 
    insert 
    into
        races
        (category,country,created_at,description,distance_km,elevation_gain_m,entry_fee,location,max_participants,name,prize_money,race_date,race_type,registration_deadline,registration_open,start_time,status,temperature_celsius,updated_at,version,weather_forecast,id) 
    values
        (?,?,?,?,?,?,?,?,?,?,?,?,?,?,?,?,?,?,?,?,?,default)
&amp#27;[2m2025-08-15T11:37:15.292-07:00&amp#27;[0;39m &amp#27;[32mDEBUG&amp#27;[0;39m &amp#27;[35m28291&amp#27;[0;39m &amp#27;[2m---&amp#27;[0;39m &amp#27;[2m[           main]&amp#27;[0;39m &amp#27;[36morg.hibernate.SQL                       &amp#27;[0;39m &amp#27;[2m:&amp#27;[0;39m 
    insert 
    into
        races
        (category,country,created_at,description,distance_km,elevation_gain_m,entry_fee,location,max_participants,name,prize_money,race_date,race_type,registration_deadline,registration_open,start_time,status,temperature_celsius,updated_at,version,weather_forecast,id) 
    values
        (?,?,?,?,?,?,?,?,?,?,?,?,?,?,?,?,?,?,?,?,?,default)
Hibernate: 
    insert 
    into
        races
        (category,country,created_at,description,distance_km,elevation_gain_m,entry_fee,location,max_participants,name,prize_money,race_date,race_type,registration_deadline,registration_open,start_time,status,temperature_celsius,updated_at,version,weather_forecast,id) 
    values
        (?,?,?,?,?,?,?,?,?,?,?,?,?,?,?,?,?,?,?,?,?,default)
&amp#27;[2m2025-08-15T11:37:15.292-07:00&amp#27;[0;39m &amp#27;[32mDEBUG&amp#27;[0;39m &amp#27;[35m28291&amp#27;[0;39m &amp#27;[2m---&amp#27;[0;39m &amp#27;[2m[           main]&amp#27;[0;39m &amp#27;[36morg.hibernate.SQL                       &amp#27;[0;39m &amp#27;[2m:&amp#27;[0;39m 
    insert 
    into
        races
        (category,country,created_at,description,distance_km,elevation_gain_m,entry_fee,location,max_participants,name,prize_money,race_date,race_type,registration_deadline,registration_open,start_time,status,temperature_celsius,updated_at,version,weather_forecast,id) 
    values
        (?,?,?,?,?,?,?,?,?,?,?,?,?,?,?,?,?,?,?,?,?,default)
Hibernate: 
    insert 
    into
        races
        (category,country,created_at,description,distance_km,elevation_gain_m,entry_fee,location,max_participants,name,prize_money,race_date,race_type,registration_deadline,registration_open,start_time,status,temperature_celsius,updated_at,version,weather_forecast,id) 
    values
        (?,?,?,?,?,?,?,?,?,?,?,?,?,?,?,?,?,?,?,?,?,default)
&amp#27;[2m2025-08-15T11:37:15.293-07:00&amp#27;[0;39m &amp#27;[32mDEBUG&amp#27;[0;39m &amp#27;[35m28291&amp#27;[0;39m &amp#27;[2m---&amp#27;[0;39m &amp#27;[2m[           main]&amp#27;[0;39m &amp#27;[36morg.hibernate.SQL                       &amp#27;[0;39m &amp#27;[2m:&amp#27;[0;39m 
    select
        r1_0.id,
        r1_0.category,
        r1_0.country,
        r1_0.created_at,
        r1_0.description,
        r1_0.distance_km,
        r1_0.elevation_gain_m,
        r1_0.entry_fee,
        r1_0.location,
        r1_0.max_participants,
        r1_0.name,
        r1_0.prize_money,
        r1_0.race_date,
        r1_0.race_type,
        r1_0.registration_deadline,
        r1_0.registration_open,
        r1_0.start_time,
        r1_0.status,
        r1_0.temperature_celsius,
        r1_0.updated_at,
        r1_0.version,
        r1_0.weather_forecast 
    from
        races r1_0 
    where
        r1_0.category=?
Hibernate: 
    select
        r1_0.id,
        r1_0.category,
        r1_0.country,
        r1_0.created_at,
        r1_0.description,
        r1_0.distance_km,
        r1_0.elevation_gain_m,
        r1_0.entry_fee,
        r1_0.location,
        r1_0.max_participants,
        r1_0.name,
        r1_0.prize_money,
        r1_0.race_date,
        r1_0.race_type,
        r1_0.registration_deadline,
        r1_0.registration_open,
        r1_0.start_time,
        r1_0.status,
        r1_0.temperature_celsius,
        r1_0.updated_at,
        r1_0.version,
        r1_0.weather_forecast 
    from
        races r1_0 
    where
        r1_0.category=?
]]></system-out>
  </testcase>
  <testcase name="shouldFindRacesByCountry" classname="com.pelotoniq.cycling.repository.RaceRepositoryTest" time="0.004">
    <system-out><![CDATA[&amp#27;[2m2025-08-15T11:37:15.296-07:00&amp#27;[0;39m &amp#27;[32mDEBUG&amp#27;[0;39m &amp#27;[35m28291&amp#27;[0;39m &amp#27;[2m---&amp#27;[0;39m &amp#27;[2m[           main]&amp#27;[0;39m &amp#27;[36morg.hibernate.SQL                       &amp#27;[0;39m &amp#27;[2m:&amp#27;[0;39m 
    insert 
    into
        races
        (category,country,created_at,description,distance_km,elevation_gain_m,entry_fee,location,max_participants,name,prize_money,race_date,race_type,registration_deadline,registration_open,start_time,status,temperature_celsius,updated_at,version,weather_forecast,id) 
    values
        (?,?,?,?,?,?,?,?,?,?,?,?,?,?,?,?,?,?,?,?,?,default)
Hibernate: 
    insert 
    into
        races
        (category,country,created_at,description,distance_km,elevation_gain_m,entry_fee,location,max_participants,name,prize_money,race_date,race_type,registration_deadline,registration_open,start_time,status,temperature_celsius,updated_at,version,weather_forecast,id) 
    values
        (?,?,?,?,?,?,?,?,?,?,?,?,?,?,?,?,?,?,?,?,?,default)
&amp#27;[2m2025-08-15T11:37:15.296-07:00&amp#27;[0;39m &amp#27;[32mDEBUG&amp#27;[0;39m &amp#27;[35m28291&amp#27;[0;39m &amp#27;[2m---&amp#27;[0;39m &amp#27;[2m[           main]&amp#27;[0;39m &amp#27;[36morg.hibernate.SQL                       &amp#27;[0;39m &amp#27;[2m:&amp#27;[0;39m 
    insert 
    into
        races
        (category,country,created_at,description,distance_km,elevation_gain_m,entry_fee,location,max_participants,name,prize_money,race_date,race_type,registration_deadline,registration_open,start_time,status,temperature_celsius,updated_at,version,weather_forecast,id) 
    values
        (?,?,?,?,?,?,?,?,?,?,?,?,?,?,?,?,?,?,?,?,?,default)
Hibernate: 
    insert 
    into
        races
        (category,country,created_at,description,distance_km,elevation_gain_m,entry_fee,location,max_participants,name,prize_money,race_date,race_type,registration_deadline,registration_open,start_time,status,temperature_celsius,updated_at,version,weather_forecast,id) 
    values
        (?,?,?,?,?,?,?,?,?,?,?,?,?,?,?,?,?,?,?,?,?,default)
&amp#27;[2m2025-08-15T11:37:15.297-07:00&amp#27;[0;39m &amp#27;[32mDEBUG&amp#27;[0;39m &amp#27;[35m28291&amp#27;[0;39m &amp#27;[2m---&amp#27;[0;39m &amp#27;[2m[           main]&amp#27;[0;39m &amp#27;[36morg.hibernate.SQL                       &amp#27;[0;39m &amp#27;[2m:&amp#27;[0;39m 
    insert 
    into
        races
        (category,country,created_at,description,distance_km,elevation_gain_m,entry_fee,location,max_participants,name,prize_money,race_date,race_type,registration_deadline,registration_open,start_time,status,temperature_celsius,updated_at,version,weather_forecast,id) 
    values
        (?,?,?,?,?,?,?,?,?,?,?,?,?,?,?,?,?,?,?,?,?,default)
Hibernate: 
    insert 
    into
        races
        (category,country,created_at,description,distance_km,elevation_gain_m,entry_fee,location,max_participants,name,prize_money,race_date,race_type,registration_deadline,registration_open,start_time,status,temperature_celsius,updated_at,version,weather_forecast,id) 
    values
        (?,?,?,?,?,?,?,?,?,?,?,?,?,?,?,?,?,?,?,?,?,default)
&amp#27;[2m2025-08-15T11:37:15.297-07:00&amp#27;[0;39m &amp#27;[32mDEBUG&amp#27;[0;39m &amp#27;[35m28291&amp#27;[0;39m &amp#27;[2m---&amp#27;[0;39m &amp#27;[2m[           main]&amp#27;[0;39m &amp#27;[36morg.hibernate.SQL                       &amp#27;[0;39m &amp#27;[2m:&amp#27;[0;39m 
    insert 
    into
        races
        (category,country,created_at,description,distance_km,elevation_gain_m,entry_fee,location,max_participants,name,prize_money,race_date,race_type,registration_deadline,registration_open,start_time,status,temperature_celsius,updated_at,version,weather_forecast,id) 
    values
        (?,?,?,?,?,?,?,?,?,?,?,?,?,?,?,?,?,?,?,?,?,default)
Hibernate: 
    insert 
    into
        races
        (category,country,created_at,description,distance_km,elevation_gain_m,entry_fee,location,max_participants,name,prize_money,race_date,race_type,registration_deadline,registration_open,start_time,status,temperature_celsius,updated_at,version,weather_forecast,id) 
    values
        (?,?,?,?,?,?,?,?,?,?,?,?,?,?,?,?,?,?,?,?,?,default)
&amp#27;[2m2025-08-15T11:37:15.298-07:00&amp#27;[0;39m &amp#27;[32mDEBUG&amp#27;[0;39m &amp#27;[35m28291&amp#27;[0;39m &amp#27;[2m---&amp#27;[0;39m &amp#27;[2m[           main]&amp#27;[0;39m &amp#27;[36morg.hibernate.SQL                       &amp#27;[0;39m &amp#27;[2m:&amp#27;[0;39m 
    select
        r1_0.id,
        r1_0.category,
        r1_0.country,
        r1_0.created_at,
        r1_0.description,
        r1_0.distance_km,
        r1_0.elevation_gain_m,
        r1_0.entry_fee,
        r1_0.location,
        r1_0.max_participants,
        r1_0.name,
        r1_0.prize_money,
        r1_0.race_date,
        r1_0.race_type,
        r1_0.registration_deadline,
        r1_0.registration_open,
        r1_0.start_time,
        r1_0.status,
        r1_0.temperature_celsius,
        r1_0.updated_at,
        r1_0.version,
        r1_0.weather_forecast 
    from
        races r1_0 
    where
        r1_0.country=?
Hibernate: 
    select
        r1_0.id,
        r1_0.category,
        r1_0.country,
        r1_0.created_at,
        r1_0.description,
        r1_0.distance_km,
        r1_0.elevation_gain_m,
        r1_0.entry_fee,
        r1_0.location,
        r1_0.max_participants,
        r1_0.name,
        r1_0.prize_money,
        r1_0.race_date,
        r1_0.race_type,
        r1_0.registration_deadline,
        r1_0.registration_open,
        r1_0.start_time,
        r1_0.status,
        r1_0.temperature_celsius,
        r1_0.updated_at,
        r1_0.version,
        r1_0.weather_forecast 
    from
        races r1_0 
    where
        r1_0.country=?
]]></system-out>
  </testcase>
  <testcase name="shouldFindPastRaces" classname="com.pelotoniq.cycling.repository.RaceRepositoryTest" time="0.006">
    <system-out><![CDATA[&amp#27;[2m2025-08-15T11:37:15.301-07:00&amp#27;[0;39m &amp#27;[32mDEBUG&amp#27;[0;39m &amp#27;[35m28291&amp#27;[0;39m &amp#27;[2m---&amp#27;[0;39m &amp#27;[2m[           main]&amp#27;[0;39m &amp#27;[36morg.hibernate.SQL                       &amp#27;[0;39m &amp#27;[2m:&amp#27;[0;39m 
    insert 
    into
        races
        (category,country,created_at,description,distance_km,elevation_gain_m,entry_fee,location,max_participants,name,prize_money,race_date,race_type,registration_deadline,registration_open,start_time,status,temperature_celsius,updated_at,version,weather_forecast,id) 
    values
        (?,?,?,?,?,?,?,?,?,?,?,?,?,?,?,?,?,?,?,?,?,default)
Hibernate: 
    insert 
    into
        races
        (category,country,created_at,description,distance_km,elevation_gain_m,entry_fee,location,max_participants,name,prize_money,race_date,race_type,registration_deadline,registration_open,start_time,status,temperature_celsius,updated_at,version,weather_forecast,id) 
    values
        (?,?,?,?,?,?,?,?,?,?,?,?,?,?,?,?,?,?,?,?,?,default)
&amp#27;[2m2025-08-15T11:37:15.302-07:00&amp#27;[0;39m &amp#27;[32mDEBUG&amp#27;[0;39m &amp#27;[35m28291&amp#27;[0;39m &amp#27;[2m---&amp#27;[0;39m &amp#27;[2m[           main]&amp#27;[0;39m &amp#27;[36morg.hibernate.SQL                       &amp#27;[0;39m &amp#27;[2m:&amp#27;[0;39m 
    insert 
    into
        races
        (category,country,created_at,description,distance_km,elevation_gain_m,entry_fee,location,max_participants,name,prize_money,race_date,race_type,registration_deadline,registration_open,start_time,status,temperature_celsius,updated_at,version,weather_forecast,id) 
    values
        (?,?,?,?,?,?,?,?,?,?,?,?,?,?,?,?,?,?,?,?,?,default)
Hibernate: 
    insert 
    into
        races
        (category,country,created_at,description,distance_km,elevation_gain_m,entry_fee,location,max_participants,name,prize_money,race_date,race_type,registration_deadline,registration_open,start_time,status,temperature_celsius,updated_at,version,weather_forecast,id) 
    values
        (?,?,?,?,?,?,?,?,?,?,?,?,?,?,?,?,?,?,?,?,?,default)
&amp#27;[2m2025-08-15T11:37:15.302-07:00&amp#27;[0;39m &amp#27;[32mDEBUG&amp#27;[0;39m &amp#27;[35m28291&amp#27;[0;39m &amp#27;[2m---&amp#27;[0;39m &amp#27;[2m[           main]&amp#27;[0;39m &amp#27;[36morg.hibernate.SQL                       &amp#27;[0;39m &amp#27;[2m:&amp#27;[0;39m 
    insert 
    into
        races
        (category,country,created_at,description,distance_km,elevation_gain_m,entry_fee,location,max_participants,name,prize_money,race_date,race_type,registration_deadline,registration_open,start_time,status,temperature_celsius,updated_at,version,weather_forecast,id) 
    values
        (?,?,?,?,?,?,?,?,?,?,?,?,?,?,?,?,?,?,?,?,?,default)
Hibernate: 
    insert 
    into
        races
        (category,country,created_at,description,distance_km,elevation_gain_m,entry_fee,location,max_participants,name,prize_money,race_date,race_type,registration_deadline,registration_open,start_time,status,temperature_celsius,updated_at,version,weather_forecast,id) 
    values
        (?,?,?,?,?,?,?,?,?,?,?,?,?,?,?,?,?,?,?,?,?,default)
&amp#27;[2m2025-08-15T11:37:15.302-07:00&amp#27;[0;39m &amp#27;[32mDEBUG&amp#27;[0;39m &amp#27;[35m28291&amp#27;[0;39m &amp#27;[2m---&amp#27;[0;39m &amp#27;[2m[           main]&amp#27;[0;39m &amp#27;[36morg.hibernate.SQL                       &amp#27;[0;39m &amp#27;[2m:&amp#27;[0;39m 
    insert 
    into
        races
        (category,country,created_at,description,distance_km,elevation_gain_m,entry_fee,location,max_participants,name,prize_money,race_date,race_type,registration_deadline,registration_open,start_time,status,temperature_celsius,updated_at,version,weather_forecast,id) 
    values
        (?,?,?,?,?,?,?,?,?,?,?,?,?,?,?,?,?,?,?,?,?,default)
Hibernate: 
    insert 
    into
        races
        (category,country,created_at,description,distance_km,elevation_gain_m,entry_fee,location,max_participants,name,prize_money,race_date,race_type,registration_deadline,registration_open,start_time,status,temperature_celsius,updated_at,version,weather_forecast,id) 
    values
        (?,?,?,?,?,?,?,?,?,?,?,?,?,?,?,?,?,?,?,?,?,default)
&amp#27;[2m2025-08-15T11:37:15.304-07:00&amp#27;[0;39m &amp#27;[32mDEBUG&amp#27;[0;39m &amp#27;[35m28291&amp#27;[0;39m &amp#27;[2m---&amp#27;[0;39m &amp#27;[2m[           main]&amp#27;[0;39m &amp#27;[36morg.hibernate.SQL                       &amp#27;[0;39m &amp#27;[2m:&amp#27;[0;39m 
    select
        r1_0.id,
        r1_0.category,
        r1_0.country,
        r1_0.created_at,
        r1_0.description,
        r1_0.distance_km,
        r1_0.elevation_gain_m,
        r1_0.entry_fee,
        r1_0.location,
        r1_0.max_participants,
        r1_0.name,
        r1_0.prize_money,
        r1_0.race_date,
        r1_0.race_type,
        r1_0.registration_deadline,
        r1_0.registration_open,
        r1_0.start_time,
        r1_0.status,
        r1_0.temperature_celsius,
        r1_0.updated_at,
        r1_0.version,
        r1_0.weather_forecast 
    from
        races r1_0 
    where
        r1_0.race_date<?
Hibernate: 
    select
        r1_0.id,
        r1_0.category,
        r1_0.country,
        r1_0.created_at,
        r1_0.description,
        r1_0.distance_km,
        r1_0.elevation_gain_m,
        r1_0.entry_fee,
        r1_0.location,
        r1_0.max_participants,
        r1_0.name,
        r1_0.prize_money,
        r1_0.race_date,
        r1_0.race_type,
        r1_0.registration_deadline,
        r1_0.registration_open,
        r1_0.start_time,
        r1_0.status,
        r1_0.temperature_celsius,
        r1_0.updated_at,
        r1_0.version,
        r1_0.weather_forecast 
    from
        races r1_0 
    where
        r1_0.race_date<?
]]></system-out>
  </testcase>
</testsuite>